usage: conda [-h] [--no-plugins] [-V] COMMAND ...
conda: error: argument COMMAND: invalid choice: 'activate' (choose from 'clean', 'compare', 'config', 'create', 'info', 'init', 'install', 'list', 'notices', 'package', 'remove', 'uninstall', 'rename', 'run', 'search', 'update', 'upgrade', 'build', 'convert', 'debug', 'develop', 'doctor', 'index', 'inspect', 'metapackage', 'render', 'skeleton', 'verify', 'server', 'repo', 'env', 'pack', 'content-trust', 'token')
WARNING: Logging before InitGoogleLogging() is written to STDERR
I0928 06:06:12.497225 802249 ManagedContainerBase.cpp:19] ManagedContainerBase::convertFilenameToJSON : Filename : default changed to proposed JSON configuration filename : default.scene_dataset_config.json
I0928 06:06:12.497797 802249 AttributesManagerBase.h:283] AttributesManager<T>::createFromJsonOrDefaultInternal  (Dataset) : Proposing JSON name : default.scene_dataset_config.json from original name : default | This file  does not exist.
I0928 06:06:12.497963 802249 AssetAttributesManager.cpp:117] Asset attributes (capsule3DSolid : capsule3DSolid_hemiRings_4_cylRings_1_segments_12_halfLen_0.75_useTexCoords_false_useTangents_false) created and registered.
I0928 06:06:12.498077 802249 AssetAttributesManager.cpp:117] Asset attributes (capsule3DWireframe : capsule3DWireframe_hemiRings_8_cylRings_1_segments_16_halfLen_1) created and registered.
I0928 06:06:12.498190 802249 AssetAttributesManager.cpp:117] Asset attributes (coneSolid : coneSolid_segments_12_halfLen_1.25_rings_1_useTexCoords_false_useTangents_false_capEnd_true) created and registered.
I0928 06:06:12.498261 802249 AssetAttributesManager.cpp:117] Asset attributes (coneWireframe : coneWireframe_segments_32_halfLen_1.25) created and registered.
I0928 06:06:12.498296 802249 AssetAttributesManager.cpp:117] Asset attributes (cubeSolid : cubeSolid) created and registered.
I0928 06:06:12.498323 802249 AssetAttributesManager.cpp:117] Asset attributes (cubeWireframe : cubeWireframe) created and registered.
I0928 06:06:12.498416 802249 AssetAttributesManager.cpp:117] Asset attributes (cylinderSolid : cylinderSolid_rings_1_segments_12_halfLen_1_useTexCoords_false_useTangents_false_capEnds_true) created and registered.
I0928 06:06:12.498502 802249 AssetAttributesManager.cpp:117] Asset attributes (cylinderWireframe : cylinderWireframe_rings_1_segments_32_halfLen_1) created and registered.
I0928 06:06:12.498543 802249 AssetAttributesManager.cpp:117] Asset attributes (icosphereSolid : icosphereSolid_subdivs_1) created and registered.
I0928 06:06:12.498581 802249 AssetAttributesManager.cpp:117] Asset attributes (icosphereWireframe : icosphereWireframe_subdivs_1) created and registered.
I0928 06:06:12.498636 802249 AssetAttributesManager.cpp:117] Asset attributes (uvSphereSolid : uvSphereSolid_rings_8_segments_16_useTexCoords_false_useTangents_false) created and registered.
I0928 06:06:12.498703 802249 AssetAttributesManager.cpp:117] Asset attributes (uvSphereWireframe : uvSphereWireframe_rings_16_segments_32) created and registered.
I0928 06:06:12.498723 802249 AssetAttributesManager.cpp:105] AssetAttributesManager::buildCtorFuncPtrMaps : Built default primitive asset templates : 12
I0928 06:06:12.500639 802249 SceneDatasetAttributesManager.cpp:23] File (default) not found, so new default dataset attributes created and registered.
I0928 06:06:12.500654 802249 MetadataMediator.cpp:47] MetadataMediator::createDataset : Dataset default successfully created.
I0928 06:06:12.512676 802249 AttributesManagerBase.h:283] AttributesManager<T>::createFromJsonOrDefaultInternal  (Physics Manager) : Proposing JSON name : ./data/default.physics_config.json from original name : ./data/default.physics_config.json | This file  does not exist.
I0928 06:06:12.512713 802249 PhysicsAttributesManager.cpp:27] File (./data/default.physics_config.json) not found, so new default physics manager attributes created and registered.
I0928 06:06:12.512722 802249 AbstractObjectAttributesManagerBase.h:175] AbstractObjectAttributesManager<T>::createObject  (Stage) : Making attributes with handle : NONE
I0928 06:06:12.512738 802249 ManagedContainerBase.cpp:19] ManagedContainerBase::convertFilenameToJSON : Filename : NONE changed to proposed JSON configuration filename : NONE.stage_config.json
I0928 06:06:12.512746 802249 AttributesManagerBase.h:283] AttributesManager<T>::createFromJsonOrDefaultInternal  (Stage) : Proposing JSON name : NONE.stage_config.json from original name : NONE | This file  does not exist.
I0928 06:06:12.512888 802249 AbstractObjectAttributesManagerBase.h:181] AbstractObjectAttributesManager<T>::createObject  (Stage) : Done making attributes with handle : NONE
I0928 06:06:12.512895 802249 AbstractObjectAttributesManagerBase.h:188] File (NONE) not found, so new default Stage attributes created and registered.
W0928 06:06:12.512913 802249 Simulator.cpp:160] Navmesh file not found, checked at 
I0928 06:06:12.512943 802249 SceneGraph.h:93] Created DrawableGroup: 
Renderer: NVIDIA GeForce RTX 2080 Ti/PCIe/SSE2 by NVIDIA Corporation
OpenGL version: 4.6.0 NVIDIA 525.60.13
Using optional features:
    GL_ARB_ES2_compatibility
    GL_ARB_direct_state_access
    GL_ARB_get_texture_sub_image
    GL_ARB_invalidate_subdata
    GL_ARB_multi_bind
    GL_ARB_robustness
    GL_ARB_separate_shader_objects
    GL_ARB_texture_filter_anisotropic
    GL_ARB_texture_storage
    GL_ARB_texture_storage_multisample
    GL_ARB_vertex_array_object
    GL_KHR_debug
Using driver workarounds:
    no-forward-compatible-core-context
    nv-egl-incorrect-gl11-function-pointers
    no-layout-qualifiers-on-old-glsl
    nv-zero-context-profile-mask
    nv-implementation-color-read-format-dsa-broken
    nv-cubemap-inconsistent-compressed-image-size
    nv-cubemap-broken-full-compressed-image-query
    nv-compressed-block-size-in-bits
W0928 06:06:12.670548 802249 ResourceManager.cpp:228] ResourceManager::loadStage : Not loading semantic mesh - File Name : NONE_semantic.ply does not exist.
I0928 06:06:12.670567 802249 ResourceManager.cpp:262] ResourceManager::loadStage : start load render asset NONE.
I0928 06:06:12.670572 802249 ResourceManager.cpp:569] ResourceManager::loadStageInternal : Attempting to load stage NONE 
I0928 06:06:12.670576 802249 ResourceManager.cpp:607] ResourceManager::loadStageInternal : Loading empty scene for NONE
W0928 06:06:12.670873 802249 simulator.py:215] Could not find navmesh NONE.navmesh, no collision checking will be done
I0928 06:06:21.290937 802249 MetadataMediator.cpp:56] MetadataMediator::setActiveSceneDatasetName : Old active dataset default changed to default successfully.
I0928 06:06:21.291002 802249 AttributesManagerBase.h:283] AttributesManager<T>::createFromJsonOrDefaultInternal  (Physics Manager) : Proposing JSON name : ./data/default.physics_config.json from original name : ./data/default.physics_config.json | This file  does not exist.
I0928 06:06:21.291079 802249 PhysicsAttributesManager.cpp:27] File (./data/default.physics_config.json) not found, so new default physics manager attributes created and registered.
I0928 06:06:21.291095 802249 AbstractObjectAttributesManagerBase.h:175] AbstractObjectAttributesManager<T>::createObject  (Stage) : Making attributes with handle : /home/zuoxy/ceph_old/data/mp3d/SN83YJsR3w2/SN83YJsR3w2.glb
I0928 06:06:21.291110 802249 ManagedContainerBase.cpp:19] ManagedContainerBase::convertFilenameToJSON : Filename : /home/zuoxy/ceph_old/data/mp3d/SN83YJsR3w2/SN83YJsR3w2.glb changed to proposed JSON configuration filename : /home/zuoxy/ceph_old/data/mp3d/SN83YJsR3w2/SN83YJsR3w2.stage_config.json
I0928 06:06:21.291127 802249 AttributesManagerBase.h:283] AttributesManager<T>::createFromJsonOrDefaultInternal  (Stage) : Proposing JSON name : /home/zuoxy/ceph_old/data/mp3d/SN83YJsR3w2/SN83YJsR3w2.stage_config.json from original name : /home/zuoxy/ceph_old/data/mp3d/SN83YJsR3w2/SN83YJsR3w2.glb | This file  does not exist.
I0928 06:06:21.291361 802249 AbstractObjectAttributesManagerBase.h:181] AbstractObjectAttributesManager<T>::createObject  (Stage) : Done making attributes with handle : /home/zuoxy/ceph_old/data/mp3d/SN83YJsR3w2/SN83YJsR3w2.glb
I0928 06:06:21.291371 802249 AbstractObjectAttributesManagerBase.h:188] File (/home/zuoxy/ceph_old/data/mp3d/SN83YJsR3w2/SN83YJsR3w2.glb) exists but is not a recognized config filename extension, so new default Stage attributes created and registered.
I0928 06:06:21.291409 802249 Simulator.cpp:156] Loading navmesh from /home/zuoxy/ceph_old/data/mp3d/SN83YJsR3w2/SN83YJsR3w2.navmesh
I0928 06:06:21.296372 802249 Simulator.cpp:158] Loaded.
I0928 06:06:21.296415 802249 SceneGraph.h:93] Created DrawableGroup: 
I0928 06:06:21.296437 802249 PhysicsManager.cpp:33] Deconstructing PhysicsManager
I0928 06:06:21.296607 802249 ResourceManager.cpp:193] ResourceManager::loadStage : Loading Semantic Stage mesh : /home/zuoxy/ceph_old/data/mp3d/SN83YJsR3w2/SN83YJsR3w2_semantic.ply
I0928 06:06:21.296622 802249 SceneGraph.h:93] Created DrawableGroup: 
I0928 06:06:21.296631 802249 ResourceManager.cpp:569] ResourceManager::loadStageInternal : Attempting to load stage /home/zuoxy/ceph_old/data/mp3d/SN83YJsR3w2/SN83YJsR3w2_semantic.ply 
I0928 06:06:38.971910 802249 ResourceManager.cpp:224] ResourceManager::loadStage : Semantic Stage mesh : /home/zuoxy/ceph_old/data/mp3d/SN83YJsR3w2/SN83YJsR3w2_semantic.ply loaded.
I0928 06:06:38.972373 802249 ResourceManager.cpp:262] ResourceManager::loadStage : start load render asset /home/zuoxy/ceph_old/data/mp3d/SN83YJsR3w2/SN83YJsR3w2.glb.
I0928 06:06:38.972378 802249 ResourceManager.cpp:569] ResourceManager::loadStageInternal : Attempting to load stage /home/zuoxy/ceph_old/data/mp3d/SN83YJsR3w2/SN83YJsR3w2.glb 
I0928 06:06:38.972405 802249 ResourceManager.cpp:1119] Importing Basis files as BC7 for SN83YJsR3w2.glb
I0928 06:06:49.974102 802249 SemanticScene.h:41] Deconstructing SemanticScene
I0928 06:06:50.124566 802249 simulator.py:213] Loaded navmesh /home/zuoxy/ceph_old/data/mp3d/SN83YJsR3w2/SN83YJsR3w2.navmesh
I0928 06:07:02.466163 802249 MetadataMediator.cpp:56] MetadataMediator::setActiveSceneDatasetName : Old active dataset default changed to default successfully.
I0928 06:07:02.466226 802249 AttributesManagerBase.h:283] AttributesManager<T>::createFromJsonOrDefaultInternal  (Physics Manager) : Proposing JSON name : ./data/default.physics_config.json from original name : ./data/default.physics_config.json | This file  does not exist.
I0928 06:07:02.466302 802249 PhysicsAttributesManager.cpp:27] File (./data/default.physics_config.json) not found, so new default physics manager attributes created and registered.
I0928 06:07:02.466318 802249 AbstractObjectAttributesManagerBase.h:175] AbstractObjectAttributesManager<T>::createObject  (Stage) : Making attributes with handle : /home/zuoxy/ceph_old/data/mp3d/kEZ7cmS4wCh/kEZ7cmS4wCh.glb
I0928 06:07:02.466334 802249 ManagedContainerBase.cpp:19] ManagedContainerBase::convertFilenameToJSON : Filename : /home/zuoxy/ceph_old/data/mp3d/kEZ7cmS4wCh/kEZ7cmS4wCh.glb changed to proposed JSON configuration filename : /home/zuoxy/ceph_old/data/mp3d/kEZ7cmS4wCh/kEZ7cmS4wCh.stage_config.json
I0928 06:07:02.466353 802249 AttributesManagerBase.h:283] AttributesManager<T>::createFromJsonOrDefaultInternal  (Stage) : Proposing JSON name : /home/zuoxy/ceph_old/data/mp3d/kEZ7cmS4wCh/kEZ7cmS4wCh.stage_config.json from original name : /home/zuoxy/ceph_old/data/mp3d/kEZ7cmS4wCh/kEZ7cmS4wCh.glb | This file  does not exist.
I0928 06:07:02.466593 802249 AbstractObjectAttributesManagerBase.h:181] AbstractObjectAttributesManager<T>::createObject  (Stage) : Done making attributes with handle : /home/zuoxy/ceph_old/data/mp3d/kEZ7cmS4wCh/kEZ7cmS4wCh.glb
I0928 06:07:02.466603 802249 AbstractObjectAttributesManagerBase.h:188] File (/home/zuoxy/ceph_old/data/mp3d/kEZ7cmS4wCh/kEZ7cmS4wCh.glb) exists but is not a recognized config filename extension, so new default Stage attributes created and registered.
I0928 06:07:02.467077 802249 Simulator.cpp:156] Loading navmesh from /home/zuoxy/ceph_old/data/mp3d/kEZ7cmS4wCh/kEZ7cmS4wCh.navmesh
I0928 06:07:02.473518 802249 Simulator.cpp:158] Loaded.
I0928 06:07:02.473534 802249 SceneGraph.h:93] Created DrawableGroup: 
I0928 06:07:02.473541 802249 PhysicsManager.cpp:33] Deconstructing PhysicsManager
I0928 06:07:02.473635 802249 ResourceManager.cpp:193] ResourceManager::loadStage : Loading Semantic Stage mesh : /home/zuoxy/ceph_old/data/mp3d/kEZ7cmS4wCh/kEZ7cmS4wCh_semantic.ply
I0928 06:07:02.473639 802249 SceneGraph.h:93] Created DrawableGroup: 
I0928 06:07:02.473641 802249 ResourceManager.cpp:569] ResourceManager::loadStageInternal : Attempting to load stage /home/zuoxy/ceph_old/data/mp3d/kEZ7cmS4wCh/kEZ7cmS4wCh_semantic.ply 
I0928 06:07:11.842389 802249 ResourceManager.cpp:224] ResourceManager::loadStage : Semantic Stage mesh : /home/zuoxy/ceph_old/data/mp3d/kEZ7cmS4wCh/kEZ7cmS4wCh_semantic.ply loaded.
I0928 06:07:11.842417 802249 ResourceManager.cpp:262] ResourceManager::loadStage : start load render asset /home/zuoxy/ceph_old/data/mp3d/kEZ7cmS4wCh/kEZ7cmS4wCh.glb.
I0928 06:07:11.842419 802249 ResourceManager.cpp:569] ResourceManager::loadStageInternal : Attempting to load stage /home/zuoxy/ceph_old/data/mp3d/kEZ7cmS4wCh/kEZ7cmS4wCh.glb 
I0928 06:07:11.842453 802249 ResourceManager.cpp:1119] Importing Basis files as BC7 for kEZ7cmS4wCh.glb
I0928 06:07:17.193951 802249 SemanticScene.h:41] Deconstructing SemanticScene
I0928 06:07:17.309144 802249 simulator.py:213] Loaded navmesh /home/zuoxy/ceph_old/data/mp3d/kEZ7cmS4wCh/kEZ7cmS4wCh.navmesh
I0928 06:07:44.119398 802249 MetadataMediator.cpp:56] MetadataMediator::setActiveSceneDatasetName : Old active dataset default changed to default successfully.
I0928 06:07:44.119799 802249 AttributesManagerBase.h:283] AttributesManager<T>::createFromJsonOrDefaultInternal  (Physics Manager) : Proposing JSON name : ./data/default.physics_config.json from original name : ./data/default.physics_config.json | This file  does not exist.
I0928 06:07:44.119856 802249 PhysicsAttributesManager.cpp:27] File (./data/default.physics_config.json) not found, so new default physics manager attributes created and registered.
I0928 06:07:44.119866 802249 AbstractObjectAttributesManagerBase.h:175] AbstractObjectAttributesManager<T>::createObject  (Stage) : Making attributes with handle : /home/zuoxy/ceph_old/data/mp3d/7y3sRwLe3Va/7y3sRwLe3Va.glb
I0928 06:07:44.119876 802249 ManagedContainerBase.cpp:19] ManagedContainerBase::convertFilenameToJSON : Filename : /home/zuoxy/ceph_old/data/mp3d/7y3sRwLe3Va/7y3sRwLe3Va.glb changed to proposed JSON configuration filename : /home/zuoxy/ceph_old/data/mp3d/7y3sRwLe3Va/7y3sRwLe3Va.stage_config.json
I0928 06:07:44.119889 802249 AttributesManagerBase.h:283] AttributesManager<T>::createFromJsonOrDefaultInternal  (Stage) : Proposing JSON name : /home/zuoxy/ceph_old/data/mp3d/7y3sRwLe3Va/7y3sRwLe3Va.stage_config.json from original name : /home/zuoxy/ceph_old/data/mp3d/7y3sRwLe3Va/7y3sRwLe3Va.glb | This file  does not exist.
I0928 06:07:44.120031 802249 AbstractObjectAttributesManagerBase.h:181] AbstractObjectAttributesManager<T>::createObject  (Stage) : Done making attributes with handle : /home/zuoxy/ceph_old/data/mp3d/7y3sRwLe3Va/7y3sRwLe3Va.glb
I0928 06:07:44.120038 802249 AbstractObjectAttributesManagerBase.h:188] File (/home/zuoxy/ceph_old/data/mp3d/7y3sRwLe3Va/7y3sRwLe3Va.glb) exists but is not a recognized config filename extension, so new default Stage attributes created and registered.
I0928 06:07:44.120472 802249 Simulator.cpp:156] Loading navmesh from /home/zuoxy/ceph_old/data/mp3d/7y3sRwLe3Va/7y3sRwLe3Va.navmesh
I0928 06:07:44.123075 802249 Simulator.cpp:158] Loaded.
I0928 06:07:44.123090 802249 SceneGraph.h:93] Created DrawableGroup: 
I0928 06:07:44.123096 802249 PhysicsManager.cpp:33] Deconstructing PhysicsManager
I0928 06:07:44.123194 802249 ResourceManager.cpp:193] ResourceManager::loadStage : Loading Semantic Stage mesh : /home/zuoxy/ceph_old/data/mp3d/7y3sRwLe3Va/7y3sRwLe3Va_semantic.ply
I0928 06:07:44.123198 802249 SceneGraph.h:93] Created DrawableGroup: 
I0928 06:07:44.123200 802249 ResourceManager.cpp:569] ResourceManager::loadStageInternal : Attempting to load stage /home/zuoxy/ceph_old/data/mp3d/7y3sRwLe3Va/7y3sRwLe3Va_semantic.ply 
I0928 06:07:54.259240 802249 ResourceManager.cpp:224] ResourceManager::loadStage : Semantic Stage mesh : /home/zuoxy/ceph_old/data/mp3d/7y3sRwLe3Va/7y3sRwLe3Va_semantic.ply loaded.
I0928 06:07:54.259268 802249 ResourceManager.cpp:262] ResourceManager::loadStage : start load render asset /home/zuoxy/ceph_old/data/mp3d/7y3sRwLe3Va/7y3sRwLe3Va.glb.
I0928 06:07:54.259271 802249 ResourceManager.cpp:569] ResourceManager::loadStageInternal : Attempting to load stage /home/zuoxy/ceph_old/data/mp3d/7y3sRwLe3Va/7y3sRwLe3Va.glb 
I0928 06:07:54.259305 802249 ResourceManager.cpp:1119] Importing Basis files as BC7 for 7y3sRwLe3Va.glb
I0928 06:07:59.055392 802249 SemanticScene.h:41] Deconstructing SemanticScene
I0928 06:07:59.161930 802249 simulator.py:213] Loaded navmesh /home/zuoxy/ceph_old/data/mp3d/7y3sRwLe3Va/7y3sRwLe3Va.navmesh
I0928 06:08:14.308389 802249 MetadataMediator.cpp:56] MetadataMediator::setActiveSceneDatasetName : Old active dataset default changed to default successfully.
I0928 06:08:14.308450 802249 AttributesManagerBase.h:283] AttributesManager<T>::createFromJsonOrDefaultInternal  (Physics Manager) : Proposing JSON name : ./data/default.physics_config.json from original name : ./data/default.physics_config.json | This file  does not exist.
I0928 06:08:14.308533 802249 PhysicsAttributesManager.cpp:27] File (./data/default.physics_config.json) not found, so new default physics manager attributes created and registered.
I0928 06:08:14.308542 802249 AbstractObjectAttributesManagerBase.h:175] AbstractObjectAttributesManager<T>::createObject  (Stage) : Making attributes with handle : /home/zuoxy/ceph_old/data/mp3d/S9hNv5qa7GM/S9hNv5qa7GM.glb
I0928 06:08:14.308549 802249 ManagedContainerBase.cpp:19] ManagedContainerBase::convertFilenameToJSON : Filename : /home/zuoxy/ceph_old/data/mp3d/S9hNv5qa7GM/S9hNv5qa7GM.glb changed to proposed JSON configuration filename : /home/zuoxy/ceph_old/data/mp3d/S9hNv5qa7GM/S9hNv5qa7GM.stage_config.json
I0928 06:08:14.308558 802249 AttributesManagerBase.h:283] AttributesManager<T>::createFromJsonOrDefaultInternal  (Stage) : Proposing JSON name : /home/zuoxy/ceph_old/data/mp3d/S9hNv5qa7GM/S9hNv5qa7GM.stage_config.json from original name : /home/zuoxy/ceph_old/data/mp3d/S9hNv5qa7GM/S9hNv5qa7GM.glb | This file  does not exist.
I0928 06:08:14.308660 802249 AbstractObjectAttributesManagerBase.h:181] AbstractObjectAttributesManager<T>::createObject  (Stage) : Done making attributes with handle : /home/zuoxy/ceph_old/data/mp3d/S9hNv5qa7GM/S9hNv5qa7GM.glb
I0928 06:08:14.308663 802249 AbstractObjectAttributesManagerBase.h:188] File (/home/zuoxy/ceph_old/data/mp3d/S9hNv5qa7GM/S9hNv5qa7GM.glb) exists but is not a recognized config filename extension, so new default Stage attributes created and registered.
I0928 06:08:14.308832 802249 Simulator.cpp:156] Loading navmesh from /home/zuoxy/ceph_old/data/mp3d/S9hNv5qa7GM/S9hNv5qa7GM.navmesh
I0928 06:08:14.310855 802249 Simulator.cpp:158] Loaded.
I0928 06:08:14.310864 802249 SceneGraph.h:93] Created DrawableGroup: 
I0928 06:08:14.310870 802249 PhysicsManager.cpp:33] Deconstructing PhysicsManager
I0928 06:08:14.310968 802249 ResourceManager.cpp:193] ResourceManager::loadStage : Loading Semantic Stage mesh : /home/zuoxy/ceph_old/data/mp3d/S9hNv5qa7GM/S9hNv5qa7GM_semantic.ply
I0928 06:08:14.310973 802249 SceneGraph.h:93] Created DrawableGroup: 
I0928 06:08:14.310976 802249 ResourceManager.cpp:569] ResourceManager::loadStageInternal : Attempting to load stage /home/zuoxy/ceph_old/data/mp3d/S9hNv5qa7GM/S9hNv5qa7GM_semantic.ply 
I0928 06:08:21.269905 802249 ResourceManager.cpp:224] ResourceManager::loadStage : Semantic Stage mesh : /home/zuoxy/ceph_old/data/mp3d/S9hNv5qa7GM/S9hNv5qa7GM_semantic.ply loaded.
I0928 06:08:21.269928 802249 ResourceManager.cpp:262] ResourceManager::loadStage : start load render asset /home/zuoxy/ceph_old/data/mp3d/S9hNv5qa7GM/S9hNv5qa7GM.glb.
I0928 06:08:21.269932 802249 ResourceManager.cpp:569] ResourceManager::loadStageInternal : Attempting to load stage /home/zuoxy/ceph_old/data/mp3d/S9hNv5qa7GM/S9hNv5qa7GM.glb 
I0928 06:08:21.270514 802249 ResourceManager.cpp:1119] Importing Basis files as BC7 for S9hNv5qa7GM.glb
I0928 06:08:24.491593 802249 SemanticScene.h:41] Deconstructing SemanticScene
I0928 06:08:24.569299 802249 simulator.py:213] Loaded navmesh /home/zuoxy/ceph_old/data/mp3d/S9hNv5qa7GM/S9hNv5qa7GM.navmesh
I0928 06:08:48.433694 802249 MetadataMediator.cpp:56] MetadataMediator::setActiveSceneDatasetName : Old active dataset default changed to default successfully.
I0928 06:08:48.435410 802249 AttributesManagerBase.h:283] AttributesManager<T>::createFromJsonOrDefaultInternal  (Physics Manager) : Proposing JSON name : ./data/default.physics_config.json from original name : ./data/default.physics_config.json | This file  does not exist.
I0928 06:08:48.435479 802249 PhysicsAttributesManager.cpp:27] File (./data/default.physics_config.json) not found, so new default physics manager attributes created and registered.
I0928 06:08:48.435492 802249 AbstractObjectAttributesManagerBase.h:175] AbstractObjectAttributesManager<T>::createObject  (Stage) : Making attributes with handle : /home/zuoxy/ceph_old/data/mp3d/mJXqzFtmKg4/mJXqzFtmKg4.glb
I0928 06:08:48.435501 802249 ManagedContainerBase.cpp:19] ManagedContainerBase::convertFilenameToJSON : Filename : /home/zuoxy/ceph_old/data/mp3d/mJXqzFtmKg4/mJXqzFtmKg4.glb changed to proposed JSON configuration filename : /home/zuoxy/ceph_old/data/mp3d/mJXqzFtmKg4/mJXqzFtmKg4.stage_config.json
I0928 06:08:48.435514 802249 AttributesManagerBase.h:283] AttributesManager<T>::createFromJsonOrDefaultInternal  (Stage) : Proposing JSON name : /home/zuoxy/ceph_old/data/mp3d/mJXqzFtmKg4/mJXqzFtmKg4.stage_config.json from original name : /home/zuoxy/ceph_old/data/mp3d/mJXqzFtmKg4/mJXqzFtmKg4.glb | This file  does not exist.
I0928 06:08:48.435657 802249 AbstractObjectAttributesManagerBase.h:181] AbstractObjectAttributesManager<T>::createObject  (Stage) : Done making attributes with handle : /home/zuoxy/ceph_old/data/mp3d/mJXqzFtmKg4/mJXqzFtmKg4.glb
I0928 06:08:48.435662 802249 AbstractObjectAttributesManagerBase.h:188] File (/home/zuoxy/ceph_old/data/mp3d/mJXqzFtmKg4/mJXqzFtmKg4.glb) exists but is not a recognized config filename extension, so new default Stage attributes created and registered.
I0928 06:08:48.435765 802249 Simulator.cpp:156] Loading navmesh from /home/zuoxy/ceph_old/data/mp3d/mJXqzFtmKg4/mJXqzFtmKg4.navmesh
I0928 06:08:48.439831 802249 Simulator.cpp:158] Loaded.
I0928 06:08:48.439850 802249 SceneGraph.h:93] Created DrawableGroup: 
I0928 06:08:48.439863 802249 PhysicsManager.cpp:33] Deconstructing PhysicsManager
I0928 06:08:48.439970 802249 ResourceManager.cpp:193] ResourceManager::loadStage : Loading Semantic Stage mesh : /home/zuoxy/ceph_old/data/mp3d/mJXqzFtmKg4/mJXqzFtmKg4_semantic.ply
I0928 06:08:48.439975 802249 SceneGraph.h:93] Created DrawableGroup: 
I0928 06:08:48.439980 802249 ResourceManager.cpp:569] ResourceManager::loadStageInternal : Attempting to load stage /home/zuoxy/ceph_old/data/mp3d/mJXqzFtmKg4/mJXqzFtmKg4_semantic.ply 
I0928 06:08:59.710952 802249 ResourceManager.cpp:224] ResourceManager::loadStage : Semantic Stage mesh : /home/zuoxy/ceph_old/data/mp3d/mJXqzFtmKg4/mJXqzFtmKg4_semantic.ply loaded.
I0928 06:08:59.710979 802249 ResourceManager.cpp:262] ResourceManager::loadStage : start load render asset /home/zuoxy/ceph_old/data/mp3d/mJXqzFtmKg4/mJXqzFtmKg4.glb.
I0928 06:08:59.710983 802249 ResourceManager.cpp:569] ResourceManager::loadStageInternal : Attempting to load stage /home/zuoxy/ceph_old/data/mp3d/mJXqzFtmKg4/mJXqzFtmKg4.glb 
I0928 06:08:59.711016 802249 ResourceManager.cpp:1119] Importing Basis files as BC7 for mJXqzFtmKg4.glb
I0928 06:09:06.108879 802249 SemanticScene.h:41] Deconstructing SemanticScene
I0928 06:09:06.192417 802249 simulator.py:213] Loaded navmesh /home/zuoxy/ceph_old/data/mp3d/mJXqzFtmKg4/mJXqzFtmKg4.navmesh
I0928 06:09:35.332906 802249 MetadataMediator.cpp:56] MetadataMediator::setActiveSceneDatasetName : Old active dataset default changed to default successfully.
I0928 06:09:35.332934 802249 AttributesManagerBase.h:283] AttributesManager<T>::createFromJsonOrDefaultInternal  (Physics Manager) : Proposing JSON name : ./data/default.physics_config.json from original name : ./data/default.physics_config.json | This file  does not exist.
I0928 06:09:35.332971 802249 PhysicsAttributesManager.cpp:27] File (./data/default.physics_config.json) not found, so new default physics manager attributes created and registered.
I0928 06:09:35.332978 802249 AbstractObjectAttributesManagerBase.h:175] AbstractObjectAttributesManager<T>::createObject  (Stage) : Making attributes with handle : /home/zuoxy/ceph_old/data/mp3d/JmbYfDe2QKZ/JmbYfDe2QKZ.glb
I0928 06:09:35.332984 802249 ManagedContainerBase.cpp:19] ManagedContainerBase::convertFilenameToJSON : Filename : /home/zuoxy/ceph_old/data/mp3d/JmbYfDe2QKZ/JmbYfDe2QKZ.glb changed to proposed JSON configuration filename : /home/zuoxy/ceph_old/data/mp3d/JmbYfDe2QKZ/JmbYfDe2QKZ.stage_config.json
I0928 06:09:35.332991 802249 AttributesManagerBase.h:283] AttributesManager<T>::createFromJsonOrDefaultInternal  (Stage) : Proposing JSON name : /home/zuoxy/ceph_old/data/mp3d/JmbYfDe2QKZ/JmbYfDe2QKZ.stage_config.json from original name : /home/zuoxy/ceph_old/data/mp3d/JmbYfDe2QKZ/JmbYfDe2QKZ.glb | This file  does not exist.
I0928 06:09:35.333068 802249 AbstractObjectAttributesManagerBase.h:181] AbstractObjectAttributesManager<T>::createObject  (Stage) : Done making attributes with handle : /home/zuoxy/ceph_old/data/mp3d/JmbYfDe2QKZ/JmbYfDe2QKZ.glb
I0928 06:09:35.333071 802249 AbstractObjectAttributesManagerBase.h:188] File (/home/zuoxy/ceph_old/data/mp3d/JmbYfDe2QKZ/JmbYfDe2QKZ.glb) exists but is not a recognized config filename extension, so new default Stage attributes created and registered.
I0928 06:09:35.333182 802249 Simulator.cpp:156] Loading navmesh from /home/zuoxy/ceph_old/data/mp3d/JmbYfDe2QKZ/JmbYfDe2QKZ.navmesh
I0928 06:09:35.334506 802249 Simulator.cpp:158] Loaded.
I0928 06:09:35.334529 802249 SceneGraph.h:93] Created DrawableGroup: 
I0928 06:09:35.334545 802249 PhysicsManager.cpp:33] Deconstructing PhysicsManager
I0928 06:09:35.334712 802249 ResourceManager.cpp:193] ResourceManager::loadStage : Loading Semantic Stage mesh : /home/zuoxy/ceph_old/data/mp3d/JmbYfDe2QKZ/JmbYfDe2QKZ_semantic.ply
I0928 06:09:35.334717 802249 SceneGraph.h:93] Created DrawableGroup: 
I0928 06:09:35.334719 802249 ResourceManager.cpp:569] ResourceManager::loadStageInternal : Attempting to load stage /home/zuoxy/ceph_old/data/mp3d/JmbYfDe2QKZ/JmbYfDe2QKZ_semantic.ply 
I0928 06:09:43.039618 802249 ResourceManager.cpp:224] ResourceManager::loadStage : Semantic Stage mesh : /home/zuoxy/ceph_old/data/mp3d/JmbYfDe2QKZ/JmbYfDe2QKZ_semantic.ply loaded.
I0928 06:09:43.039644 802249 ResourceManager.cpp:262] ResourceManager::loadStage : start load render asset /home/zuoxy/ceph_old/data/mp3d/JmbYfDe2QKZ/JmbYfDe2QKZ.glb.
I0928 06:09:43.039645 802249 ResourceManager.cpp:569] ResourceManager::loadStageInternal : Attempting to load stage /home/zuoxy/ceph_old/data/mp3d/JmbYfDe2QKZ/JmbYfDe2QKZ.glb 
I0928 06:09:43.039674 802249 ResourceManager.cpp:1119] Importing Basis files as BC7 for JmbYfDe2QKZ.glb
I0928 06:09:45.818361 802249 SemanticScene.h:41] Deconstructing SemanticScene
I0928 06:09:45.882014 802249 simulator.py:213] Loaded navmesh /home/zuoxy/ceph_old/data/mp3d/JmbYfDe2QKZ/JmbYfDe2QKZ.navmesh
I0928 06:10:32.244908 802249 MetadataMediator.cpp:56] MetadataMediator::setActiveSceneDatasetName : Old active dataset default changed to default successfully.
I0928 06:10:32.245434 802249 AttributesManagerBase.h:283] AttributesManager<T>::createFromJsonOrDefaultInternal  (Physics Manager) : Proposing JSON name : ./data/default.physics_config.json from original name : ./data/default.physics_config.json | This file  does not exist.
I0928 06:10:32.245525 802249 PhysicsAttributesManager.cpp:27] File (./data/default.physics_config.json) not found, so new default physics manager attributes created and registered.
I0928 06:10:32.245540 802249 AbstractObjectAttributesManagerBase.h:175] AbstractObjectAttributesManager<T>::createObject  (Stage) : Making attributes with handle : /home/zuoxy/ceph_old/data/mp3d/SN83YJsR3w2/SN83YJsR3w2.glb
I0928 06:10:32.245558 802249 ManagedContainerBase.cpp:19] ManagedContainerBase::convertFilenameToJSON : Filename : /home/zuoxy/ceph_old/data/mp3d/SN83YJsR3w2/SN83YJsR3w2.glb changed to proposed JSON configuration filename : /home/zuoxy/ceph_old/data/mp3d/SN83YJsR3w2/SN83YJsR3w2.stage_config.json
I0928 06:10:32.245589 802249 AttributesManagerBase.h:283] AttributesManager<T>::createFromJsonOrDefaultInternal  (Stage) : Proposing JSON name : /home/zuoxy/ceph_old/data/mp3d/SN83YJsR3w2/SN83YJsR3w2.stage_config.json from original name : /home/zuoxy/ceph_old/data/mp3d/SN83YJsR3w2/SN83YJsR3w2.glb | This file  does not exist.
I0928 06:10:32.245841 802249 AbstractObjectAttributesManagerBase.h:181] AbstractObjectAttributesManager<T>::createObject  (Stage) : Done making attributes with handle : /home/zuoxy/ceph_old/data/mp3d/SN83YJsR3w2/SN83YJsR3w2.glb
I0928 06:10:32.245852 802249 AbstractObjectAttributesManagerBase.h:188] File (/home/zuoxy/ceph_old/data/mp3d/SN83YJsR3w2/SN83YJsR3w2.glb) exists but is not a recognized config filename extension, so new default Stage attributes created and registered.
I0928 06:10:32.245991 802249 Simulator.cpp:156] Loading navmesh from /home/zuoxy/ceph_old/data/mp3d/SN83YJsR3w2/SN83YJsR3w2.navmesh
I0928 06:10:32.248605 802249 Simulator.cpp:158] Loaded.
I0928 06:10:32.248626 802249 SceneGraph.h:93] Created DrawableGroup: 
I0928 06:10:32.248639 802249 PhysicsManager.cpp:33] Deconstructing PhysicsManager
I0928 06:10:32.248800 802249 ResourceManager.cpp:193] ResourceManager::loadStage : Loading Semantic Stage mesh : /home/zuoxy/ceph_old/data/mp3d/SN83YJsR3w2/SN83YJsR3w2_semantic.ply
I0928 06:10:32.248808 802249 SceneGraph.h:93] Created DrawableGroup: 
I0928 06:10:32.248814 802249 ResourceManager.cpp:569] ResourceManager::loadStageInternal : Attempting to load stage /home/zuoxy/ceph_old/data/mp3d/SN83YJsR3w2/SN83YJsR3w2_semantic.ply 
I0928 06:10:32.406879 802249 ResourceManager.cpp:224] ResourceManager::loadStage : Semantic Stage mesh : /home/zuoxy/ceph_old/data/mp3d/SN83YJsR3w2/SN83YJsR3w2_semantic.ply loaded.
I0928 06:10:32.406896 802249 ResourceManager.cpp:262] ResourceManager::loadStage : start load render asset /home/zuoxy/ceph_old/data/mp3d/SN83YJsR3w2/SN83YJsR3w2.glb.
I0928 06:10:32.406898 802249 ResourceManager.cpp:569] ResourceManager::loadStageInternal : Attempting to load stage /home/zuoxy/ceph_old/data/mp3d/SN83YJsR3w2/SN83YJsR3w2.glb 
I0928 06:10:32.424796 802249 SemanticScene.h:41] Deconstructing SemanticScene
I0928 06:10:32.579431 802249 simulator.py:213] Loaded navmesh /home/zuoxy/ceph_old/data/mp3d/SN83YJsR3w2/SN83YJsR3w2.navmesh
I0928 06:10:55.120537 802249 MetadataMediator.cpp:56] MetadataMediator::setActiveSceneDatasetName : Old active dataset default changed to default successfully.
I0928 06:10:55.120601 802249 AttributesManagerBase.h:283] AttributesManager<T>::createFromJsonOrDefaultInternal  (Physics Manager) : Proposing JSON name : ./data/default.physics_config.json from original name : ./data/default.physics_config.json | This file  does not exist.
I0928 06:10:55.120653 802249 PhysicsAttributesManager.cpp:27] File (./data/default.physics_config.json) not found, so new default physics manager attributes created and registered.
I0928 06:10:55.120663 802249 AbstractObjectAttributesManagerBase.h:175] AbstractObjectAttributesManager<T>::createObject  (Stage) : Making attributes with handle : /home/zuoxy/ceph_old/data/mp3d/PX4nDJXEHrG/PX4nDJXEHrG.glb
I0928 06:10:55.120672 802249 ManagedContainerBase.cpp:19] ManagedContainerBase::convertFilenameToJSON : Filename : /home/zuoxy/ceph_old/data/mp3d/PX4nDJXEHrG/PX4nDJXEHrG.glb changed to proposed JSON configuration filename : /home/zuoxy/ceph_old/data/mp3d/PX4nDJXEHrG/PX4nDJXEHrG.stage_config.json
I0928 06:10:55.121004 802249 AttributesManagerBase.h:283] AttributesManager<T>::createFromJsonOrDefaultInternal  (Stage) : Proposing JSON name : /home/zuoxy/ceph_old/data/mp3d/PX4nDJXEHrG/PX4nDJXEHrG.stage_config.json from original name : /home/zuoxy/ceph_old/data/mp3d/PX4nDJXEHrG/PX4nDJXEHrG.glb | This file  does not exist.
I0928 06:10:55.121565 802249 AbstractObjectAttributesManagerBase.h:181] AbstractObjectAttributesManager<T>::createObject  (Stage) : Done making attributes with handle : /home/zuoxy/ceph_old/data/mp3d/PX4nDJXEHrG/PX4nDJXEHrG.glb
I0928 06:10:55.121596 802249 AbstractObjectAttributesManagerBase.h:188] File (/home/zuoxy/ceph_old/data/mp3d/PX4nDJXEHrG/PX4nDJXEHrG.glb) exists but is not a recognized config filename extension, so new default Stage attributes created and registered.
I0928 06:10:55.121824 802249 Simulator.cpp:156] Loading navmesh from /home/zuoxy/ceph_old/data/mp3d/PX4nDJXEHrG/PX4nDJXEHrG.navmesh
I0928 06:10:55.126639 802249 Simulator.cpp:158] Loaded.
I0928 06:10:55.126654 802249 SceneGraph.h:93] Created DrawableGroup: 
I0928 06:10:55.126660 802249 PhysicsManager.cpp:33] Deconstructing PhysicsManager
I0928 06:10:55.127142 802249 ResourceManager.cpp:193] ResourceManager::loadStage : Loading Semantic Stage mesh : /home/zuoxy/ceph_old/data/mp3d/PX4nDJXEHrG/PX4nDJXEHrG_semantic.ply
I0928 06:10:55.127162 802249 SceneGraph.h:93] Created DrawableGroup: 
I0928 06:10:55.127174 802249 ResourceManager.cpp:569] ResourceManager::loadStageInternal : Attempting to load stage /home/zuoxy/ceph_old/data/mp3d/PX4nDJXEHrG/PX4nDJXEHrG_semantic.ply 
I0928 06:11:12.610746 802249 ResourceManager.cpp:224] ResourceManager::loadStage : Semantic Stage mesh : /home/zuoxy/ceph_old/data/mp3d/PX4nDJXEHrG/PX4nDJXEHrG_semantic.ply loaded.
I0928 06:11:12.610771 802249 ResourceManager.cpp:262] ResourceManager::loadStage : start load render asset /home/zuoxy/ceph_old/data/mp3d/PX4nDJXEHrG/PX4nDJXEHrG.glb.
I0928 06:11:12.610774 802249 ResourceManager.cpp:569] ResourceManager::loadStageInternal : Attempting to load stage /home/zuoxy/ceph_old/data/mp3d/PX4nDJXEHrG/PX4nDJXEHrG.glb 
I0928 06:11:12.610811 802249 ResourceManager.cpp:1119] Importing Basis files as BC7 for PX4nDJXEHrG.glb
I0928 06:11:20.498232 802249 SemanticScene.h:41] Deconstructing SemanticScene
I0928 06:11:20.627098 802249 simulator.py:213] Loaded navmesh /home/zuoxy/ceph_old/data/mp3d/PX4nDJXEHrG/PX4nDJXEHrG.navmesh
I0928 06:11:44.990152 802249 MetadataMediator.cpp:56] MetadataMediator::setActiveSceneDatasetName : Old active dataset default changed to default successfully.
I0928 06:11:44.990514 802249 AttributesManagerBase.h:283] AttributesManager<T>::createFromJsonOrDefaultInternal  (Physics Manager) : Proposing JSON name : ./data/default.physics_config.json from original name : ./data/default.physics_config.json | This file  does not exist.
I0928 06:11:44.990594 802249 PhysicsAttributesManager.cpp:27] File (./data/default.physics_config.json) not found, so new default physics manager attributes created and registered.
I0928 06:11:44.990609 802249 AbstractObjectAttributesManagerBase.h:175] AbstractObjectAttributesManager<T>::createObject  (Stage) : Making attributes with handle : /home/zuoxy/ceph_old/data/mp3d/8WUmhLawc2A/8WUmhLawc2A.glb
I0928 06:11:44.990624 802249 ManagedContainerBase.cpp:19] ManagedContainerBase::convertFilenameToJSON : Filename : /home/zuoxy/ceph_old/data/mp3d/8WUmhLawc2A/8WUmhLawc2A.glb changed to proposed JSON configuration filename : /home/zuoxy/ceph_old/data/mp3d/8WUmhLawc2A/8WUmhLawc2A.stage_config.json
I0928 06:11:44.990644 802249 AttributesManagerBase.h:283] AttributesManager<T>::createFromJsonOrDefaultInternal  (Stage) : Proposing JSON name : /home/zuoxy/ceph_old/data/mp3d/8WUmhLawc2A/8WUmhLawc2A.stage_config.json from original name : /home/zuoxy/ceph_old/data/mp3d/8WUmhLawc2A/8WUmhLawc2A.glb | This file  does not exist.
I0928 06:11:44.990877 802249 AbstractObjectAttributesManagerBase.h:181] AbstractObjectAttributesManager<T>::createObject  (Stage) : Done making attributes with handle : /home/zuoxy/ceph_old/data/mp3d/8WUmhLawc2A/8WUmhLawc2A.glb
I0928 06:11:44.990888 802249 AbstractObjectAttributesManagerBase.h:188] File (/home/zuoxy/ceph_old/data/mp3d/8WUmhLawc2A/8WUmhLawc2A.glb) exists but is not a recognized config filename extension, so new default Stage attributes created and registered.
I0928 06:11:44.991117 802249 Simulator.cpp:156] Loading navmesh from /home/zuoxy/ceph_old/data/mp3d/8WUmhLawc2A/8WUmhLawc2A.navmesh
I0928 06:11:44.992975 802249 Simulator.cpp:158] Loaded.
I0928 06:11:44.993027 802249 SceneGraph.h:93] Created DrawableGroup: 
I0928 06:11:44.993045 802249 PhysicsManager.cpp:33] Deconstructing PhysicsManager
I0928 06:11:44.993260 802249 ResourceManager.cpp:193] ResourceManager::loadStage : Loading Semantic Stage mesh : /home/zuoxy/ceph_old/data/mp3d/8WUmhLawc2A/8WUmhLawc2A_semantic.ply
I0928 06:11:44.993275 802249 SceneGraph.h:93] Created DrawableGroup: 
I0928 06:11:44.993284 802249 ResourceManager.cpp:569] ResourceManager::loadStageInternal : Attempting to load stage /home/zuoxy/ceph_old/data/mp3d/8WUmhLawc2A/8WUmhLawc2A_semantic.ply 
I0928 06:11:52.682941 802249 ResourceManager.cpp:224] ResourceManager::loadStage : Semantic Stage mesh : /home/zuoxy/ceph_old/data/mp3d/8WUmhLawc2A/8WUmhLawc2A_semantic.ply loaded.
I0928 06:11:52.682965 802249 ResourceManager.cpp:262] ResourceManager::loadStage : start load render asset /home/zuoxy/ceph_old/data/mp3d/8WUmhLawc2A/8WUmhLawc2A.glb.
I0928 06:11:52.682966 802249 ResourceManager.cpp:569] ResourceManager::loadStageInternal : Attempting to load stage /home/zuoxy/ceph_old/data/mp3d/8WUmhLawc2A/8WUmhLawc2A.glb 
I0928 06:11:52.682994 802249 ResourceManager.cpp:1119] Importing Basis files as BC7 for 8WUmhLawc2A.glb
I0928 06:12:00.429296 802249 SemanticScene.h:41] Deconstructing SemanticScene
I0928 06:12:00.493285 802249 simulator.py:213] Loaded navmesh /home/zuoxy/ceph_old/data/mp3d/8WUmhLawc2A/8WUmhLawc2A.navmesh
I0928 06:12:31.426374 802249 MetadataMediator.cpp:56] MetadataMediator::setActiveSceneDatasetName : Old active dataset default changed to default successfully.
I0928 06:12:31.426440 802249 AttributesManagerBase.h:283] AttributesManager<T>::createFromJsonOrDefaultInternal  (Physics Manager) : Proposing JSON name : ./data/default.physics_config.json from original name : ./data/default.physics_config.json | This file  does not exist.
I0928 06:12:31.426518 802249 PhysicsAttributesManager.cpp:27] File (./data/default.physics_config.json) not found, so new default physics manager attributes created and registered.
I0928 06:12:31.426533 802249 AbstractObjectAttributesManagerBase.h:175] AbstractObjectAttributesManager<T>::createObject  (Stage) : Making attributes with handle : /home/zuoxy/ceph_old/data/mp3d/ac26ZMwG7aT/ac26ZMwG7aT.glb
I0928 06:12:31.426550 802249 ManagedContainerBase.cpp:19] ManagedContainerBase::convertFilenameToJSON : Filename : /home/zuoxy/ceph_old/data/mp3d/ac26ZMwG7aT/ac26ZMwG7aT.glb changed to proposed JSON configuration filename : /home/zuoxy/ceph_old/data/mp3d/ac26ZMwG7aT/ac26ZMwG7aT.stage_config.json
I0928 06:12:31.427060 802249 AttributesManagerBase.h:283] AttributesManager<T>::createFromJsonOrDefaultInternal  (Stage) : Proposing JSON name : /home/zuoxy/ceph_old/data/mp3d/ac26ZMwG7aT/ac26ZMwG7aT.stage_config.json from original name : /home/zuoxy/ceph_old/data/mp3d/ac26ZMwG7aT/ac26ZMwG7aT.glb | This file  does not exist.
I0928 06:12:31.428536 802249 AbstractObjectAttributesManagerBase.h:181] AbstractObjectAttributesManager<T>::createObject  (Stage) : Done making attributes with handle : /home/zuoxy/ceph_old/data/mp3d/ac26ZMwG7aT/ac26ZMwG7aT.glb
I0928 06:12:31.428552 802249 AbstractObjectAttributesManagerBase.h:188] File (/home/zuoxy/ceph_old/data/mp3d/ac26ZMwG7aT/ac26ZMwG7aT.glb) exists but is not a recognized config filename extension, so new default Stage attributes created and registered.
I0928 06:12:31.428714 802249 Simulator.cpp:156] Loading navmesh from /home/zuoxy/ceph_old/data/mp3d/ac26ZMwG7aT/ac26ZMwG7aT.navmesh
I0928 06:12:31.431797 802249 Simulator.cpp:158] Loaded.
I0928 06:12:31.431815 802249 SceneGraph.h:93] Created DrawableGroup: 
I0928 06:12:31.431833 802249 PhysicsManager.cpp:33] Deconstructing PhysicsManager
I0928 06:12:31.432232 802249 ResourceManager.cpp:193] ResourceManager::loadStage : Loading Semantic Stage mesh : /home/zuoxy/ceph_old/data/mp3d/ac26ZMwG7aT/ac26ZMwG7aT_semantic.ply
I0928 06:12:31.432240 802249 SceneGraph.h:93] Created DrawableGroup: 
I0928 06:12:31.432243 802249 ResourceManager.cpp:569] ResourceManager::loadStageInternal : Attempting to load stage /home/zuoxy/ceph_old/data/mp3d/ac26ZMwG7aT/ac26ZMwG7aT_semantic.ply 
I0928 06:12:45.666117 802249 ResourceManager.cpp:224] ResourceManager::loadStage : Semantic Stage mesh : /home/zuoxy/ceph_old/data/mp3d/ac26ZMwG7aT/ac26ZMwG7aT_semantic.ply loaded.
I0928 06:12:45.666143 802249 ResourceManager.cpp:262] ResourceManager::loadStage : start load render asset /home/zuoxy/ceph_old/data/mp3d/ac26ZMwG7aT/ac26ZMwG7aT.glb.
I0928 06:12:45.666146 802249 ResourceManager.cpp:569] ResourceManager::loadStageInternal : Attempting to load stage /home/zuoxy/ceph_old/data/mp3d/ac26ZMwG7aT/ac26ZMwG7aT.glb 
I0928 06:12:45.666708 802249 ResourceManager.cpp:1119] Importing Basis files as BC7 for ac26ZMwG7aT.glb
I0928 06:12:52.375514 802249 SemanticScene.h:41] Deconstructing SemanticScene
I0928 06:12:52.494141 802249 simulator.py:213] Loaded navmesh /home/zuoxy/ceph_old/data/mp3d/ac26ZMwG7aT/ac26ZMwG7aT.navmesh
I0928 06:13:47.556138 802249 MetadataMediator.cpp:56] MetadataMediator::setActiveSceneDatasetName : Old active dataset default changed to default successfully.
I0928 06:13:47.556442 802249 AttributesManagerBase.h:283] AttributesManager<T>::createFromJsonOrDefaultInternal  (Physics Manager) : Proposing JSON name : ./data/default.physics_config.json from original name : ./data/default.physics_config.json | This file  does not exist.
I0928 06:13:47.556524 802249 PhysicsAttributesManager.cpp:27] File (./data/default.physics_config.json) not found, so new default physics manager attributes created and registered.
I0928 06:13:47.556540 802249 AbstractObjectAttributesManagerBase.h:175] AbstractObjectAttributesManager<T>::createObject  (Stage) : Making attributes with handle : /home/zuoxy/ceph_old/data/mp3d/E9uDoFAP3SH/E9uDoFAP3SH.glb
I0928 06:13:47.556555 802249 ManagedContainerBase.cpp:19] ManagedContainerBase::convertFilenameToJSON : Filename : /home/zuoxy/ceph_old/data/mp3d/E9uDoFAP3SH/E9uDoFAP3SH.glb changed to proposed JSON configuration filename : /home/zuoxy/ceph_old/data/mp3d/E9uDoFAP3SH/E9uDoFAP3SH.stage_config.json
I0928 06:13:47.556715 802249 AttributesManagerBase.h:283] AttributesManager<T>::createFromJsonOrDefaultInternal  (Stage) : Proposing JSON name : /home/zuoxy/ceph_old/data/mp3d/E9uDoFAP3SH/E9uDoFAP3SH.stage_config.json from original name : /home/zuoxy/ceph_old/data/mp3d/E9uDoFAP3SH/E9uDoFAP3SH.glb | This file  does not exist.
I0928 06:13:47.557179 802249 AbstractObjectAttributesManagerBase.h:181] AbstractObjectAttributesManager<T>::createObject  (Stage) : Done making attributes with handle : /home/zuoxy/ceph_old/data/mp3d/E9uDoFAP3SH/E9uDoFAP3SH.glb
I0928 06:13:47.557183 802249 AbstractObjectAttributesManagerBase.h:188] File (/home/zuoxy/ceph_old/data/mp3d/E9uDoFAP3SH/E9uDoFAP3SH.glb) exists but is not a recognized config filename extension, so new default Stage attributes created and registered.
I0928 06:13:47.557301 802249 Simulator.cpp:156] Loading navmesh from /home/zuoxy/ceph_old/data/mp3d/E9uDoFAP3SH/E9uDoFAP3SH.navmesh
I0928 06:13:47.560413 802249 Simulator.cpp:158] Loaded.
I0928 06:13:47.560425 802249 SceneGraph.h:93] Created DrawableGroup: 
I0928 06:13:47.560431 802249 PhysicsManager.cpp:33] Deconstructing PhysicsManager
I0928 06:13:47.560676 802249 ResourceManager.cpp:193] ResourceManager::loadStage : Loading Semantic Stage mesh : /home/zuoxy/ceph_old/data/mp3d/E9uDoFAP3SH/E9uDoFAP3SH_semantic.ply
I0928 06:13:47.560683 802249 SceneGraph.h:93] Created DrawableGroup: 
I0928 06:13:47.560685 802249 ResourceManager.cpp:569] ResourceManager::loadStageInternal : Attempting to load stage /home/zuoxy/ceph_old/data/mp3d/E9uDoFAP3SH/E9uDoFAP3SH_semantic.ply 
I0928 06:14:03.831271 802249 ResourceManager.cpp:224] ResourceManager::loadStage : Semantic Stage mesh : /home/zuoxy/ceph_old/data/mp3d/E9uDoFAP3SH/E9uDoFAP3SH_semantic.ply loaded.
I0928 06:14:03.831297 802249 ResourceManager.cpp:262] ResourceManager::loadStage : start load render asset /home/zuoxy/ceph_old/data/mp3d/E9uDoFAP3SH/E9uDoFAP3SH.glb.
I0928 06:14:03.831300 802249 ResourceManager.cpp:569] ResourceManager::loadStageInternal : Attempting to load stage /home/zuoxy/ceph_old/data/mp3d/E9uDoFAP3SH/E9uDoFAP3SH.glb 
I0928 06:14:03.831338 802249 ResourceManager.cpp:1119] Importing Basis files as BC7 for E9uDoFAP3SH.glb
I0928 06:14:28.200412 802249 SemanticScene.h:41] Deconstructing SemanticScene
I0928 06:14:28.363428 802249 simulator.py:213] Loaded navmesh /home/zuoxy/ceph_old/data/mp3d/E9uDoFAP3SH/E9uDoFAP3SH.navmesh
I0928 06:15:10.078795 802249 MetadataMediator.cpp:56] MetadataMediator::setActiveSceneDatasetName : Old active dataset default changed to default successfully.
I0928 06:15:10.078990 802249 AttributesManagerBase.h:283] AttributesManager<T>::createFromJsonOrDefaultInternal  (Physics Manager) : Proposing JSON name : ./data/default.physics_config.json from original name : ./data/default.physics_config.json | This file  does not exist.
I0928 06:15:10.079079 802249 PhysicsAttributesManager.cpp:27] File (./data/default.physics_config.json) not found, so new default physics manager attributes created and registered.
I0928 06:15:10.079099 802249 AbstractObjectAttributesManagerBase.h:175] AbstractObjectAttributesManager<T>::createObject  (Stage) : Making attributes with handle : /home/zuoxy/ceph_old/data/mp3d/sKLMLpTHeUy/sKLMLpTHeUy.glb
I0928 06:15:10.079114 802249 ManagedContainerBase.cpp:19] ManagedContainerBase::convertFilenameToJSON : Filename : /home/zuoxy/ceph_old/data/mp3d/sKLMLpTHeUy/sKLMLpTHeUy.glb changed to proposed JSON configuration filename : /home/zuoxy/ceph_old/data/mp3d/sKLMLpTHeUy/sKLMLpTHeUy.stage_config.json
I0928 06:15:10.079268 802249 AttributesManagerBase.h:283] AttributesManager<T>::createFromJsonOrDefaultInternal  (Stage) : Proposing JSON name : /home/zuoxy/ceph_old/data/mp3d/sKLMLpTHeUy/sKLMLpTHeUy.stage_config.json from original name : /home/zuoxy/ceph_old/data/mp3d/sKLMLpTHeUy/sKLMLpTHeUy.glb | This file  does not exist.
I0928 06:15:10.079903 802249 AbstractObjectAttributesManagerBase.h:181] AbstractObjectAttributesManager<T>::createObject  (Stage) : Done making attributes with handle : /home/zuoxy/ceph_old/data/mp3d/sKLMLpTHeUy/sKLMLpTHeUy.glb
I0928 06:15:10.079917 802249 AbstractObjectAttributesManagerBase.h:188] File (/home/zuoxy/ceph_old/data/mp3d/sKLMLpTHeUy/sKLMLpTHeUy.glb) exists but is not a recognized config filename extension, so new default Stage attributes created and registered.
I0928 06:15:10.080219 802249 Simulator.cpp:156] Loading navmesh from /home/zuoxy/ceph_old/data/mp3d/sKLMLpTHeUy/sKLMLpTHeUy.navmesh
I0928 06:15:10.082130 802249 Simulator.cpp:158] Loaded.
I0928 06:15:10.082142 802249 SceneGraph.h:93] Created DrawableGroup: 
I0928 06:15:10.082150 802249 PhysicsManager.cpp:33] Deconstructing PhysicsManager
I0928 06:15:10.082590 802249 ResourceManager.cpp:193] ResourceManager::loadStage : Loading Semantic Stage mesh : /home/zuoxy/ceph_old/data/mp3d/sKLMLpTHeUy/sKLMLpTHeUy_semantic.ply
I0928 06:15:10.082609 802249 SceneGraph.h:93] Created DrawableGroup: 
I0928 06:15:10.082619 802249 ResourceManager.cpp:569] ResourceManager::loadStageInternal : Attempting to load stage /home/zuoxy/ceph_old/data/mp3d/sKLMLpTHeUy/sKLMLpTHeUy_semantic.ply 
I0928 06:15:18.302325 802249 ResourceManager.cpp:224] ResourceManager::loadStage : Semantic Stage mesh : /home/zuoxy/ceph_old/data/mp3d/sKLMLpTHeUy/sKLMLpTHeUy_semantic.ply loaded.
I0928 06:15:18.302350 802249 ResourceManager.cpp:262] ResourceManager::loadStage : start load render asset /home/zuoxy/ceph_old/data/mp3d/sKLMLpTHeUy/sKLMLpTHeUy.glb.
I0928 06:15:18.302353 802249 ResourceManager.cpp:569] ResourceManager::loadStageInternal : Attempting to load stage /home/zuoxy/ceph_old/data/mp3d/sKLMLpTHeUy/sKLMLpTHeUy.glb 
I0928 06:15:18.302383 802249 ResourceManager.cpp:1119] Importing Basis files as BC7 for sKLMLpTHeUy.glb
I0928 06:15:24.451622 802249 SemanticScene.h:41] Deconstructing SemanticScene
I0928 06:15:24.529615 802249 simulator.py:213] Loaded navmesh /home/zuoxy/ceph_old/data/mp3d/sKLMLpTHeUy/sKLMLpTHeUy.navmesh
I0928 06:16:27.990293 802249 MetadataMediator.cpp:56] MetadataMediator::setActiveSceneDatasetName : Old active dataset default changed to default successfully.
I0928 06:16:27.990667 802249 AttributesManagerBase.h:283] AttributesManager<T>::createFromJsonOrDefaultInternal  (Physics Manager) : Proposing JSON name : ./data/default.physics_config.json from original name : ./data/default.physics_config.json | This file  does not exist.
I0928 06:16:27.990726 802249 PhysicsAttributesManager.cpp:27] File (./data/default.physics_config.json) not found, so new default physics manager attributes created and registered.
I0928 06:16:27.990736 802249 AbstractObjectAttributesManagerBase.h:175] AbstractObjectAttributesManager<T>::createObject  (Stage) : Making attributes with handle : /home/zuoxy/ceph_old/data/mp3d/qoiz87JEwZ2/qoiz87JEwZ2.glb
I0928 06:16:27.990746 802249 ManagedContainerBase.cpp:19] ManagedContainerBase::convertFilenameToJSON : Filename : /home/zuoxy/ceph_old/data/mp3d/qoiz87JEwZ2/qoiz87JEwZ2.glb changed to proposed JSON configuration filename : /home/zuoxy/ceph_old/data/mp3d/qoiz87JEwZ2/qoiz87JEwZ2.stage_config.json
I0928 06:16:27.990895 802249 AttributesManagerBase.h:283] AttributesManager<T>::createFromJsonOrDefaultInternal  (Stage) : Proposing JSON name : /home/zuoxy/ceph_old/data/mp3d/qoiz87JEwZ2/qoiz87JEwZ2.stage_config.json from original name : /home/zuoxy/ceph_old/data/mp3d/qoiz87JEwZ2/qoiz87JEwZ2.glb | This file  does not exist.
I0928 06:16:27.991305 802249 AbstractObjectAttributesManagerBase.h:181] AbstractObjectAttributesManager<T>::createObject  (Stage) : Done making attributes with handle : /home/zuoxy/ceph_old/data/mp3d/qoiz87JEwZ2/qoiz87JEwZ2.glb
I0928 06:16:27.991313 802249 AbstractObjectAttributesManagerBase.h:188] File (/home/zuoxy/ceph_old/data/mp3d/qoiz87JEwZ2/qoiz87JEwZ2.glb) exists but is not a recognized config filename extension, so new default Stage attributes created and registered.
I0928 06:16:27.991475 802249 Simulator.cpp:156] Loading navmesh from /home/zuoxy/ceph_old/data/mp3d/qoiz87JEwZ2/qoiz87JEwZ2.navmesh
I0928 06:16:27.993620 802249 Simulator.cpp:158] Loaded.
I0928 06:16:27.993628 802249 SceneGraph.h:93] Created DrawableGroup: 
I0928 06:16:27.993645 802249 PhysicsManager.cpp:33] Deconstructing PhysicsManager
I0928 06:16:27.994029 802249 ResourceManager.cpp:193] ResourceManager::loadStage : Loading Semantic Stage mesh : /home/zuoxy/ceph_old/data/mp3d/qoiz87JEwZ2/qoiz87JEwZ2_semantic.ply
I0928 06:16:27.994035 802249 SceneGraph.h:93] Created DrawableGroup: 
I0928 06:16:27.994036 802249 ResourceManager.cpp:569] ResourceManager::loadStageInternal : Attempting to load stage /home/zuoxy/ceph_old/data/mp3d/qoiz87JEwZ2/qoiz87JEwZ2_semantic.ply 
I0928 06:16:36.105813 802249 ResourceManager.cpp:224] ResourceManager::loadStage : Semantic Stage mesh : /home/zuoxy/ceph_old/data/mp3d/qoiz87JEwZ2/qoiz87JEwZ2_semantic.ply loaded.
I0928 06:16:36.105839 802249 ResourceManager.cpp:262] ResourceManager::loadStage : start load render asset /home/zuoxy/ceph_old/data/mp3d/qoiz87JEwZ2/qoiz87JEwZ2.glb.
I0928 06:16:36.105841 802249 ResourceManager.cpp:569] ResourceManager::loadStageInternal : Attempting to load stage /home/zuoxy/ceph_old/data/mp3d/qoiz87JEwZ2/qoiz87JEwZ2.glb 
I0928 06:16:36.105872 802249 ResourceManager.cpp:1119] Importing Basis files as BC7 for qoiz87JEwZ2.glb
I0928 06:16:42.572815 802249 SemanticScene.h:41] Deconstructing SemanticScene
I0928 06:16:42.680410 802249 simulator.py:213] Loaded navmesh /home/zuoxy/ceph_old/data/mp3d/qoiz87JEwZ2/qoiz87JEwZ2.navmesh
I0928 06:17:04.282063 802249 MetadataMediator.cpp:56] MetadataMediator::setActiveSceneDatasetName : Old active dataset default changed to default successfully.
I0928 06:17:04.282122 802249 AttributesManagerBase.h:283] AttributesManager<T>::createFromJsonOrDefaultInternal  (Physics Manager) : Proposing JSON name : ./data/default.physics_config.json from original name : ./data/default.physics_config.json | This file  does not exist.
I0928 06:17:04.282197 802249 PhysicsAttributesManager.cpp:27] File (./data/default.physics_config.json) not found, so new default physics manager attributes created and registered.
I0928 06:17:04.282213 802249 AbstractObjectAttributesManagerBase.h:175] AbstractObjectAttributesManager<T>::createObject  (Stage) : Making attributes with handle : /home/zuoxy/ceph_old/data/mp3d/VFuaQ6m2Qom/VFuaQ6m2Qom.glb
I0928 06:17:04.282238 802249 ManagedContainerBase.cpp:19] ManagedContainerBase::convertFilenameToJSON : Filename : /home/zuoxy/ceph_old/data/mp3d/VFuaQ6m2Qom/VFuaQ6m2Qom.glb changed to proposed JSON configuration filename : /home/zuoxy/ceph_old/data/mp3d/VFuaQ6m2Qom/VFuaQ6m2Qom.stage_config.json
I0928 06:17:04.282992 802249 AttributesManagerBase.h:283] AttributesManager<T>::createFromJsonOrDefaultInternal  (Stage) : Proposing JSON name : /home/zuoxy/ceph_old/data/mp3d/VFuaQ6m2Qom/VFuaQ6m2Qom.stage_config.json from original name : /home/zuoxy/ceph_old/data/mp3d/VFuaQ6m2Qom/VFuaQ6m2Qom.glb | This file  does not exist.
I0928 06:17:04.283944 802249 AbstractObjectAttributesManagerBase.h:181] AbstractObjectAttributesManager<T>::createObject  (Stage) : Done making attributes with handle : /home/zuoxy/ceph_old/data/mp3d/VFuaQ6m2Qom/VFuaQ6m2Qom.glb
I0928 06:17:04.283962 802249 AbstractObjectAttributesManagerBase.h:188] File (/home/zuoxy/ceph_old/data/mp3d/VFuaQ6m2Qom/VFuaQ6m2Qom.glb) exists but is not a recognized config filename extension, so new default Stage attributes created and registered.
I0928 06:17:04.284165 802249 Simulator.cpp:156] Loading navmesh from /home/zuoxy/ceph_old/data/mp3d/VFuaQ6m2Qom/VFuaQ6m2Qom.navmesh
I0928 06:17:04.287925 802249 Simulator.cpp:158] Loaded.
I0928 06:17:04.287936 802249 SceneGraph.h:93] Created DrawableGroup: 
I0928 06:17:04.287941 802249 PhysicsManager.cpp:33] Deconstructing PhysicsManager
I0928 06:17:04.288396 802249 ResourceManager.cpp:193] ResourceManager::loadStage : Loading Semantic Stage mesh : /home/zuoxy/ceph_old/data/mp3d/VFuaQ6m2Qom/VFuaQ6m2Qom_semantic.ply
I0928 06:17:04.288419 802249 SceneGraph.h:93] Created DrawableGroup: 
I0928 06:17:04.288430 802249 ResourceManager.cpp:569] ResourceManager::loadStageInternal : Attempting to load stage /home/zuoxy/ceph_old/data/mp3d/VFuaQ6m2Qom/VFuaQ6m2Qom_semantic.ply 
I0928 06:17:16.488600 802249 ResourceManager.cpp:224] ResourceManager::loadStage : Semantic Stage mesh : /home/zuoxy/ceph_old/data/mp3d/VFuaQ6m2Qom/VFuaQ6m2Qom_semantic.ply loaded.
I0928 06:17:16.488627 802249 ResourceManager.cpp:262] ResourceManager::loadStage : start load render asset /home/zuoxy/ceph_old/data/mp3d/VFuaQ6m2Qom/VFuaQ6m2Qom.glb.
I0928 06:17:16.488631 802249 ResourceManager.cpp:569] ResourceManager::loadStageInternal : Attempting to load stage /home/zuoxy/ceph_old/data/mp3d/VFuaQ6m2Qom/VFuaQ6m2Qom.glb 
I0928 06:17:16.490571 802249 ResourceManager.cpp:1119] Importing Basis files as BC7 for VFuaQ6m2Qom.glb
I0928 06:17:33.860855 802249 SemanticScene.h:41] Deconstructing SemanticScene
I0928 06:17:34.077123 802249 simulator.py:213] Loaded navmesh /home/zuoxy/ceph_old/data/mp3d/VFuaQ6m2Qom/VFuaQ6m2Qom.navmesh
I0928 06:18:12.485864 802249 MetadataMediator.cpp:56] MetadataMediator::setActiveSceneDatasetName : Old active dataset default changed to default successfully.
I0928 06:18:12.486140 802249 AttributesManagerBase.h:283] AttributesManager<T>::createFromJsonOrDefaultInternal  (Physics Manager) : Proposing JSON name : ./data/default.physics_config.json from original name : ./data/default.physics_config.json | This file  does not exist.
I0928 06:18:12.486222 802249 PhysicsAttributesManager.cpp:27] File (./data/default.physics_config.json) not found, so new default physics manager attributes created and registered.
I0928 06:18:12.486238 802249 AbstractObjectAttributesManagerBase.h:175] AbstractObjectAttributesManager<T>::createObject  (Stage) : Making attributes with handle : /home/zuoxy/ceph_old/data/mp3d/ZMojNkEp431/ZMojNkEp431.glb
I0928 06:18:12.486253 802249 ManagedContainerBase.cpp:19] ManagedContainerBase::convertFilenameToJSON : Filename : /home/zuoxy/ceph_old/data/mp3d/ZMojNkEp431/ZMojNkEp431.glb changed to proposed JSON configuration filename : /home/zuoxy/ceph_old/data/mp3d/ZMojNkEp431/ZMojNkEp431.stage_config.json
I0928 06:18:12.486524 802249 AttributesManagerBase.h:283] AttributesManager<T>::createFromJsonOrDefaultInternal  (Stage) : Proposing JSON name : /home/zuoxy/ceph_old/data/mp3d/ZMojNkEp431/ZMojNkEp431.stage_config.json from original name : /home/zuoxy/ceph_old/data/mp3d/ZMojNkEp431/ZMojNkEp431.glb | This file  does not exist.
I0928 06:18:12.487183 802249 AbstractObjectAttributesManagerBase.h:181] AbstractObjectAttributesManager<T>::createObject  (Stage) : Done making attributes with handle : /home/zuoxy/ceph_old/data/mp3d/ZMojNkEp431/ZMojNkEp431.glb
I0928 06:18:12.487198 802249 AbstractObjectAttributesManagerBase.h:188] File (/home/zuoxy/ceph_old/data/mp3d/ZMojNkEp431/ZMojNkEp431.glb) exists but is not a recognized config filename extension, so new default Stage attributes created and registered.
I0928 06:18:12.487527 802249 Simulator.cpp:156] Loading navmesh from /home/zuoxy/ceph_old/data/mp3d/ZMojNkEp431/ZMojNkEp431.navmesh
I0928 06:18:12.489426 802249 Simulator.cpp:158] Loaded.
I0928 06:18:12.489439 802249 SceneGraph.h:93] Created DrawableGroup: 
I0928 06:18:12.489447 802249 PhysicsManager.cpp:33] Deconstructing PhysicsManager
I0928 06:18:12.489754 802249 ResourceManager.cpp:193] ResourceManager::loadStage : Loading Semantic Stage mesh : /home/zuoxy/ceph_old/data/mp3d/ZMojNkEp431/ZMojNkEp431_semantic.ply
I0928 06:18:12.489763 802249 SceneGraph.h:93] Created DrawableGroup: 
I0928 06:18:12.489768 802249 ResourceManager.cpp:569] ResourceManager::loadStageInternal : Attempting to load stage /home/zuoxy/ceph_old/data/mp3d/ZMojNkEp431/ZMojNkEp431_semantic.ply 
I0928 06:18:18.590521 802249 ResourceManager.cpp:224] ResourceManager::loadStage : Semantic Stage mesh : /home/zuoxy/ceph_old/data/mp3d/ZMojNkEp431/ZMojNkEp431_semantic.ply loaded.
I0928 06:18:18.590546 802249 ResourceManager.cpp:262] ResourceManager::loadStage : start load render asset /home/zuoxy/ceph_old/data/mp3d/ZMojNkEp431/ZMojNkEp431.glb.
I0928 06:18:18.590549 802249 ResourceManager.cpp:569] ResourceManager::loadStageInternal : Attempting to load stage /home/zuoxy/ceph_old/data/mp3d/ZMojNkEp431/ZMojNkEp431.glb 
I0928 06:18:18.591316 802249 ResourceManager.cpp:1119] Importing Basis files as BC7 for ZMojNkEp431.glb
I0928 06:18:25.462739 802249 SemanticScene.h:41] Deconstructing SemanticScene
I0928 06:18:25.531136 802249 simulator.py:213] Loaded navmesh /home/zuoxy/ceph_old/data/mp3d/ZMojNkEp431/ZMojNkEp431.navmesh
I0928 06:19:00.520130 802249 MetadataMediator.cpp:56] MetadataMediator::setActiveSceneDatasetName : Old active dataset default changed to default successfully.
I0928 06:19:00.520215 802249 AttributesManagerBase.h:283] AttributesManager<T>::createFromJsonOrDefaultInternal  (Physics Manager) : Proposing JSON name : ./data/default.physics_config.json from original name : ./data/default.physics_config.json | This file  does not exist.
I0928 06:19:00.520326 802249 PhysicsAttributesManager.cpp:27] File (./data/default.physics_config.json) not found, so new default physics manager attributes created and registered.
I0928 06:19:00.520340 802249 AbstractObjectAttributesManagerBase.h:175] AbstractObjectAttributesManager<T>::createObject  (Stage) : Making attributes with handle : /home/zuoxy/ceph_old/data/mp3d/E9uDoFAP3SH/E9uDoFAP3SH.glb
I0928 06:19:00.520356 802249 ManagedContainerBase.cpp:19] ManagedContainerBase::convertFilenameToJSON : Filename : /home/zuoxy/ceph_old/data/mp3d/E9uDoFAP3SH/E9uDoFAP3SH.glb changed to proposed JSON configuration filename : /home/zuoxy/ceph_old/data/mp3d/E9uDoFAP3SH/E9uDoFAP3SH.stage_config.json
I0928 06:19:00.520373 802249 AttributesManagerBase.h:283] AttributesManager<T>::createFromJsonOrDefaultInternal  (Stage) : Proposing JSON name : /home/zuoxy/ceph_old/data/mp3d/E9uDoFAP3SH/E9uDoFAP3SH.stage_config.json from original name : /home/zuoxy/ceph_old/data/mp3d/E9uDoFAP3SH/E9uDoFAP3SH.glb | This file  does not exist.
I0928 06:19:00.520588 802249 AbstractObjectAttributesManagerBase.h:181] AbstractObjectAttributesManager<T>::createObject  (Stage) : Done making attributes with handle : /home/zuoxy/ceph_old/data/mp3d/E9uDoFAP3SH/E9uDoFAP3SH.glb
I0928 06:19:00.520597 802249 AbstractObjectAttributesManagerBase.h:188] File (/home/zuoxy/ceph_old/data/mp3d/E9uDoFAP3SH/E9uDoFAP3SH.glb) exists but is not a recognized config filename extension, so new default Stage attributes created and registered.
I0928 06:19:00.520782 802249 Simulator.cpp:156] Loading navmesh from /home/zuoxy/ceph_old/data/mp3d/E9uDoFAP3SH/E9uDoFAP3SH.navmesh
I0928 06:19:00.524021 802249 Simulator.cpp:158] Loaded.
I0928 06:19:00.524047 802249 SceneGraph.h:93] Created DrawableGroup: 
I0928 06:19:00.524060 802249 PhysicsManager.cpp:33] Deconstructing PhysicsManager
I0928 06:19:00.524264 802249 ResourceManager.cpp:193] ResourceManager::loadStage : Loading Semantic Stage mesh : /home/zuoxy/ceph_old/data/mp3d/E9uDoFAP3SH/E9uDoFAP3SH_semantic.ply
I0928 06:19:00.524274 802249 SceneGraph.h:93] Created DrawableGroup: 
I0928 06:19:00.524281 802249 ResourceManager.cpp:569] ResourceManager::loadStageInternal : Attempting to load stage /home/zuoxy/ceph_old/data/mp3d/E9uDoFAP3SH/E9uDoFAP3SH_semantic.ply 
I0928 06:19:00.651710 802249 ResourceManager.cpp:224] ResourceManager::loadStage : Semantic Stage mesh : /home/zuoxy/ceph_old/data/mp3d/E9uDoFAP3SH/E9uDoFAP3SH_semantic.ply loaded.
I0928 06:19:00.651724 802249 ResourceManager.cpp:262] ResourceManager::loadStage : start load render asset /home/zuoxy/ceph_old/data/mp3d/E9uDoFAP3SH/E9uDoFAP3SH.glb.
I0928 06:19:00.651726 802249 ResourceManager.cpp:569] ResourceManager::loadStageInternal : Attempting to load stage /home/zuoxy/ceph_old/data/mp3d/E9uDoFAP3SH/E9uDoFAP3SH.glb 
I0928 06:19:00.665019 802249 SemanticScene.h:41] Deconstructing SemanticScene
I0928 06:19:00.914565 802249 simulator.py:213] Loaded navmesh /home/zuoxy/ceph_old/data/mp3d/E9uDoFAP3SH/E9uDoFAP3SH.navmesh
I0928 06:19:42.178087 802249 MetadataMediator.cpp:56] MetadataMediator::setActiveSceneDatasetName : Old active dataset default changed to default successfully.
I0928 06:19:42.178529 802249 AttributesManagerBase.h:283] AttributesManager<T>::createFromJsonOrDefaultInternal  (Physics Manager) : Proposing JSON name : ./data/default.physics_config.json from original name : ./data/default.physics_config.json | This file  does not exist.
I0928 06:19:42.178617 802249 PhysicsAttributesManager.cpp:27] File (./data/default.physics_config.json) not found, so new default physics manager attributes created and registered.
I0928 06:19:42.178632 802249 AbstractObjectAttributesManagerBase.h:175] AbstractObjectAttributesManager<T>::createObject  (Stage) : Making attributes with handle : /home/zuoxy/ceph_old/data/mp3d/s8pcmisQ38h/s8pcmisQ38h.glb
I0928 06:19:42.178648 802249 ManagedContainerBase.cpp:19] ManagedContainerBase::convertFilenameToJSON : Filename : /home/zuoxy/ceph_old/data/mp3d/s8pcmisQ38h/s8pcmisQ38h.glb changed to proposed JSON configuration filename : /home/zuoxy/ceph_old/data/mp3d/s8pcmisQ38h/s8pcmisQ38h.stage_config.json
I0928 06:19:42.178967 802249 AttributesManagerBase.h:283] AttributesManager<T>::createFromJsonOrDefaultInternal  (Stage) : Proposing JSON name : /home/zuoxy/ceph_old/data/mp3d/s8pcmisQ38h/s8pcmisQ38h.stage_config.json from original name : /home/zuoxy/ceph_old/data/mp3d/s8pcmisQ38h/s8pcmisQ38h.glb | This file  does not exist.
I0928 06:19:42.179776 802249 AbstractObjectAttributesManagerBase.h:181] AbstractObjectAttributesManager<T>::createObject  (Stage) : Done making attributes with handle : /home/zuoxy/ceph_old/data/mp3d/s8pcmisQ38h/s8pcmisQ38h.glb
I0928 06:19:42.179791 802249 AbstractObjectAttributesManagerBase.h:188] File (/home/zuoxy/ceph_old/data/mp3d/s8pcmisQ38h/s8pcmisQ38h.glb) exists but is not a recognized config filename extension, so new default Stage attributes created and registered.
I0928 06:19:42.180116 802249 Simulator.cpp:156] Loading navmesh from /home/zuoxy/ceph_old/data/mp3d/s8pcmisQ38h/s8pcmisQ38h.navmesh
I0928 06:19:42.182593 802249 Simulator.cpp:158] Loaded.
I0928 06:19:42.182612 802249 SceneGraph.h:93] Created DrawableGroup: 
I0928 06:19:42.182621 802249 PhysicsManager.cpp:33] Deconstructing PhysicsManager
I0928 06:19:42.183149 802249 ResourceManager.cpp:193] ResourceManager::loadStage : Loading Semantic Stage mesh : /home/zuoxy/ceph_old/data/mp3d/s8pcmisQ38h/s8pcmisQ38h_semantic.ply
I0928 06:19:42.183163 802249 SceneGraph.h:93] Created DrawableGroup: 
I0928 06:19:42.183168 802249 ResourceManager.cpp:569] ResourceManager::loadStageInternal : Attempting to load stage /home/zuoxy/ceph_old/data/mp3d/s8pcmisQ38h/s8pcmisQ38h_semantic.ply 
I0928 06:19:48.399430 802249 ResourceManager.cpp:224] ResourceManager::loadStage : Semantic Stage mesh : /home/zuoxy/ceph_old/data/mp3d/s8pcmisQ38h/s8pcmisQ38h_semantic.ply loaded.
I0928 06:19:48.399459 802249 ResourceManager.cpp:262] ResourceManager::loadStage : start load render asset /home/zuoxy/ceph_old/data/mp3d/s8pcmisQ38h/s8pcmisQ38h.glb.
I0928 06:19:48.399461 802249 ResourceManager.cpp:569] ResourceManager::loadStageInternal : Attempting to load stage /home/zuoxy/ceph_old/data/mp3d/s8pcmisQ38h/s8pcmisQ38h.glb 
I0928 06:19:48.399492 802249 ResourceManager.cpp:1119] Importing Basis files as BC7 for s8pcmisQ38h.glb
I0928 06:19:55.276841 802249 SemanticScene.h:41] Deconstructing SemanticScene
I0928 06:19:55.376089 802249 simulator.py:213] Loaded navmesh /home/zuoxy/ceph_old/data/mp3d/s8pcmisQ38h/s8pcmisQ38h.navmesh
I0928 06:20:27.923429 802249 MetadataMediator.cpp:56] MetadataMediator::setActiveSceneDatasetName : Old active dataset default changed to default successfully.
I0928 06:20:27.924153 802249 AttributesManagerBase.h:283] AttributesManager<T>::createFromJsonOrDefaultInternal  (Physics Manager) : Proposing JSON name : ./data/default.physics_config.json from original name : ./data/default.physics_config.json | This file  does not exist.
I0928 06:20:27.924273 802249 PhysicsAttributesManager.cpp:27] File (./data/default.physics_config.json) not found, so new default physics manager attributes created and registered.
I0928 06:20:27.924296 802249 AbstractObjectAttributesManagerBase.h:175] AbstractObjectAttributesManager<T>::createObject  (Stage) : Making attributes with handle : /home/zuoxy/ceph_old/data/mp3d/kEZ7cmS4wCh/kEZ7cmS4wCh.glb
I0928 06:20:27.924315 802249 ManagedContainerBase.cpp:19] ManagedContainerBase::convertFilenameToJSON : Filename : /home/zuoxy/ceph_old/data/mp3d/kEZ7cmS4wCh/kEZ7cmS4wCh.glb changed to proposed JSON configuration filename : /home/zuoxy/ceph_old/data/mp3d/kEZ7cmS4wCh/kEZ7cmS4wCh.stage_config.json
I0928 06:20:27.924638 802249 AttributesManagerBase.h:283] AttributesManager<T>::createFromJsonOrDefaultInternal  (Stage) : Proposing JSON name : /home/zuoxy/ceph_old/data/mp3d/kEZ7cmS4wCh/kEZ7cmS4wCh.stage_config.json from original name : /home/zuoxy/ceph_old/data/mp3d/kEZ7cmS4wCh/kEZ7cmS4wCh.glb | This file  does not exist.
I0928 06:20:27.925477 802249 AbstractObjectAttributesManagerBase.h:181] AbstractObjectAttributesManager<T>::createObject  (Stage) : Done making attributes with handle : /home/zuoxy/ceph_old/data/mp3d/kEZ7cmS4wCh/kEZ7cmS4wCh.glb
I0928 06:20:27.925494 802249 AbstractObjectAttributesManagerBase.h:188] File (/home/zuoxy/ceph_old/data/mp3d/kEZ7cmS4wCh/kEZ7cmS4wCh.glb) exists but is not a recognized config filename extension, so new default Stage attributes created and registered.
I0928 06:20:27.925645 802249 Simulator.cpp:156] Loading navmesh from /home/zuoxy/ceph_old/data/mp3d/kEZ7cmS4wCh/kEZ7cmS4wCh.navmesh
I0928 06:20:27.929225 802249 Simulator.cpp:158] Loaded.
I0928 06:20:27.929239 802249 SceneGraph.h:93] Created DrawableGroup: 
I0928 06:20:27.929247 802249 PhysicsManager.cpp:33] Deconstructing PhysicsManager
I0928 06:20:27.929723 802249 ResourceManager.cpp:193] ResourceManager::loadStage : Loading Semantic Stage mesh : /home/zuoxy/ceph_old/data/mp3d/kEZ7cmS4wCh/kEZ7cmS4wCh_semantic.ply
I0928 06:20:27.929744 802249 SceneGraph.h:93] Created DrawableGroup: 
I0928 06:20:27.929755 802249 ResourceManager.cpp:569] ResourceManager::loadStageInternal : Attempting to load stage /home/zuoxy/ceph_old/data/mp3d/kEZ7cmS4wCh/kEZ7cmS4wCh_semantic.ply 
I0928 06:20:28.030701 802249 ResourceManager.cpp:224] ResourceManager::loadStage : Semantic Stage mesh : /home/zuoxy/ceph_old/data/mp3d/kEZ7cmS4wCh/kEZ7cmS4wCh_semantic.ply loaded.
I0928 06:20:28.030714 802249 ResourceManager.cpp:262] ResourceManager::loadStage : start load render asset /home/zuoxy/ceph_old/data/mp3d/kEZ7cmS4wCh/kEZ7cmS4wCh.glb.
I0928 06:20:28.030720 802249 ResourceManager.cpp:569] ResourceManager::loadStageInternal : Attempting to load stage /home/zuoxy/ceph_old/data/mp3d/kEZ7cmS4wCh/kEZ7cmS4wCh.glb 
I0928 06:20:28.037817 802249 SemanticScene.h:41] Deconstructing SemanticScene
I0928 06:20:28.129342 802249 simulator.py:213] Loaded navmesh /home/zuoxy/ceph_old/data/mp3d/kEZ7cmS4wCh/kEZ7cmS4wCh.navmesh
I0928 06:21:08.267792 802249 MetadataMediator.cpp:56] MetadataMediator::setActiveSceneDatasetName : Old active dataset default changed to default successfully.
I0928 06:21:08.267853 802249 AttributesManagerBase.h:283] AttributesManager<T>::createFromJsonOrDefaultInternal  (Physics Manager) : Proposing JSON name : ./data/default.physics_config.json from original name : ./data/default.physics_config.json | This file  does not exist.
I0928 06:21:08.267930 802249 PhysicsAttributesManager.cpp:27] File (./data/default.physics_config.json) not found, so new default physics manager attributes created and registered.
I0928 06:21:08.267944 802249 AbstractObjectAttributesManagerBase.h:175] AbstractObjectAttributesManager<T>::createObject  (Stage) : Making attributes with handle : /home/zuoxy/ceph_old/data/mp3d/mJXqzFtmKg4/mJXqzFtmKg4.glb
I0928 06:21:08.267959 802249 ManagedContainerBase.cpp:19] ManagedContainerBase::convertFilenameToJSON : Filename : /home/zuoxy/ceph_old/data/mp3d/mJXqzFtmKg4/mJXqzFtmKg4.glb changed to proposed JSON configuration filename : /home/zuoxy/ceph_old/data/mp3d/mJXqzFtmKg4/mJXqzFtmKg4.stage_config.json
I0928 06:21:08.268348 802249 AttributesManagerBase.h:283] AttributesManager<T>::createFromJsonOrDefaultInternal  (Stage) : Proposing JSON name : /home/zuoxy/ceph_old/data/mp3d/mJXqzFtmKg4/mJXqzFtmKg4.stage_config.json from original name : /home/zuoxy/ceph_old/data/mp3d/mJXqzFtmKg4/mJXqzFtmKg4.glb | This file  does not exist.
I0928 06:21:08.268983 802249 AbstractObjectAttributesManagerBase.h:181] AbstractObjectAttributesManager<T>::createObject  (Stage) : Done making attributes with handle : /home/zuoxy/ceph_old/data/mp3d/mJXqzFtmKg4/mJXqzFtmKg4.glb
I0928 06:21:08.268998 802249 AbstractObjectAttributesManagerBase.h:188] File (/home/zuoxy/ceph_old/data/mp3d/mJXqzFtmKg4/mJXqzFtmKg4.glb) exists but is not a recognized config filename extension, so new default Stage attributes created and registered.
I0928 06:21:08.269328 802249 Simulator.cpp:156] Loading navmesh from /home/zuoxy/ceph_old/data/mp3d/mJXqzFtmKg4/mJXqzFtmKg4.navmesh
I0928 06:21:08.271391 802249 Simulator.cpp:158] Loaded.
I0928 06:21:08.271401 802249 SceneGraph.h:93] Created DrawableGroup: 
I0928 06:21:08.271406 802249 PhysicsManager.cpp:33] Deconstructing PhysicsManager
I0928 06:21:08.271744 802249 ResourceManager.cpp:193] ResourceManager::loadStage : Loading Semantic Stage mesh : /home/zuoxy/ceph_old/data/mp3d/mJXqzFtmKg4/mJXqzFtmKg4_semantic.ply
I0928 06:21:08.271749 802249 SceneGraph.h:93] Created DrawableGroup: 
I0928 06:21:08.271751 802249 ResourceManager.cpp:569] ResourceManager::loadStageInternal : Attempting to load stage /home/zuoxy/ceph_old/data/mp3d/mJXqzFtmKg4/mJXqzFtmKg4_semantic.ply 
I0928 06:21:08.351971 802249 ResourceManager.cpp:224] ResourceManager::loadStage : Semantic Stage mesh : /home/zuoxy/ceph_old/data/mp3d/mJXqzFtmKg4/mJXqzFtmKg4_semantic.ply loaded.
I0928 06:21:08.351985 802249 ResourceManager.cpp:262] ResourceManager::loadStage : start load render asset /home/zuoxy/ceph_old/data/mp3d/mJXqzFtmKg4/mJXqzFtmKg4.glb.
I0928 06:21:08.351987 802249 ResourceManager.cpp:569] ResourceManager::loadStageInternal : Attempting to load stage /home/zuoxy/ceph_old/data/mp3d/mJXqzFtmKg4/mJXqzFtmKg4.glb 
I0928 06:21:08.363974 802249 SemanticScene.h:41] Deconstructing SemanticScene
I0928 06:21:08.472695 802249 simulator.py:213] Loaded navmesh /home/zuoxy/ceph_old/data/mp3d/mJXqzFtmKg4/mJXqzFtmKg4.navmesh
I0928 06:21:45.066773 802249 MetadataMediator.cpp:56] MetadataMediator::setActiveSceneDatasetName : Old active dataset default changed to default successfully.
I0928 06:21:45.067059 802249 AttributesManagerBase.h:283] AttributesManager<T>::createFromJsonOrDefaultInternal  (Physics Manager) : Proposing JSON name : ./data/default.physics_config.json from original name : ./data/default.physics_config.json | This file  does not exist.
I0928 06:21:45.067152 802249 PhysicsAttributesManager.cpp:27] File (./data/default.physics_config.json) not found, so new default physics manager attributes created and registered.
I0928 06:21:45.067166 802249 AbstractObjectAttributesManagerBase.h:175] AbstractObjectAttributesManager<T>::createObject  (Stage) : Making attributes with handle : /home/zuoxy/ceph_old/data/mp3d/8WUmhLawc2A/8WUmhLawc2A.glb
I0928 06:21:45.067181 802249 ManagedContainerBase.cpp:19] ManagedContainerBase::convertFilenameToJSON : Filename : /home/zuoxy/ceph_old/data/mp3d/8WUmhLawc2A/8WUmhLawc2A.glb changed to proposed JSON configuration filename : /home/zuoxy/ceph_old/data/mp3d/8WUmhLawc2A/8WUmhLawc2A.stage_config.json
I0928 06:21:45.067502 802249 AttributesManagerBase.h:283] AttributesManager<T>::createFromJsonOrDefaultInternal  (Stage) : Proposing JSON name : /home/zuoxy/ceph_old/data/mp3d/8WUmhLawc2A/8WUmhLawc2A.stage_config.json from original name : /home/zuoxy/ceph_old/data/mp3d/8WUmhLawc2A/8WUmhLawc2A.glb | This file  does not exist.
I0928 06:21:45.068424 802249 AbstractObjectAttributesManagerBase.h:181] AbstractObjectAttributesManager<T>::createObject  (Stage) : Done making attributes with handle : /home/zuoxy/ceph_old/data/mp3d/8WUmhLawc2A/8WUmhLawc2A.glb
I0928 06:21:45.068439 802249 AbstractObjectAttributesManagerBase.h:188] File (/home/zuoxy/ceph_old/data/mp3d/8WUmhLawc2A/8WUmhLawc2A.glb) exists but is not a recognized config filename extension, so new default Stage attributes created and registered.
I0928 06:21:45.068608 802249 Simulator.cpp:156] Loading navmesh from /home/zuoxy/ceph_old/data/mp3d/8WUmhLawc2A/8WUmhLawc2A.navmesh
I0928 06:21:45.072404 802249 Simulator.cpp:158] Loaded.
I0928 06:21:45.072418 802249 SceneGraph.h:93] Created DrawableGroup: 
I0928 06:21:45.072424 802249 PhysicsManager.cpp:33] Deconstructing PhysicsManager
I0928 06:21:45.072724 802249 ResourceManager.cpp:193] ResourceManager::loadStage : Loading Semantic Stage mesh : /home/zuoxy/ceph_old/data/mp3d/8WUmhLawc2A/8WUmhLawc2A_semantic.ply
I0928 06:21:45.072729 802249 SceneGraph.h:93] Created DrawableGroup: 
I0928 06:21:45.072732 802249 ResourceManager.cpp:569] ResourceManager::loadStageInternal : Attempting to load stage /home/zuoxy/ceph_old/data/mp3d/8WUmhLawc2A/8WUmhLawc2A_semantic.ply 
I0928 06:21:45.133783 802249 ResourceManager.cpp:224] ResourceManager::loadStage : Semantic Stage mesh : /home/zuoxy/ceph_old/data/mp3d/8WUmhLawc2A/8WUmhLawc2A_semantic.ply loaded.
I0928 06:21:45.133795 802249 ResourceManager.cpp:262] ResourceManager::loadStage : start load render asset /home/zuoxy/ceph_old/data/mp3d/8WUmhLawc2A/8WUmhLawc2A.glb.
I0928 06:21:45.133796 802249 ResourceManager.cpp:569] ResourceManager::loadStageInternal : Attempting to load stage /home/zuoxy/ceph_old/data/mp3d/8WUmhLawc2A/8WUmhLawc2A.glb 
I0928 06:21:45.173702 802249 SemanticScene.h:41] Deconstructing SemanticScene
I0928 06:21:45.274973 802249 simulator.py:213] Loaded navmesh /home/zuoxy/ceph_old/data/mp3d/8WUmhLawc2A/8WUmhLawc2A.navmesh
I0928 06:21:55.126567 802249 MetadataMediator.cpp:56] MetadataMediator::setActiveSceneDatasetName : Old active dataset default changed to default successfully.
I0928 06:21:55.126606 802249 AttributesManagerBase.h:283] AttributesManager<T>::createFromJsonOrDefaultInternal  (Physics Manager) : Proposing JSON name : ./data/default.physics_config.json from original name : ./data/default.physics_config.json | This file  does not exist.
I0928 06:21:55.126655 802249 PhysicsAttributesManager.cpp:27] File (./data/default.physics_config.json) not found, so new default physics manager attributes created and registered.
I0928 06:21:55.126663 802249 AbstractObjectAttributesManagerBase.h:175] AbstractObjectAttributesManager<T>::createObject  (Stage) : Making attributes with handle : /home/zuoxy/ceph_old/data/mp3d/5LpN3gDmAk7/5LpN3gDmAk7.glb
I0928 06:21:55.126672 802249 ManagedContainerBase.cpp:19] ManagedContainerBase::convertFilenameToJSON : Filename : /home/zuoxy/ceph_old/data/mp3d/5LpN3gDmAk7/5LpN3gDmAk7.glb changed to proposed JSON configuration filename : /home/zuoxy/ceph_old/data/mp3d/5LpN3gDmAk7/5LpN3gDmAk7.stage_config.json
I0928 06:21:55.127171 802249 AttributesManagerBase.h:283] AttributesManager<T>::createFromJsonOrDefaultInternal  (Stage) : Proposing JSON name : /home/zuoxy/ceph_old/data/mp3d/5LpN3gDmAk7/5LpN3gDmAk7.stage_config.json from original name : /home/zuoxy/ceph_old/data/mp3d/5LpN3gDmAk7/5LpN3gDmAk7.glb | This file  does not exist.
I0928 06:21:55.127720 802249 AbstractObjectAttributesManagerBase.h:181] AbstractObjectAttributesManager<T>::createObject  (Stage) : Done making attributes with handle : /home/zuoxy/ceph_old/data/mp3d/5LpN3gDmAk7/5LpN3gDmAk7.glb
I0928 06:21:55.127728 802249 AbstractObjectAttributesManagerBase.h:188] File (/home/zuoxy/ceph_old/data/mp3d/5LpN3gDmAk7/5LpN3gDmAk7.glb) exists but is not a recognized config filename extension, so new default Stage attributes created and registered.
I0928 06:21:55.127846 802249 Simulator.cpp:156] Loading navmesh from /home/zuoxy/ceph_old/data/mp3d/5LpN3gDmAk7/5LpN3gDmAk7.navmesh
I0928 06:21:55.143819 802249 Simulator.cpp:158] Loaded.
I0928 06:21:55.143843 802249 SceneGraph.h:93] Created DrawableGroup: 
I0928 06:21:55.143853 802249 PhysicsManager.cpp:33] Deconstructing PhysicsManager
I0928 06:21:55.144235 802249 ResourceManager.cpp:193] ResourceManager::loadStage : Loading Semantic Stage mesh : /home/zuoxy/ceph_old/data/mp3d/5LpN3gDmAk7/5LpN3gDmAk7_semantic.ply
I0928 06:21:55.144245 802249 SceneGraph.h:93] Created DrawableGroup: 
I0928 06:21:55.144249 802249 ResourceManager.cpp:569] ResourceManager::loadStageInternal : Attempting to load stage /home/zuoxy/ceph_old/data/mp3d/5LpN3gDmAk7/5LpN3gDmAk7_semantic.ply 
I0928 06:22:09.619354 802249 ResourceManager.cpp:224] ResourceManager::loadStage : Semantic Stage mesh : /home/zuoxy/ceph_old/data/mp3d/5LpN3gDmAk7/5LpN3gDmAk7_semantic.ply loaded.
I0928 06:22:09.619385 802249 ResourceManager.cpp:262] ResourceManager::loadStage : start load render asset /home/zuoxy/ceph_old/data/mp3d/5LpN3gDmAk7/5LpN3gDmAk7.glb.
I0928 06:22:09.619387 802249 ResourceManager.cpp:569] ResourceManager::loadStageInternal : Attempting to load stage /home/zuoxy/ceph_old/data/mp3d/5LpN3gDmAk7/5LpN3gDmAk7.glb 
I0928 06:22:09.626965 802249 ResourceManager.cpp:1119] Importing Basis files as BC7 for 5LpN3gDmAk7.glb
I0928 06:22:18.948114 802249 SemanticScene.h:41] Deconstructing SemanticScene
I0928 06:22:19.202944 802249 simulator.py:213] Loaded navmesh /home/zuoxy/ceph_old/data/mp3d/5LpN3gDmAk7/5LpN3gDmAk7.navmesh
I0928 06:22:26.695852 802249 MetadataMediator.cpp:56] MetadataMediator::setActiveSceneDatasetName : Old active dataset default changed to default successfully.
I0928 06:22:26.698230 802249 AttributesManagerBase.h:283] AttributesManager<T>::createFromJsonOrDefaultInternal  (Physics Manager) : Proposing JSON name : ./data/default.physics_config.json from original name : ./data/default.physics_config.json | This file  does not exist.
I0928 06:22:26.702279 802249 PhysicsAttributesManager.cpp:27] File (./data/default.physics_config.json) not found, so new default physics manager attributes created and registered.
I0928 06:22:26.703743 802249 AbstractObjectAttributesManagerBase.h:175] AbstractObjectAttributesManager<T>::createObject  (Stage) : Making attributes with handle : /home/zuoxy/ceph_old/data/mp3d/2n8kARJN3HM/2n8kARJN3HM.glb
I0928 06:22:26.704376 802249 ManagedContainerBase.cpp:19] ManagedContainerBase::convertFilenameToJSON : Filename : /home/zuoxy/ceph_old/data/mp3d/2n8kARJN3HM/2n8kARJN3HM.glb changed to proposed JSON configuration filename : /home/zuoxy/ceph_old/data/mp3d/2n8kARJN3HM/2n8kARJN3HM.stage_config.json
I0928 06:22:26.704517 802249 AttributesManagerBase.h:283] AttributesManager<T>::createFromJsonOrDefaultInternal  (Stage) : Proposing JSON name : /home/zuoxy/ceph_old/data/mp3d/2n8kARJN3HM/2n8kARJN3HM.stage_config.json from original name : /home/zuoxy/ceph_old/data/mp3d/2n8kARJN3HM/2n8kARJN3HM.glb | This file  does not exist.
I0928 06:22:26.706975 802249 AbstractObjectAttributesManagerBase.h:181] AbstractObjectAttributesManager<T>::createObject  (Stage) : Done making attributes with handle : /home/zuoxy/ceph_old/data/mp3d/2n8kARJN3HM/2n8kARJN3HM.glb
I0928 06:22:26.706979 802249 AbstractObjectAttributesManagerBase.h:188] File (/home/zuoxy/ceph_old/data/mp3d/2n8kARJN3HM/2n8kARJN3HM.glb) exists but is not a recognized config filename extension, so new default Stage attributes created and registered.
I0928 06:22:26.708088 802249 Simulator.cpp:156] Loading navmesh from /home/zuoxy/ceph_old/data/mp3d/2n8kARJN3HM/2n8kARJN3HM.navmesh
I0928 06:22:26.711304 802249 Simulator.cpp:158] Loaded.
I0928 06:22:26.713299 802249 SceneGraph.h:93] Created DrawableGroup: 
I0928 06:22:26.713335 802249 PhysicsManager.cpp:33] Deconstructing PhysicsManager
I0928 06:22:26.732621 802249 ResourceManager.cpp:193] ResourceManager::loadStage : Loading Semantic Stage mesh : /home/zuoxy/ceph_old/data/mp3d/2n8kARJN3HM/2n8kARJN3HM_semantic.ply
I0928 06:22:26.732657 802249 SceneGraph.h:93] Created DrawableGroup: 
I0928 06:22:26.733139 802249 ResourceManager.cpp:569] ResourceManager::loadStageInternal : Attempting to load stage /home/zuoxy/ceph_old/data/mp3d/2n8kARJN3HM/2n8kARJN3HM_semantic.ply 
/var/spool/slurm/d/job124860/slurm_script: line 15: 802249 Killed                  python frame_extract.py --job_idx "$SLURM_ARRAY_TASK_ID" --num_job_splits 10
slurmstepd: error: Detected 1 oom-kill event(s) in StepId=124860.batch. Some of your processes may have been killed by the cgroup out-of-memory handler.
