usage: conda [-h] [--no-plugins] [-V] COMMAND ...
conda: error: argument COMMAND: invalid choice: 'activate' (choose from 'clean', 'compare', 'config', 'create', 'info', 'init', 'install', 'list', 'notices', 'package', 'remove', 'uninstall', 'rename', 'run', 'search', 'update', 'upgrade', 'build', 'convert', 'debug', 'develop', 'doctor', 'index', 'inspect', 'metapackage', 'render', 'skeleton', 'env', 'content-trust', 'verify', 'repo', 'token', 'server', 'pack')
WARNING: Logging before InitGoogleLogging() is written to STDERR
I0928 06:25:34.915612 902224 ManagedContainerBase.cpp:19] ManagedContainerBase::convertFilenameToJSON : Filename : default changed to proposed JSON configuration filename : default.scene_dataset_config.json
I0928 06:25:34.917464 902224 AttributesManagerBase.h:283] AttributesManager<T>::createFromJsonOrDefaultInternal  (Dataset) : Proposing JSON name : default.scene_dataset_config.json from original name : default | This file  does not exist.
I0928 06:25:34.917677 902224 AssetAttributesManager.cpp:117] Asset attributes (capsule3DSolid : capsule3DSolid_hemiRings_4_cylRings_1_segments_12_halfLen_0.75_useTexCoords_false_useTangents_false) created and registered.
I0928 06:25:34.917790 902224 AssetAttributesManager.cpp:117] Asset attributes (capsule3DWireframe : capsule3DWireframe_hemiRings_8_cylRings_1_segments_16_halfLen_1) created and registered.
I0928 06:25:34.917901 902224 AssetAttributesManager.cpp:117] Asset attributes (coneSolid : coneSolid_segments_12_halfLen_1.25_rings_1_useTexCoords_false_useTangents_false_capEnd_true) created and registered.
I0928 06:25:34.917980 902224 AssetAttributesManager.cpp:117] Asset attributes (coneWireframe : coneWireframe_segments_32_halfLen_1.25) created and registered.
I0928 06:25:34.918000 902224 AssetAttributesManager.cpp:117] Asset attributes (cubeSolid : cubeSolid) created and registered.
I0928 06:25:34.918011 902224 AssetAttributesManager.cpp:117] Asset attributes (cubeWireframe : cubeWireframe) created and registered.
I0928 06:25:34.918046 902224 AssetAttributesManager.cpp:117] Asset attributes (cylinderSolid : cylinderSolid_rings_1_segments_12_halfLen_1_useTexCoords_false_useTangents_false_capEnds_true) created and registered.
I0928 06:25:34.918077 902224 AssetAttributesManager.cpp:117] Asset attributes (cylinderWireframe : cylinderWireframe_rings_1_segments_32_halfLen_1) created and registered.
I0928 06:25:34.918094 902224 AssetAttributesManager.cpp:117] Asset attributes (icosphereSolid : icosphereSolid_subdivs_1) created and registered.
I0928 06:25:34.918108 902224 AssetAttributesManager.cpp:117] Asset attributes (icosphereWireframe : icosphereWireframe_subdivs_1) created and registered.
I0928 06:25:34.918130 902224 AssetAttributesManager.cpp:117] Asset attributes (uvSphereSolid : uvSphereSolid_rings_8_segments_16_useTexCoords_false_useTangents_false) created and registered.
I0928 06:25:34.918154 902224 AssetAttributesManager.cpp:117] Asset attributes (uvSphereWireframe : uvSphereWireframe_rings_16_segments_32) created and registered.
I0928 06:25:34.918162 902224 AssetAttributesManager.cpp:105] AssetAttributesManager::buildCtorFuncPtrMaps : Built default primitive asset templates : 12
I0928 06:25:34.926966 902224 SceneDatasetAttributesManager.cpp:23] File (default) not found, so new default dataset attributes created and registered.
I0928 06:25:34.926998 902224 MetadataMediator.cpp:47] MetadataMediator::createDataset : Dataset default successfully created.
I0928 06:25:34.940276 902224 AttributesManagerBase.h:283] AttributesManager<T>::createFromJsonOrDefaultInternal  (Physics Manager) : Proposing JSON name : ./data/default.physics_config.json from original name : ./data/default.physics_config.json | This file  does not exist.
I0928 06:25:34.940373 902224 PhysicsAttributesManager.cpp:27] File (./data/default.physics_config.json) not found, so new default physics manager attributes created and registered.
I0928 06:25:34.940389 902224 AbstractObjectAttributesManagerBase.h:175] AbstractObjectAttributesManager<T>::createObject  (Stage) : Making attributes with handle : NONE
I0928 06:25:34.940416 902224 ManagedContainerBase.cpp:19] ManagedContainerBase::convertFilenameToJSON : Filename : NONE changed to proposed JSON configuration filename : NONE.stage_config.json
I0928 06:25:34.943512 902224 AttributesManagerBase.h:283] AttributesManager<T>::createFromJsonOrDefaultInternal  (Stage) : Proposing JSON name : NONE.stage_config.json from original name : NONE | This file  does not exist.
I0928 06:25:34.943810 902224 AbstractObjectAttributesManagerBase.h:181] AbstractObjectAttributesManager<T>::createObject  (Stage) : Done making attributes with handle : NONE
I0928 06:25:34.943825 902224 AbstractObjectAttributesManagerBase.h:188] File (NONE) not found, so new default Stage attributes created and registered.
W0928 06:25:34.943851 902224 Simulator.cpp:160] Navmesh file not found, checked at 
I0928 06:25:34.952339 902224 SceneGraph.h:93] Created DrawableGroup: 
Renderer: NVIDIA GeForce RTX 2080 Ti/PCIe/SSE2 by NVIDIA Corporation
OpenGL version: 4.6.0 NVIDIA 525.60.13
Using optional features:
    GL_ARB_ES2_compatibility
    GL_ARB_direct_state_access
    GL_ARB_get_texture_sub_image
    GL_ARB_invalidate_subdata
    GL_ARB_multi_bind
    GL_ARB_robustness
    GL_ARB_separate_shader_objects
    GL_ARB_texture_filter_anisotropic
    GL_ARB_texture_storage
    GL_ARB_texture_storage_multisample
    GL_ARB_vertex_array_object
    GL_KHR_debug
Using driver workarounds:
    no-forward-compatible-core-context
    nv-egl-incorrect-gl11-function-pointers
    no-layout-qualifiers-on-old-glsl
    nv-zero-context-profile-mask
    nv-implementation-color-read-format-dsa-broken
    nv-cubemap-inconsistent-compressed-image-size
    nv-cubemap-broken-full-compressed-image-query
    nv-compressed-block-size-in-bits
W0928 06:25:35.179265 902224 ResourceManager.cpp:228] ResourceManager::loadStage : Not loading semantic mesh - File Name : NONE_semantic.ply does not exist.
I0928 06:25:35.179304 902224 ResourceManager.cpp:262] ResourceManager::loadStage : start load render asset NONE.
I0928 06:25:35.179312 902224 ResourceManager.cpp:569] ResourceManager::loadStageInternal : Attempting to load stage NONE 
I0928 06:25:35.179320 902224 ResourceManager.cpp:607] ResourceManager::loadStageInternal : Loading empty scene for NONE
W0928 06:25:35.183184 902224 simulator.py:215] Could not find navmesh NONE.navmesh, no collision checking will be done
I0928 06:25:44.319836 902224 MetadataMediator.cpp:56] MetadataMediator::setActiveSceneDatasetName : Old active dataset default changed to default successfully.
I0928 06:25:44.319898 902224 AttributesManagerBase.h:283] AttributesManager<T>::createFromJsonOrDefaultInternal  (Physics Manager) : Proposing JSON name : ./data/default.physics_config.json from original name : ./data/default.physics_config.json | This file  does not exist.
I0928 06:25:44.319972 902224 PhysicsAttributesManager.cpp:27] File (./data/default.physics_config.json) not found, so new default physics manager attributes created and registered.
I0928 06:25:44.319986 902224 AbstractObjectAttributesManagerBase.h:175] AbstractObjectAttributesManager<T>::createObject  (Stage) : Making attributes with handle : /home/zuoxy/ceph_old/data/mp3d/8WUmhLawc2A/8WUmhLawc2A.glb
I0928 06:25:44.320003 902224 ManagedContainerBase.cpp:19] ManagedContainerBase::convertFilenameToJSON : Filename : /home/zuoxy/ceph_old/data/mp3d/8WUmhLawc2A/8WUmhLawc2A.glb changed to proposed JSON configuration filename : /home/zuoxy/ceph_old/data/mp3d/8WUmhLawc2A/8WUmhLawc2A.stage_config.json
I0928 06:25:44.320284 902224 AttributesManagerBase.h:283] AttributesManager<T>::createFromJsonOrDefaultInternal  (Stage) : Proposing JSON name : /home/zuoxy/ceph_old/data/mp3d/8WUmhLawc2A/8WUmhLawc2A.stage_config.json from original name : /home/zuoxy/ceph_old/data/mp3d/8WUmhLawc2A/8WUmhLawc2A.glb | This file  does not exist.
I0928 06:25:44.320894 902224 AbstractObjectAttributesManagerBase.h:181] AbstractObjectAttributesManager<T>::createObject  (Stage) : Done making attributes with handle : /home/zuoxy/ceph_old/data/mp3d/8WUmhLawc2A/8WUmhLawc2A.glb
I0928 06:25:44.320909 902224 AbstractObjectAttributesManagerBase.h:188] File (/home/zuoxy/ceph_old/data/mp3d/8WUmhLawc2A/8WUmhLawc2A.glb) exists but is not a recognized config filename extension, so new default Stage attributes created and registered.
I0928 06:25:44.320947 902224 Simulator.cpp:156] Loading navmesh from /home/zuoxy/ceph_old/data/mp3d/8WUmhLawc2A/8WUmhLawc2A.navmesh
I0928 06:25:44.324636 902224 Simulator.cpp:158] Loaded.
I0928 06:25:44.324649 902224 SceneGraph.h:93] Created DrawableGroup: 
I0928 06:25:44.324658 902224 PhysicsManager.cpp:33] Deconstructing PhysicsManager
I0928 06:25:44.326265 902224 ResourceManager.cpp:193] ResourceManager::loadStage : Loading Semantic Stage mesh : /home/zuoxy/ceph_old/data/mp3d/8WUmhLawc2A/8WUmhLawc2A_semantic.ply
I0928 06:25:44.326282 902224 SceneGraph.h:93] Created DrawableGroup: 
I0928 06:25:44.326288 902224 ResourceManager.cpp:569] ResourceManager::loadStageInternal : Attempting to load stage /home/zuoxy/ceph_old/data/mp3d/8WUmhLawc2A/8WUmhLawc2A_semantic.ply 
I0928 06:25:51.508178 902224 ResourceManager.cpp:224] ResourceManager::loadStage : Semantic Stage mesh : /home/zuoxy/ceph_old/data/mp3d/8WUmhLawc2A/8WUmhLawc2A_semantic.ply loaded.
I0928 06:25:51.508200 902224 ResourceManager.cpp:262] ResourceManager::loadStage : start load render asset /home/zuoxy/ceph_old/data/mp3d/8WUmhLawc2A/8WUmhLawc2A.glb.
I0928 06:25:51.508203 902224 ResourceManager.cpp:569] ResourceManager::loadStageInternal : Attempting to load stage /home/zuoxy/ceph_old/data/mp3d/8WUmhLawc2A/8WUmhLawc2A.glb 
I0928 06:25:51.508226 902224 ResourceManager.cpp:1119] Importing Basis files as BC7 for 8WUmhLawc2A.glb
I0928 06:25:58.584005 902224 SemanticScene.h:41] Deconstructing SemanticScene
I0928 06:25:58.649376 902224 simulator.py:213] Loaded navmesh /home/zuoxy/ceph_old/data/mp3d/8WUmhLawc2A/8WUmhLawc2A.navmesh
I0928 06:26:12.426648 902224 MetadataMediator.cpp:56] MetadataMediator::setActiveSceneDatasetName : Old active dataset default changed to default successfully.
I0928 06:26:12.426947 902224 AttributesManagerBase.h:283] AttributesManager<T>::createFromJsonOrDefaultInternal  (Physics Manager) : Proposing JSON name : ./data/default.physics_config.json from original name : ./data/default.physics_config.json | This file  does not exist.
I0928 06:26:12.427021 902224 PhysicsAttributesManager.cpp:27] File (./data/default.physics_config.json) not found, so new default physics manager attributes created and registered.
I0928 06:26:12.427037 902224 AbstractObjectAttributesManagerBase.h:175] AbstractObjectAttributesManager<T>::createObject  (Stage) : Making attributes with handle : /home/zuoxy/ceph_old/data/mp3d/B6ByNegPMKs/B6ByNegPMKs.glb
I0928 06:26:12.427050 902224 ManagedContainerBase.cpp:19] ManagedContainerBase::convertFilenameToJSON : Filename : /home/zuoxy/ceph_old/data/mp3d/B6ByNegPMKs/B6ByNegPMKs.glb changed to proposed JSON configuration filename : /home/zuoxy/ceph_old/data/mp3d/B6ByNegPMKs/B6ByNegPMKs.stage_config.json
I0928 06:26:12.427208 902224 AttributesManagerBase.h:283] AttributesManager<T>::createFromJsonOrDefaultInternal  (Stage) : Proposing JSON name : /home/zuoxy/ceph_old/data/mp3d/B6ByNegPMKs/B6ByNegPMKs.stage_config.json from original name : /home/zuoxy/ceph_old/data/mp3d/B6ByNegPMKs/B6ByNegPMKs.glb | This file  does not exist.
I0928 06:26:12.428614 902224 AbstractObjectAttributesManagerBase.h:181] AbstractObjectAttributesManager<T>::createObject  (Stage) : Done making attributes with handle : /home/zuoxy/ceph_old/data/mp3d/B6ByNegPMKs/B6ByNegPMKs.glb
I0928 06:26:12.428629 902224 AbstractObjectAttributesManagerBase.h:188] File (/home/zuoxy/ceph_old/data/mp3d/B6ByNegPMKs/B6ByNegPMKs.glb) exists but is not a recognized config filename extension, so new default Stage attributes created and registered.
I0928 06:26:12.428750 902224 Simulator.cpp:156] Loading navmesh from /home/zuoxy/ceph_old/data/mp3d/B6ByNegPMKs/B6ByNegPMKs.navmesh
I0928 06:26:12.438377 902224 Simulator.cpp:158] Loaded.
I0928 06:26:12.438386 902224 SceneGraph.h:93] Created DrawableGroup: 
I0928 06:26:12.438393 902224 PhysicsManager.cpp:33] Deconstructing PhysicsManager
I0928 06:26:12.438782 902224 ResourceManager.cpp:193] ResourceManager::loadStage : Loading Semantic Stage mesh : /home/zuoxy/ceph_old/data/mp3d/B6ByNegPMKs/B6ByNegPMKs_semantic.ply
I0928 06:26:12.438787 902224 SceneGraph.h:93] Created DrawableGroup: 
I0928 06:26:12.438791 902224 ResourceManager.cpp:569] ResourceManager::loadStageInternal : Attempting to load stage /home/zuoxy/ceph_old/data/mp3d/B6ByNegPMKs/B6ByNegPMKs_semantic.ply 
I0928 06:26:43.519253 902224 ResourceManager.cpp:224] ResourceManager::loadStage : Semantic Stage mesh : /home/zuoxy/ceph_old/data/mp3d/B6ByNegPMKs/B6ByNegPMKs_semantic.ply loaded.
I0928 06:26:43.519743 902224 ResourceManager.cpp:262] ResourceManager::loadStage : start load render asset /home/zuoxy/ceph_old/data/mp3d/B6ByNegPMKs/B6ByNegPMKs.glb.
I0928 06:26:43.519747 902224 ResourceManager.cpp:569] ResourceManager::loadStageInternal : Attempting to load stage /home/zuoxy/ceph_old/data/mp3d/B6ByNegPMKs/B6ByNegPMKs.glb 
I0928 06:26:43.520710 902224 ResourceManager.cpp:1119] Importing Basis files as BC7 for B6ByNegPMKs.glb
I0928 06:26:58.353865 902224 SemanticScene.h:41] Deconstructing SemanticScene
I0928 06:26:58.614184 902224 simulator.py:213] Loaded navmesh /home/zuoxy/ceph_old/data/mp3d/B6ByNegPMKs/B6ByNegPMKs.navmesh
I0928 06:27:16.124388 902224 MetadataMediator.cpp:56] MetadataMediator::setActiveSceneDatasetName : Old active dataset default changed to default successfully.
I0928 06:27:16.124819 902224 AttributesManagerBase.h:283] AttributesManager<T>::createFromJsonOrDefaultInternal  (Physics Manager) : Proposing JSON name : ./data/default.physics_config.json from original name : ./data/default.physics_config.json | This file  does not exist.
I0928 06:27:16.124900 902224 PhysicsAttributesManager.cpp:27] File (./data/default.physics_config.json) not found, so new default physics manager attributes created and registered.
I0928 06:27:16.124915 902224 AbstractObjectAttributesManagerBase.h:175] AbstractObjectAttributesManager<T>::createObject  (Stage) : Making attributes with handle : /home/zuoxy/ceph_old/data/mp3d/r1Q1Z4BcV1o/r1Q1Z4BcV1o.glb
I0928 06:27:16.124931 902224 ManagedContainerBase.cpp:19] ManagedContainerBase::convertFilenameToJSON : Filename : /home/zuoxy/ceph_old/data/mp3d/r1Q1Z4BcV1o/r1Q1Z4BcV1o.glb changed to proposed JSON configuration filename : /home/zuoxy/ceph_old/data/mp3d/r1Q1Z4BcV1o/r1Q1Z4BcV1o.stage_config.json
I0928 06:27:16.126608 902224 AttributesManagerBase.h:283] AttributesManager<T>::createFromJsonOrDefaultInternal  (Stage) : Proposing JSON name : /home/zuoxy/ceph_old/data/mp3d/r1Q1Z4BcV1o/r1Q1Z4BcV1o.stage_config.json from original name : /home/zuoxy/ceph_old/data/mp3d/r1Q1Z4BcV1o/r1Q1Z4BcV1o.glb | This file  does not exist.
I0928 06:27:16.127333 902224 AbstractObjectAttributesManagerBase.h:181] AbstractObjectAttributesManager<T>::createObject  (Stage) : Done making attributes with handle : /home/zuoxy/ceph_old/data/mp3d/r1Q1Z4BcV1o/r1Q1Z4BcV1o.glb
I0928 06:27:16.127351 902224 AbstractObjectAttributesManagerBase.h:188] File (/home/zuoxy/ceph_old/data/mp3d/r1Q1Z4BcV1o/r1Q1Z4BcV1o.glb) exists but is not a recognized config filename extension, so new default Stage attributes created and registered.
I0928 06:27:16.127668 902224 Simulator.cpp:156] Loading navmesh from /home/zuoxy/ceph_old/data/mp3d/r1Q1Z4BcV1o/r1Q1Z4BcV1o.navmesh
I0928 06:27:16.132272 902224 Simulator.cpp:158] Loaded.
I0928 06:27:16.132283 902224 SceneGraph.h:93] Created DrawableGroup: 
I0928 06:27:16.132290 902224 PhysicsManager.cpp:33] Deconstructing PhysicsManager
I0928 06:27:16.132828 902224 ResourceManager.cpp:193] ResourceManager::loadStage : Loading Semantic Stage mesh : /home/zuoxy/ceph_old/data/mp3d/r1Q1Z4BcV1o/r1Q1Z4BcV1o_semantic.ply
I0928 06:27:16.132849 902224 SceneGraph.h:93] Created DrawableGroup: 
I0928 06:27:16.132859 902224 ResourceManager.cpp:569] ResourceManager::loadStageInternal : Attempting to load stage /home/zuoxy/ceph_old/data/mp3d/r1Q1Z4BcV1o/r1Q1Z4BcV1o_semantic.ply 
I0928 06:27:20.683722 902224 ResourceManager.cpp:224] ResourceManager::loadStage : Semantic Stage mesh : /home/zuoxy/ceph_old/data/mp3d/r1Q1Z4BcV1o/r1Q1Z4BcV1o_semantic.ply loaded.
I0928 06:27:20.683753 902224 ResourceManager.cpp:262] ResourceManager::loadStage : start load render asset /home/zuoxy/ceph_old/data/mp3d/r1Q1Z4BcV1o/r1Q1Z4BcV1o.glb.
I0928 06:27:20.683755 902224 ResourceManager.cpp:569] ResourceManager::loadStageInternal : Attempting to load stage /home/zuoxy/ceph_old/data/mp3d/r1Q1Z4BcV1o/r1Q1Z4BcV1o.glb 
I0928 06:27:20.683785 902224 ResourceManager.cpp:1119] Importing Basis files as BC7 for r1Q1Z4BcV1o.glb
I0928 06:27:31.970028 902224 SemanticScene.h:41] Deconstructing SemanticScene
I0928 06:27:32.308513 902224 simulator.py:213] Loaded navmesh /home/zuoxy/ceph_old/data/mp3d/r1Q1Z4BcV1o/r1Q1Z4BcV1o.navmesh
I0928 06:28:05.665223 902224 MetadataMediator.cpp:56] MetadataMediator::setActiveSceneDatasetName : Old active dataset default changed to default successfully.
I0928 06:28:05.665279 902224 AttributesManagerBase.h:283] AttributesManager<T>::createFromJsonOrDefaultInternal  (Physics Manager) : Proposing JSON name : ./data/default.physics_config.json from original name : ./data/default.physics_config.json | This file  does not exist.
I0928 06:28:05.665351 902224 PhysicsAttributesManager.cpp:27] File (./data/default.physics_config.json) not found, so new default physics manager attributes created and registered.
I0928 06:28:05.665365 902224 AbstractObjectAttributesManagerBase.h:175] AbstractObjectAttributesManager<T>::createObject  (Stage) : Making attributes with handle : /home/zuoxy/ceph_old/data/mp3d/2n8kARJN3HM/2n8kARJN3HM.glb
I0928 06:28:05.665382 902224 ManagedContainerBase.cpp:19] ManagedContainerBase::convertFilenameToJSON : Filename : /home/zuoxy/ceph_old/data/mp3d/2n8kARJN3HM/2n8kARJN3HM.glb changed to proposed JSON configuration filename : /home/zuoxy/ceph_old/data/mp3d/2n8kARJN3HM/2n8kARJN3HM.stage_config.json
I0928 06:28:05.665623 902224 AttributesManagerBase.h:283] AttributesManager<T>::createFromJsonOrDefaultInternal  (Stage) : Proposing JSON name : /home/zuoxy/ceph_old/data/mp3d/2n8kARJN3HM/2n8kARJN3HM.stage_config.json from original name : /home/zuoxy/ceph_old/data/mp3d/2n8kARJN3HM/2n8kARJN3HM.glb | This file  does not exist.
I0928 06:28:05.666258 902224 AbstractObjectAttributesManagerBase.h:181] AbstractObjectAttributesManager<T>::createObject  (Stage) : Done making attributes with handle : /home/zuoxy/ceph_old/data/mp3d/2n8kARJN3HM/2n8kARJN3HM.glb
I0928 06:28:05.666262 902224 AbstractObjectAttributesManagerBase.h:188] File (/home/zuoxy/ceph_old/data/mp3d/2n8kARJN3HM/2n8kARJN3HM.glb) exists but is not a recognized config filename extension, so new default Stage attributes created and registered.
I0928 06:28:05.666422 902224 Simulator.cpp:156] Loading navmesh from /home/zuoxy/ceph_old/data/mp3d/2n8kARJN3HM/2n8kARJN3HM.navmesh
I0928 06:28:05.668763 902224 Simulator.cpp:158] Loaded.
I0928 06:28:05.668773 902224 SceneGraph.h:93] Created DrawableGroup: 
I0928 06:28:05.668798 902224 PhysicsManager.cpp:33] Deconstructing PhysicsManager
I0928 06:28:05.669106 902224 ResourceManager.cpp:193] ResourceManager::loadStage : Loading Semantic Stage mesh : /home/zuoxy/ceph_old/data/mp3d/2n8kARJN3HM/2n8kARJN3HM_semantic.ply
I0928 06:28:05.669111 902224 SceneGraph.h:93] Created DrawableGroup: 
I0928 06:28:05.669113 902224 ResourceManager.cpp:569] ResourceManager::loadStageInternal : Attempting to load stage /home/zuoxy/ceph_old/data/mp3d/2n8kARJN3HM/2n8kARJN3HM_semantic.ply 
I0928 06:28:17.960780 902224 ResourceManager.cpp:224] ResourceManager::loadStage : Semantic Stage mesh : /home/zuoxy/ceph_old/data/mp3d/2n8kARJN3HM/2n8kARJN3HM_semantic.ply loaded.
I0928 06:28:17.960808 902224 ResourceManager.cpp:262] ResourceManager::loadStage : start load render asset /home/zuoxy/ceph_old/data/mp3d/2n8kARJN3HM/2n8kARJN3HM.glb.
I0928 06:28:17.960809 902224 ResourceManager.cpp:569] ResourceManager::loadStageInternal : Attempting to load stage /home/zuoxy/ceph_old/data/mp3d/2n8kARJN3HM/2n8kARJN3HM.glb 
I0928 06:28:17.960844 902224 ResourceManager.cpp:1119] Importing Basis files as BC7 for 2n8kARJN3HM.glb
I0928 06:28:25.277421 902224 SemanticScene.h:41] Deconstructing SemanticScene
I0928 06:28:25.562098 902224 simulator.py:213] Loaded navmesh /home/zuoxy/ceph_old/data/mp3d/2n8kARJN3HM/2n8kARJN3HM.navmesh
I0928 06:28:31.862188 902224 MetadataMediator.cpp:56] MetadataMediator::setActiveSceneDatasetName : Old active dataset default changed to default successfully.
I0928 06:28:31.862529 902224 AttributesManagerBase.h:283] AttributesManager<T>::createFromJsonOrDefaultInternal  (Physics Manager) : Proposing JSON name : ./data/default.physics_config.json from original name : ./data/default.physics_config.json | This file  does not exist.
I0928 06:28:31.862610 902224 PhysicsAttributesManager.cpp:27] File (./data/default.physics_config.json) not found, so new default physics manager attributes created and registered.
I0928 06:28:31.862624 902224 AbstractObjectAttributesManagerBase.h:175] AbstractObjectAttributesManager<T>::createObject  (Stage) : Making attributes with handle : /home/zuoxy/ceph_old/data/mp3d/rPc6DW4iMge/rPc6DW4iMge.glb
I0928 06:28:31.862640 902224 ManagedContainerBase.cpp:19] ManagedContainerBase::convertFilenameToJSON : Filename : /home/zuoxy/ceph_old/data/mp3d/rPc6DW4iMge/rPc6DW4iMge.glb changed to proposed JSON configuration filename : /home/zuoxy/ceph_old/data/mp3d/rPc6DW4iMge/rPc6DW4iMge.stage_config.json
I0928 06:28:31.862884 902224 AttributesManagerBase.h:283] AttributesManager<T>::createFromJsonOrDefaultInternal  (Stage) : Proposing JSON name : /home/zuoxy/ceph_old/data/mp3d/rPc6DW4iMge/rPc6DW4iMge.stage_config.json from original name : /home/zuoxy/ceph_old/data/mp3d/rPc6DW4iMge/rPc6DW4iMge.glb | This file  does not exist.
I0928 06:28:31.863492 902224 AbstractObjectAttributesManagerBase.h:181] AbstractObjectAttributesManager<T>::createObject  (Stage) : Done making attributes with handle : /home/zuoxy/ceph_old/data/mp3d/rPc6DW4iMge/rPc6DW4iMge.glb
I0928 06:28:31.863507 902224 AbstractObjectAttributesManagerBase.h:188] File (/home/zuoxy/ceph_old/data/mp3d/rPc6DW4iMge/rPc6DW4iMge.glb) exists but is not a recognized config filename extension, so new default Stage attributes created and registered.
I0928 06:28:31.863745 902224 Simulator.cpp:156] Loading navmesh from /home/zuoxy/ceph_old/data/mp3d/rPc6DW4iMge/rPc6DW4iMge.navmesh
I0928 06:28:31.865625 902224 Simulator.cpp:158] Loaded.
I0928 06:28:31.865636 902224 SceneGraph.h:93] Created DrawableGroup: 
I0928 06:28:31.865643 902224 PhysicsManager.cpp:33] Deconstructing PhysicsManager
I0928 06:28:31.865901 902224 ResourceManager.cpp:193] ResourceManager::loadStage : Loading Semantic Stage mesh : /home/zuoxy/ceph_old/data/mp3d/rPc6DW4iMge/rPc6DW4iMge_semantic.ply
I0928 06:28:31.865907 902224 SceneGraph.h:93] Created DrawableGroup: 
I0928 06:28:31.865911 902224 ResourceManager.cpp:569] ResourceManager::loadStageInternal : Attempting to load stage /home/zuoxy/ceph_old/data/mp3d/rPc6DW4iMge/rPc6DW4iMge_semantic.ply 
I0928 06:28:41.276894 902224 ResourceManager.cpp:224] ResourceManager::loadStage : Semantic Stage mesh : /home/zuoxy/ceph_old/data/mp3d/rPc6DW4iMge/rPc6DW4iMge_semantic.ply loaded.
I0928 06:28:41.276923 902224 ResourceManager.cpp:262] ResourceManager::loadStage : start load render asset /home/zuoxy/ceph_old/data/mp3d/rPc6DW4iMge/rPc6DW4iMge.glb.
I0928 06:28:41.276927 902224 ResourceManager.cpp:569] ResourceManager::loadStageInternal : Attempting to load stage /home/zuoxy/ceph_old/data/mp3d/rPc6DW4iMge/rPc6DW4iMge.glb 
I0928 06:28:41.276955 902224 ResourceManager.cpp:1119] Importing Basis files as BC7 for rPc6DW4iMge.glb
I0928 06:28:45.158004 902224 SemanticScene.h:41] Deconstructing SemanticScene
I0928 06:28:45.249419 902224 simulator.py:213] Loaded navmesh /home/zuoxy/ceph_old/data/mp3d/rPc6DW4iMge/rPc6DW4iMge.navmesh
I0928 06:28:52.103052 902224 MetadataMediator.cpp:56] MetadataMediator::setActiveSceneDatasetName : Old active dataset default changed to default successfully.
I0928 06:28:52.103113 902224 AttributesManagerBase.h:283] AttributesManager<T>::createFromJsonOrDefaultInternal  (Physics Manager) : Proposing JSON name : ./data/default.physics_config.json from original name : ./data/default.physics_config.json | This file  does not exist.
I0928 06:28:52.103197 902224 PhysicsAttributesManager.cpp:27] File (./data/default.physics_config.json) not found, so new default physics manager attributes created and registered.
I0928 06:28:52.103212 902224 AbstractObjectAttributesManagerBase.h:175] AbstractObjectAttributesManager<T>::createObject  (Stage) : Making attributes with handle : /home/zuoxy/ceph_old/data/mp3d/sKLMLpTHeUy/sKLMLpTHeUy.glb
I0928 06:28:52.103228 902224 ManagedContainerBase.cpp:19] ManagedContainerBase::convertFilenameToJSON : Filename : /home/zuoxy/ceph_old/data/mp3d/sKLMLpTHeUy/sKLMLpTHeUy.glb changed to proposed JSON configuration filename : /home/zuoxy/ceph_old/data/mp3d/sKLMLpTHeUy/sKLMLpTHeUy.stage_config.json
I0928 06:28:52.103636 902224 AttributesManagerBase.h:283] AttributesManager<T>::createFromJsonOrDefaultInternal  (Stage) : Proposing JSON name : /home/zuoxy/ceph_old/data/mp3d/sKLMLpTHeUy/sKLMLpTHeUy.stage_config.json from original name : /home/zuoxy/ceph_old/data/mp3d/sKLMLpTHeUy/sKLMLpTHeUy.glb | This file  does not exist.
I0928 06:28:52.104220 902224 AbstractObjectAttributesManagerBase.h:181] AbstractObjectAttributesManager<T>::createObject  (Stage) : Done making attributes with handle : /home/zuoxy/ceph_old/data/mp3d/sKLMLpTHeUy/sKLMLpTHeUy.glb
I0928 06:28:52.104225 902224 AbstractObjectAttributesManagerBase.h:188] File (/home/zuoxy/ceph_old/data/mp3d/sKLMLpTHeUy/sKLMLpTHeUy.glb) exists but is not a recognized config filename extension, so new default Stage attributes created and registered.
I0928 06:28:52.104357 902224 Simulator.cpp:156] Loading navmesh from /home/zuoxy/ceph_old/data/mp3d/sKLMLpTHeUy/sKLMLpTHeUy.navmesh
I0928 06:28:52.106926 902224 Simulator.cpp:158] Loaded.
I0928 06:28:52.106945 902224 SceneGraph.h:93] Created DrawableGroup: 
I0928 06:28:52.106954 902224 PhysicsManager.cpp:33] Deconstructing PhysicsManager
I0928 06:28:52.107441 902224 ResourceManager.cpp:193] ResourceManager::loadStage : Loading Semantic Stage mesh : /home/zuoxy/ceph_old/data/mp3d/sKLMLpTHeUy/sKLMLpTHeUy_semantic.ply
I0928 06:28:52.107448 902224 SceneGraph.h:93] Created DrawableGroup: 
I0928 06:28:52.107450 902224 ResourceManager.cpp:569] ResourceManager::loadStageInternal : Attempting to load stage /home/zuoxy/ceph_old/data/mp3d/sKLMLpTHeUy/sKLMLpTHeUy_semantic.ply 
I0928 06:29:00.470410 902224 ResourceManager.cpp:224] ResourceManager::loadStage : Semantic Stage mesh : /home/zuoxy/ceph_old/data/mp3d/sKLMLpTHeUy/sKLMLpTHeUy_semantic.ply loaded.
I0928 06:29:00.470434 902224 ResourceManager.cpp:262] ResourceManager::loadStage : start load render asset /home/zuoxy/ceph_old/data/mp3d/sKLMLpTHeUy/sKLMLpTHeUy.glb.
I0928 06:29:00.470438 902224 ResourceManager.cpp:569] ResourceManager::loadStageInternal : Attempting to load stage /home/zuoxy/ceph_old/data/mp3d/sKLMLpTHeUy/sKLMLpTHeUy.glb 
I0928 06:29:00.470463 902224 ResourceManager.cpp:1119] Importing Basis files as BC7 for sKLMLpTHeUy.glb
I0928 06:29:04.097187 902224 SemanticScene.h:41] Deconstructing SemanticScene
I0928 06:29:04.193817 902224 simulator.py:213] Loaded navmesh /home/zuoxy/ceph_old/data/mp3d/sKLMLpTHeUy/sKLMLpTHeUy.navmesh
I0928 06:29:38.684299 902224 MetadataMediator.cpp:56] MetadataMediator::setActiveSceneDatasetName : Old active dataset default changed to default successfully.
I0928 06:29:38.685317 902224 AttributesManagerBase.h:283] AttributesManager<T>::createFromJsonOrDefaultInternal  (Physics Manager) : Proposing JSON name : ./data/default.physics_config.json from original name : ./data/default.physics_config.json | This file  does not exist.
I0928 06:29:38.685353 902224 PhysicsAttributesManager.cpp:27] File (./data/default.physics_config.json) not found, so new default physics manager attributes created and registered.
I0928 06:29:38.685359 902224 AbstractObjectAttributesManagerBase.h:175] AbstractObjectAttributesManager<T>::createObject  (Stage) : Making attributes with handle : /home/zuoxy/ceph_old/data/mp3d/r1Q1Z4BcV1o/r1Q1Z4BcV1o.glb
I0928 06:29:38.685364 902224 ManagedContainerBase.cpp:19] ManagedContainerBase::convertFilenameToJSON : Filename : /home/zuoxy/ceph_old/data/mp3d/r1Q1Z4BcV1o/r1Q1Z4BcV1o.glb changed to proposed JSON configuration filename : /home/zuoxy/ceph_old/data/mp3d/r1Q1Z4BcV1o/r1Q1Z4BcV1o.stage_config.json
I0928 06:29:38.685374 902224 AttributesManagerBase.h:283] AttributesManager<T>::createFromJsonOrDefaultInternal  (Stage) : Proposing JSON name : /home/zuoxy/ceph_old/data/mp3d/r1Q1Z4BcV1o/r1Q1Z4BcV1o.stage_config.json from original name : /home/zuoxy/ceph_old/data/mp3d/r1Q1Z4BcV1o/r1Q1Z4BcV1o.glb | This file  does not exist.
I0928 06:29:38.685433 902224 AbstractObjectAttributesManagerBase.h:181] AbstractObjectAttributesManager<T>::createObject  (Stage) : Done making attributes with handle : /home/zuoxy/ceph_old/data/mp3d/r1Q1Z4BcV1o/r1Q1Z4BcV1o.glb
I0928 06:29:38.685436 902224 AbstractObjectAttributesManagerBase.h:188] File (/home/zuoxy/ceph_old/data/mp3d/r1Q1Z4BcV1o/r1Q1Z4BcV1o.glb) exists but is not a recognized config filename extension, so new default Stage attributes created and registered.
I0928 06:29:38.685544 902224 Simulator.cpp:156] Loading navmesh from /home/zuoxy/ceph_old/data/mp3d/r1Q1Z4BcV1o/r1Q1Z4BcV1o.navmesh
I0928 06:29:38.688436 902224 Simulator.cpp:158] Loaded.
I0928 06:29:38.688468 902224 SceneGraph.h:93] Created DrawableGroup: 
I0928 06:29:38.688475 902224 PhysicsManager.cpp:33] Deconstructing PhysicsManager
I0928 06:29:38.688560 902224 ResourceManager.cpp:193] ResourceManager::loadStage : Loading Semantic Stage mesh : /home/zuoxy/ceph_old/data/mp3d/r1Q1Z4BcV1o/r1Q1Z4BcV1o_semantic.ply
I0928 06:29:38.688565 902224 SceneGraph.h:93] Created DrawableGroup: 
I0928 06:29:38.688566 902224 ResourceManager.cpp:569] ResourceManager::loadStageInternal : Attempting to load stage /home/zuoxy/ceph_old/data/mp3d/r1Q1Z4BcV1o/r1Q1Z4BcV1o_semantic.ply 
I0928 06:29:38.730337 902224 ResourceManager.cpp:224] ResourceManager::loadStage : Semantic Stage mesh : /home/zuoxy/ceph_old/data/mp3d/r1Q1Z4BcV1o/r1Q1Z4BcV1o_semantic.ply loaded.
I0928 06:29:38.730346 902224 ResourceManager.cpp:262] ResourceManager::loadStage : start load render asset /home/zuoxy/ceph_old/data/mp3d/r1Q1Z4BcV1o/r1Q1Z4BcV1o.glb.
I0928 06:29:38.730348 902224 ResourceManager.cpp:569] ResourceManager::loadStageInternal : Attempting to load stage /home/zuoxy/ceph_old/data/mp3d/r1Q1Z4BcV1o/r1Q1Z4BcV1o.glb 
I0928 06:29:38.750681 902224 SemanticScene.h:41] Deconstructing SemanticScene
I0928 06:29:38.803021 902224 simulator.py:213] Loaded navmesh /home/zuoxy/ceph_old/data/mp3d/r1Q1Z4BcV1o/r1Q1Z4BcV1o.navmesh
I0928 06:29:45.194414 902224 MetadataMediator.cpp:56] MetadataMediator::setActiveSceneDatasetName : Old active dataset default changed to default successfully.
I0928 06:29:45.194474 902224 AttributesManagerBase.h:283] AttributesManager<T>::createFromJsonOrDefaultInternal  (Physics Manager) : Proposing JSON name : ./data/default.physics_config.json from original name : ./data/default.physics_config.json | This file  does not exist.
I0928 06:29:45.194546 902224 PhysicsAttributesManager.cpp:27] File (./data/default.physics_config.json) not found, so new default physics manager attributes created and registered.
I0928 06:29:45.194561 902224 AbstractObjectAttributesManagerBase.h:175] AbstractObjectAttributesManager<T>::createObject  (Stage) : Making attributes with handle : /home/zuoxy/ceph_old/data/mp3d/vyrNrziPKCB/vyrNrziPKCB.glb
I0928 06:29:45.194576 902224 ManagedContainerBase.cpp:19] ManagedContainerBase::convertFilenameToJSON : Filename : /home/zuoxy/ceph_old/data/mp3d/vyrNrziPKCB/vyrNrziPKCB.glb changed to proposed JSON configuration filename : /home/zuoxy/ceph_old/data/mp3d/vyrNrziPKCB/vyrNrziPKCB.stage_config.json
I0928 06:29:45.194947 902224 AttributesManagerBase.h:283] AttributesManager<T>::createFromJsonOrDefaultInternal  (Stage) : Proposing JSON name : /home/zuoxy/ceph_old/data/mp3d/vyrNrziPKCB/vyrNrziPKCB.stage_config.json from original name : /home/zuoxy/ceph_old/data/mp3d/vyrNrziPKCB/vyrNrziPKCB.glb | This file  does not exist.
I0928 06:29:45.195595 902224 AbstractObjectAttributesManagerBase.h:181] AbstractObjectAttributesManager<T>::createObject  (Stage) : Done making attributes with handle : /home/zuoxy/ceph_old/data/mp3d/vyrNrziPKCB/vyrNrziPKCB.glb
I0928 06:29:45.195619 902224 AbstractObjectAttributesManagerBase.h:188] File (/home/zuoxy/ceph_old/data/mp3d/vyrNrziPKCB/vyrNrziPKCB.glb) exists but is not a recognized config filename extension, so new default Stage attributes created and registered.
I0928 06:29:45.195919 902224 Simulator.cpp:156] Loading navmesh from /home/zuoxy/ceph_old/data/mp3d/vyrNrziPKCB/vyrNrziPKCB.navmesh
I0928 06:29:45.200469 902224 Simulator.cpp:158] Loaded.
I0928 06:29:45.200480 902224 SceneGraph.h:93] Created DrawableGroup: 
I0928 06:29:45.200486 902224 PhysicsManager.cpp:33] Deconstructing PhysicsManager
I0928 06:29:45.200836 902224 ResourceManager.cpp:193] ResourceManager::loadStage : Loading Semantic Stage mesh : /home/zuoxy/ceph_old/data/mp3d/vyrNrziPKCB/vyrNrziPKCB_semantic.ply
I0928 06:29:45.200841 902224 SceneGraph.h:93] Created DrawableGroup: 
I0928 06:29:45.200845 902224 ResourceManager.cpp:569] ResourceManager::loadStageInternal : Attempting to load stage /home/zuoxy/ceph_old/data/mp3d/vyrNrziPKCB/vyrNrziPKCB_semantic.ply 
I0928 06:30:09.599474 902224 ResourceManager.cpp:224] ResourceManager::loadStage : Semantic Stage mesh : /home/zuoxy/ceph_old/data/mp3d/vyrNrziPKCB/vyrNrziPKCB_semantic.ply loaded.
I0928 06:30:09.599499 902224 ResourceManager.cpp:262] ResourceManager::loadStage : start load render asset /home/zuoxy/ceph_old/data/mp3d/vyrNrziPKCB/vyrNrziPKCB.glb.
I0928 06:30:09.599501 902224 ResourceManager.cpp:569] ResourceManager::loadStageInternal : Attempting to load stage /home/zuoxy/ceph_old/data/mp3d/vyrNrziPKCB/vyrNrziPKCB.glb 
I0928 06:30:09.599531 902224 ResourceManager.cpp:1119] Importing Basis files as BC7 for vyrNrziPKCB.glb
I0928 06:30:23.473532 902224 SemanticScene.h:41] Deconstructing SemanticScene
I0928 06:30:23.760474 902224 simulator.py:213] Loaded navmesh /home/zuoxy/ceph_old/data/mp3d/vyrNrziPKCB/vyrNrziPKCB.navmesh
I0928 06:30:36.038961 902224 MetadataMediator.cpp:56] MetadataMediator::setActiveSceneDatasetName : Old active dataset default changed to default successfully.
I0928 06:30:36.039027 902224 AttributesManagerBase.h:283] AttributesManager<T>::createFromJsonOrDefaultInternal  (Physics Manager) : Proposing JSON name : ./data/default.physics_config.json from original name : ./data/default.physics_config.json | This file  does not exist.
I0928 06:30:36.039103 902224 PhysicsAttributesManager.cpp:27] File (./data/default.physics_config.json) not found, so new default physics manager attributes created and registered.
I0928 06:30:36.039119 902224 AbstractObjectAttributesManagerBase.h:175] AbstractObjectAttributesManager<T>::createObject  (Stage) : Making attributes with handle : /home/zuoxy/ceph_old/data/mp3d/759xd9YjKW5/759xd9YjKW5.glb
I0928 06:30:36.039134 902224 ManagedContainerBase.cpp:19] ManagedContainerBase::convertFilenameToJSON : Filename : /home/zuoxy/ceph_old/data/mp3d/759xd9YjKW5/759xd9YjKW5.glb changed to proposed JSON configuration filename : /home/zuoxy/ceph_old/data/mp3d/759xd9YjKW5/759xd9YjKW5.stage_config.json
I0928 06:30:36.040028 902224 AttributesManagerBase.h:283] AttributesManager<T>::createFromJsonOrDefaultInternal  (Stage) : Proposing JSON name : /home/zuoxy/ceph_old/data/mp3d/759xd9YjKW5/759xd9YjKW5.stage_config.json from original name : /home/zuoxy/ceph_old/data/mp3d/759xd9YjKW5/759xd9YjKW5.glb | This file  does not exist.
I0928 06:30:36.041214 902224 AbstractObjectAttributesManagerBase.h:181] AbstractObjectAttributesManager<T>::createObject  (Stage) : Done making attributes with handle : /home/zuoxy/ceph_old/data/mp3d/759xd9YjKW5/759xd9YjKW5.glb
I0928 06:30:36.041234 902224 AbstractObjectAttributesManagerBase.h:188] File (/home/zuoxy/ceph_old/data/mp3d/759xd9YjKW5/759xd9YjKW5.glb) exists but is not a recognized config filename extension, so new default Stage attributes created and registered.
I0928 06:30:36.041616 902224 Simulator.cpp:156] Loading navmesh from /home/zuoxy/ceph_old/data/mp3d/759xd9YjKW5/759xd9YjKW5.navmesh
I0928 06:30:36.044363 902224 Simulator.cpp:158] Loaded.
I0928 06:30:36.044387 902224 SceneGraph.h:93] Created DrawableGroup: 
I0928 06:30:36.044397 902224 PhysicsManager.cpp:33] Deconstructing PhysicsManager
I0928 06:30:36.045051 902224 ResourceManager.cpp:193] ResourceManager::loadStage : Loading Semantic Stage mesh : /home/zuoxy/ceph_old/data/mp3d/759xd9YjKW5/759xd9YjKW5_semantic.ply
I0928 06:30:36.045073 902224 SceneGraph.h:93] Created DrawableGroup: 
I0928 06:30:36.045083 902224 ResourceManager.cpp:569] ResourceManager::loadStageInternal : Attempting to load stage /home/zuoxy/ceph_old/data/mp3d/759xd9YjKW5/759xd9YjKW5_semantic.ply 
I0928 06:30:44.113790 902224 ResourceManager.cpp:224] ResourceManager::loadStage : Semantic Stage mesh : /home/zuoxy/ceph_old/data/mp3d/759xd9YjKW5/759xd9YjKW5_semantic.ply loaded.
I0928 06:30:44.113817 902224 ResourceManager.cpp:262] ResourceManager::loadStage : start load render asset /home/zuoxy/ceph_old/data/mp3d/759xd9YjKW5/759xd9YjKW5.glb.
I0928 06:30:44.113819 902224 ResourceManager.cpp:569] ResourceManager::loadStageInternal : Attempting to load stage /home/zuoxy/ceph_old/data/mp3d/759xd9YjKW5/759xd9YjKW5.glb 
I0928 06:30:44.127925 902224 ResourceManager.cpp:1119] Importing Basis files as BC7 for 759xd9YjKW5.glb
I0928 06:30:50.780242 902224 SemanticScene.h:41] Deconstructing SemanticScene
I0928 06:30:50.857470 902224 simulator.py:213] Loaded navmesh /home/zuoxy/ceph_old/data/mp3d/759xd9YjKW5/759xd9YjKW5.navmesh
I0928 06:31:24.645996 902224 MetadataMediator.cpp:56] MetadataMediator::setActiveSceneDatasetName : Old active dataset default changed to default successfully.
I0928 06:31:24.646358 902224 AttributesManagerBase.h:283] AttributesManager<T>::createFromJsonOrDefaultInternal  (Physics Manager) : Proposing JSON name : ./data/default.physics_config.json from original name : ./data/default.physics_config.json | This file  does not exist.
I0928 06:31:24.646436 902224 PhysicsAttributesManager.cpp:27] File (./data/default.physics_config.json) not found, so new default physics manager attributes created and registered.
I0928 06:31:24.646450 902224 AbstractObjectAttributesManagerBase.h:175] AbstractObjectAttributesManager<T>::createObject  (Stage) : Making attributes with handle : /home/zuoxy/ceph_old/data/mp3d/VzqfbhrpDEA/VzqfbhrpDEA.glb
I0928 06:31:24.646466 902224 ManagedContainerBase.cpp:19] ManagedContainerBase::convertFilenameToJSON : Filename : /home/zuoxy/ceph_old/data/mp3d/VzqfbhrpDEA/VzqfbhrpDEA.glb changed to proposed JSON configuration filename : /home/zuoxy/ceph_old/data/mp3d/VzqfbhrpDEA/VzqfbhrpDEA.stage_config.json
I0928 06:31:24.646715 902224 AttributesManagerBase.h:283] AttributesManager<T>::createFromJsonOrDefaultInternal  (Stage) : Proposing JSON name : /home/zuoxy/ceph_old/data/mp3d/VzqfbhrpDEA/VzqfbhrpDEA.stage_config.json from original name : /home/zuoxy/ceph_old/data/mp3d/VzqfbhrpDEA/VzqfbhrpDEA.glb | This file  does not exist.
I0928 06:31:24.647504 902224 AbstractObjectAttributesManagerBase.h:181] AbstractObjectAttributesManager<T>::createObject  (Stage) : Done making attributes with handle : /home/zuoxy/ceph_old/data/mp3d/VzqfbhrpDEA/VzqfbhrpDEA.glb
I0928 06:31:24.647518 902224 AbstractObjectAttributesManagerBase.h:188] File (/home/zuoxy/ceph_old/data/mp3d/VzqfbhrpDEA/VzqfbhrpDEA.glb) exists but is not a recognized config filename extension, so new default Stage attributes created and registered.
I0928 06:31:24.647708 902224 Simulator.cpp:156] Loading navmesh from /home/zuoxy/ceph_old/data/mp3d/VzqfbhrpDEA/VzqfbhrpDEA.navmesh
I0928 06:31:24.652171 902224 Simulator.cpp:158] Loaded.
I0928 06:31:24.652184 902224 SceneGraph.h:93] Created DrawableGroup: 
I0928 06:31:24.652197 902224 PhysicsManager.cpp:33] Deconstructing PhysicsManager
I0928 06:31:24.652793 902224 ResourceManager.cpp:193] ResourceManager::loadStage : Loading Semantic Stage mesh : /home/zuoxy/ceph_old/data/mp3d/VzqfbhrpDEA/VzqfbhrpDEA_semantic.ply
I0928 06:31:24.652815 902224 SceneGraph.h:93] Created DrawableGroup: 
I0928 06:31:24.652818 902224 ResourceManager.cpp:569] ResourceManager::loadStageInternal : Attempting to load stage /home/zuoxy/ceph_old/data/mp3d/VzqfbhrpDEA/VzqfbhrpDEA_semantic.ply 
I0928 06:31:45.389762 902224 ResourceManager.cpp:224] ResourceManager::loadStage : Semantic Stage mesh : /home/zuoxy/ceph_old/data/mp3d/VzqfbhrpDEA/VzqfbhrpDEA_semantic.ply loaded.
I0928 06:31:45.389788 902224 ResourceManager.cpp:262] ResourceManager::loadStage : start load render asset /home/zuoxy/ceph_old/data/mp3d/VzqfbhrpDEA/VzqfbhrpDEA.glb.
I0928 06:31:45.389791 902224 ResourceManager.cpp:569] ResourceManager::loadStageInternal : Attempting to load stage /home/zuoxy/ceph_old/data/mp3d/VzqfbhrpDEA/VzqfbhrpDEA.glb 
I0928 06:31:45.390709 902224 ResourceManager.cpp:1119] Importing Basis files as BC7 for VzqfbhrpDEA.glb
I0928 06:32:15.159229 902224 SemanticScene.h:41] Deconstructing SemanticScene
I0928 06:32:15.717278 902224 simulator.py:213] Loaded navmesh /home/zuoxy/ceph_old/data/mp3d/VzqfbhrpDEA/VzqfbhrpDEA.navmesh
I0928 06:32:57.081630 902224 MetadataMediator.cpp:56] MetadataMediator::setActiveSceneDatasetName : Old active dataset default changed to default successfully.
I0928 06:32:57.083057 902224 AttributesManagerBase.h:283] AttributesManager<T>::createFromJsonOrDefaultInternal  (Physics Manager) : Proposing JSON name : ./data/default.physics_config.json from original name : ./data/default.physics_config.json | This file  does not exist.
I0928 06:32:57.083163 902224 PhysicsAttributesManager.cpp:27] File (./data/default.physics_config.json) not found, so new default physics manager attributes created and registered.
I0928 06:32:57.083179 902224 AbstractObjectAttributesManagerBase.h:175] AbstractObjectAttributesManager<T>::createObject  (Stage) : Making attributes with handle : /home/zuoxy/ceph_old/data/mp3d/S9hNv5qa7GM/S9hNv5qa7GM.glb
I0928 06:32:57.083196 902224 ManagedContainerBase.cpp:19] ManagedContainerBase::convertFilenameToJSON : Filename : /home/zuoxy/ceph_old/data/mp3d/S9hNv5qa7GM/S9hNv5qa7GM.glb changed to proposed JSON configuration filename : /home/zuoxy/ceph_old/data/mp3d/S9hNv5qa7GM/S9hNv5qa7GM.stage_config.json
I0928 06:32:57.085283 902224 AttributesManagerBase.h:283] AttributesManager<T>::createFromJsonOrDefaultInternal  (Stage) : Proposing JSON name : /home/zuoxy/ceph_old/data/mp3d/S9hNv5qa7GM/S9hNv5qa7GM.stage_config.json from original name : /home/zuoxy/ceph_old/data/mp3d/S9hNv5qa7GM/S9hNv5qa7GM.glb | This file  does not exist.
I0928 06:32:57.087316 902224 AbstractObjectAttributesManagerBase.h:181] AbstractObjectAttributesManager<T>::createObject  (Stage) : Done making attributes with handle : /home/zuoxy/ceph_old/data/mp3d/S9hNv5qa7GM/S9hNv5qa7GM.glb
I0928 06:32:57.087342 902224 AbstractObjectAttributesManagerBase.h:188] File (/home/zuoxy/ceph_old/data/mp3d/S9hNv5qa7GM/S9hNv5qa7GM.glb) exists but is not a recognized config filename extension, so new default Stage attributes created and registered.
I0928 06:32:57.087602 902224 Simulator.cpp:156] Loading navmesh from /home/zuoxy/ceph_old/data/mp3d/S9hNv5qa7GM/S9hNv5qa7GM.navmesh
I0928 06:32:57.092671 902224 Simulator.cpp:158] Loaded.
I0928 06:32:57.092712 902224 SceneGraph.h:93] Created DrawableGroup: 
I0928 06:32:57.092738 902224 PhysicsManager.cpp:33] Deconstructing PhysicsManager
I0928 06:32:57.094864 902224 ResourceManager.cpp:193] ResourceManager::loadStage : Loading Semantic Stage mesh : /home/zuoxy/ceph_old/data/mp3d/S9hNv5qa7GM/S9hNv5qa7GM_semantic.ply
I0928 06:32:57.094902 902224 SceneGraph.h:93] Created DrawableGroup: 
I0928 06:32:57.094916 902224 ResourceManager.cpp:569] ResourceManager::loadStageInternal : Attempting to load stage /home/zuoxy/ceph_old/data/mp3d/S9hNv5qa7GM/S9hNv5qa7GM_semantic.ply 
I0928 06:33:04.749269 902224 ResourceManager.cpp:224] ResourceManager::loadStage : Semantic Stage mesh : /home/zuoxy/ceph_old/data/mp3d/S9hNv5qa7GM/S9hNv5qa7GM_semantic.ply loaded.
I0928 06:33:04.749294 902224 ResourceManager.cpp:262] ResourceManager::loadStage : start load render asset /home/zuoxy/ceph_old/data/mp3d/S9hNv5qa7GM/S9hNv5qa7GM.glb.
I0928 06:33:04.749297 902224 ResourceManager.cpp:569] ResourceManager::loadStageInternal : Attempting to load stage /home/zuoxy/ceph_old/data/mp3d/S9hNv5qa7GM/S9hNv5qa7GM.glb 
I0928 06:33:04.749326 902224 ResourceManager.cpp:1119] Importing Basis files as BC7 for S9hNv5qa7GM.glb
I0928 06:33:09.872221 902224 SemanticScene.h:41] Deconstructing SemanticScene
I0928 06:33:09.951239 902224 simulator.py:213] Loaded navmesh /home/zuoxy/ceph_old/data/mp3d/S9hNv5qa7GM/S9hNv5qa7GM.navmesh
I0928 06:33:31.723742 902224 MetadataMediator.cpp:56] MetadataMediator::setActiveSceneDatasetName : Old active dataset default changed to default successfully.
I0928 06:33:31.723779 902224 AttributesManagerBase.h:283] AttributesManager<T>::createFromJsonOrDefaultInternal  (Physics Manager) : Proposing JSON name : ./data/default.physics_config.json from original name : ./data/default.physics_config.json | This file  does not exist.
I0928 06:33:31.723826 902224 PhysicsAttributesManager.cpp:27] File (./data/default.physics_config.json) not found, so new default physics manager attributes created and registered.
I0928 06:33:31.723834 902224 AbstractObjectAttributesManagerBase.h:175] AbstractObjectAttributesManager<T>::createObject  (Stage) : Making attributes with handle : /home/zuoxy/ceph_old/data/mp3d/PX4nDJXEHrG/PX4nDJXEHrG.glb
I0928 06:33:31.723845 902224 ManagedContainerBase.cpp:19] ManagedContainerBase::convertFilenameToJSON : Filename : /home/zuoxy/ceph_old/data/mp3d/PX4nDJXEHrG/PX4nDJXEHrG.glb changed to proposed JSON configuration filename : /home/zuoxy/ceph_old/data/mp3d/PX4nDJXEHrG/PX4nDJXEHrG.stage_config.json
I0928 06:33:31.724229 902224 AttributesManagerBase.h:283] AttributesManager<T>::createFromJsonOrDefaultInternal  (Stage) : Proposing JSON name : /home/zuoxy/ceph_old/data/mp3d/PX4nDJXEHrG/PX4nDJXEHrG.stage_config.json from original name : /home/zuoxy/ceph_old/data/mp3d/PX4nDJXEHrG/PX4nDJXEHrG.glb | This file  does not exist.
I0928 06:33:31.725095 902224 AbstractObjectAttributesManagerBase.h:181] AbstractObjectAttributesManager<T>::createObject  (Stage) : Done making attributes with handle : /home/zuoxy/ceph_old/data/mp3d/PX4nDJXEHrG/PX4nDJXEHrG.glb
I0928 06:33:31.725109 902224 AbstractObjectAttributesManagerBase.h:188] File (/home/zuoxy/ceph_old/data/mp3d/PX4nDJXEHrG/PX4nDJXEHrG.glb) exists but is not a recognized config filename extension, so new default Stage attributes created and registered.
I0928 06:33:31.725240 902224 Simulator.cpp:156] Loading navmesh from /home/zuoxy/ceph_old/data/mp3d/PX4nDJXEHrG/PX4nDJXEHrG.navmesh
I0928 06:33:31.730669 902224 Simulator.cpp:158] Loaded.
I0928 06:33:31.730684 902224 SceneGraph.h:93] Created DrawableGroup: 
I0928 06:33:31.730693 902224 PhysicsManager.cpp:33] Deconstructing PhysicsManager
I0928 06:33:31.731381 902224 ResourceManager.cpp:193] ResourceManager::loadStage : Loading Semantic Stage mesh : /home/zuoxy/ceph_old/data/mp3d/PX4nDJXEHrG/PX4nDJXEHrG_semantic.ply
I0928 06:33:31.731403 902224 SceneGraph.h:93] Created DrawableGroup: 
I0928 06:33:31.731413 902224 ResourceManager.cpp:569] ResourceManager::loadStageInternal : Attempting to load stage /home/zuoxy/ceph_old/data/mp3d/PX4nDJXEHrG/PX4nDJXEHrG_semantic.ply 
I0928 06:33:50.171509 902224 ResourceManager.cpp:224] ResourceManager::loadStage : Semantic Stage mesh : /home/zuoxy/ceph_old/data/mp3d/PX4nDJXEHrG/PX4nDJXEHrG_semantic.ply loaded.
I0928 06:33:50.171535 902224 ResourceManager.cpp:262] ResourceManager::loadStage : start load render asset /home/zuoxy/ceph_old/data/mp3d/PX4nDJXEHrG/PX4nDJXEHrG.glb.
I0928 06:33:50.171538 902224 ResourceManager.cpp:569] ResourceManager::loadStageInternal : Attempting to load stage /home/zuoxy/ceph_old/data/mp3d/PX4nDJXEHrG/PX4nDJXEHrG.glb 
I0928 06:33:50.171577 902224 ResourceManager.cpp:1119] Importing Basis files as BC7 for PX4nDJXEHrG.glb
I0928 06:34:02.270850 902224 SemanticScene.h:41] Deconstructing SemanticScene
I0928 06:34:02.464374 902224 simulator.py:213] Loaded navmesh /home/zuoxy/ceph_old/data/mp3d/PX4nDJXEHrG/PX4nDJXEHrG.navmesh
slurmstepd: error: *** JOB 124863 ON kd-2080ti-3.grasp.maas CANCELLED AT 2023-09-28T06:34:24 ***
