usage: conda [-h] [--no-plugins] [-V] COMMAND ...
conda: error: argument COMMAND: invalid choice: 'activate' (choose from 'clean', 'compare', 'config', 'create', 'info', 'init', 'install', 'list', 'notices', 'package', 'remove', 'uninstall', 'rename', 'run', 'search', 'update', 'upgrade', 'build', 'convert', 'debug', 'develop', 'doctor', 'index', 'inspect', 'metapackage', 'render', 'skeleton', 'repo', 'pack', 'server', 'env', 'content-trust', 'verify', 'token')
WARNING: Logging before InitGoogleLogging() is written to STDERR
I0928 06:28:41.032732 3318556 ManagedContainerBase.cpp:19] ManagedContainerBase::convertFilenameToJSON : Filename : default changed to proposed JSON configuration filename : default.scene_dataset_config.json
I0928 06:28:41.032771 3318556 AttributesManagerBase.h:283] AttributesManager<T>::createFromJsonOrDefaultInternal  (Dataset) : Proposing JSON name : default.scene_dataset_config.json from original name : default | This file  does not exist.
I0928 06:28:41.032851 3318556 AssetAttributesManager.cpp:117] Asset attributes (capsule3DSolid : capsule3DSolid_hemiRings_4_cylRings_1_segments_12_halfLen_0.75_useTexCoords_false_useTangents_false) created and registered.
I0928 06:28:41.032894 3318556 AssetAttributesManager.cpp:117] Asset attributes (capsule3DWireframe : capsule3DWireframe_hemiRings_8_cylRings_1_segments_16_halfLen_1) created and registered.
I0928 06:28:41.032935 3318556 AssetAttributesManager.cpp:117] Asset attributes (coneSolid : coneSolid_segments_12_halfLen_1.25_rings_1_useTexCoords_false_useTangents_false_capEnd_true) created and registered.
I0928 06:28:41.032960 3318556 AssetAttributesManager.cpp:117] Asset attributes (coneWireframe : coneWireframe_segments_32_halfLen_1.25) created and registered.
I0928 06:28:41.032972 3318556 AssetAttributesManager.cpp:117] Asset attributes (cubeSolid : cubeSolid) created and registered.
I0928 06:28:41.032982 3318556 AssetAttributesManager.cpp:117] Asset attributes (cubeWireframe : cubeWireframe) created and registered.
I0928 06:28:41.033016 3318556 AssetAttributesManager.cpp:117] Asset attributes (cylinderSolid : cylinderSolid_rings_1_segments_12_halfLen_1_useTexCoords_false_useTangents_false_capEnds_true) created and registered.
I0928 06:28:41.033048 3318556 AssetAttributesManager.cpp:117] Asset attributes (cylinderWireframe : cylinderWireframe_rings_1_segments_32_halfLen_1) created and registered.
I0928 06:28:41.033063 3318556 AssetAttributesManager.cpp:117] Asset attributes (icosphereSolid : icosphereSolid_subdivs_1) created and registered.
I0928 06:28:41.033077 3318556 AssetAttributesManager.cpp:117] Asset attributes (icosphereWireframe : icosphereWireframe_subdivs_1) created and registered.
I0928 06:28:41.033097 3318556 AssetAttributesManager.cpp:117] Asset attributes (uvSphereSolid : uvSphereSolid_rings_8_segments_16_useTexCoords_false_useTangents_false) created and registered.
I0928 06:28:41.033118 3318556 AssetAttributesManager.cpp:117] Asset attributes (uvSphereWireframe : uvSphereWireframe_rings_16_segments_32) created and registered.
I0928 06:28:41.033126 3318556 AssetAttributesManager.cpp:105] AssetAttributesManager::buildCtorFuncPtrMaps : Built default primitive asset templates : 12
I0928 06:28:41.033831 3318556 SceneDatasetAttributesManager.cpp:23] File (default) not found, so new default dataset attributes created and registered.
I0928 06:28:41.033836 3318556 MetadataMediator.cpp:47] MetadataMediator::createDataset : Dataset default successfully created.
I0928 06:28:41.039577 3318556 AttributesManagerBase.h:283] AttributesManager<T>::createFromJsonOrDefaultInternal  (Physics Manager) : Proposing JSON name : ./data/default.physics_config.json from original name : ./data/default.physics_config.json | This file  does not exist.
I0928 06:28:41.039600 3318556 PhysicsAttributesManager.cpp:27] File (./data/default.physics_config.json) not found, so new default physics manager attributes created and registered.
I0928 06:28:41.039605 3318556 AbstractObjectAttributesManagerBase.h:175] AbstractObjectAttributesManager<T>::createObject  (Stage) : Making attributes with handle : NONE
I0928 06:28:41.039615 3318556 ManagedContainerBase.cpp:19] ManagedContainerBase::convertFilenameToJSON : Filename : NONE changed to proposed JSON configuration filename : NONE.stage_config.json
I0928 06:28:41.039620 3318556 AttributesManagerBase.h:283] AttributesManager<T>::createFromJsonOrDefaultInternal  (Stage) : Proposing JSON name : NONE.stage_config.json from original name : NONE | This file  does not exist.
I0928 06:28:41.039701 3318556 AbstractObjectAttributesManagerBase.h:181] AbstractObjectAttributesManager<T>::createObject  (Stage) : Done making attributes with handle : NONE
I0928 06:28:41.039705 3318556 AbstractObjectAttributesManagerBase.h:188] File (NONE) not found, so new default Stage attributes created and registered.
W0928 06:28:41.039717 3318556 Simulator.cpp:160] Navmesh file not found, checked at 
I0928 06:28:41.039736 3318556 SceneGraph.h:93] Created DrawableGroup: 
Renderer: NVIDIA A40/PCIe/SSE2 by NVIDIA Corporation
OpenGL version: 4.6.0 NVIDIA 525.125.06
Using optional features:
    GL_ARB_ES2_compatibility
    GL_ARB_direct_state_access
    GL_ARB_get_texture_sub_image
    GL_ARB_invalidate_subdata
    GL_ARB_multi_bind
    GL_ARB_robustness
    GL_ARB_separate_shader_objects
    GL_ARB_texture_filter_anisotropic
    GL_ARB_texture_storage
    GL_ARB_texture_storage_multisample
    GL_ARB_vertex_array_object
    GL_KHR_debug
Using driver workarounds:
    no-forward-compatible-core-context
    nv-egl-incorrect-gl11-function-pointers
    no-layout-qualifiers-on-old-glsl
    nv-zero-context-profile-mask
    nv-implementation-color-read-format-dsa-broken
    nv-cubemap-inconsistent-compressed-image-size
    nv-cubemap-broken-full-compressed-image-query
    nv-compressed-block-size-in-bits
W0928 06:28:41.304545 3318556 ResourceManager.cpp:228] ResourceManager::loadStage : Not loading semantic mesh - File Name : NONE_semantic.ply does not exist.
I0928 06:28:41.304605 3318556 ResourceManager.cpp:262] ResourceManager::loadStage : start load render asset NONE.
I0928 06:28:41.304610 3318556 ResourceManager.cpp:569] ResourceManager::loadStageInternal : Attempting to load stage NONE 
I0928 06:28:41.304612 3318556 ResourceManager.cpp:607] ResourceManager::loadStageInternal : Loading empty scene for NONE
W0928 06:28:41.304963 3318556 simulator.py:215] Could not find navmesh NONE.navmesh, no collision checking will be done
I0928 06:28:54.059540 3318556 MetadataMediator.cpp:56] MetadataMediator::setActiveSceneDatasetName : Old active dataset default changed to default successfully.
I0928 06:28:54.059579 3318556 AttributesManagerBase.h:283] AttributesManager<T>::createFromJsonOrDefaultInternal  (Physics Manager) : Proposing JSON name : ./data/default.physics_config.json from original name : ./data/default.physics_config.json | This file  does not exist.
I0928 06:28:54.059626 3318556 PhysicsAttributesManager.cpp:27] File (./data/default.physics_config.json) not found, so new default physics manager attributes created and registered.
I0928 06:28:54.059639 3318556 AbstractObjectAttributesManagerBase.h:175] AbstractObjectAttributesManager<T>::createObject  (Stage) : Making attributes with handle : /home/zuoxy/ceph_old/data/mp3d/uNb9QFRL6hY/uNb9QFRL6hY.glb
I0928 06:28:54.059648 3318556 ManagedContainerBase.cpp:19] ManagedContainerBase::convertFilenameToJSON : Filename : /home/zuoxy/ceph_old/data/mp3d/uNb9QFRL6hY/uNb9QFRL6hY.glb changed to proposed JSON configuration filename : /home/zuoxy/ceph_old/data/mp3d/uNb9QFRL6hY/uNb9QFRL6hY.stage_config.json
I0928 06:28:54.059654 3318556 AttributesManagerBase.h:283] AttributesManager<T>::createFromJsonOrDefaultInternal  (Stage) : Proposing JSON name : /home/zuoxy/ceph_old/data/mp3d/uNb9QFRL6hY/uNb9QFRL6hY.stage_config.json from original name : /home/zuoxy/ceph_old/data/mp3d/uNb9QFRL6hY/uNb9QFRL6hY.glb | This file  does not exist.
I0928 06:28:54.059760 3318556 AbstractObjectAttributesManagerBase.h:181] AbstractObjectAttributesManager<T>::createObject  (Stage) : Done making attributes with handle : /home/zuoxy/ceph_old/data/mp3d/uNb9QFRL6hY/uNb9QFRL6hY.glb
I0928 06:28:54.059768 3318556 AbstractObjectAttributesManagerBase.h:188] File (/home/zuoxy/ceph_old/data/mp3d/uNb9QFRL6hY/uNb9QFRL6hY.glb) exists but is not a recognized config filename extension, so new default Stage attributes created and registered.
I0928 06:28:54.059783 3318556 Simulator.cpp:156] Loading navmesh from /home/zuoxy/ceph_old/data/mp3d/uNb9QFRL6hY/uNb9QFRL6hY.navmesh
I0928 06:28:54.063366 3318556 Simulator.cpp:158] Loaded.
I0928 06:28:54.063381 3318556 SceneGraph.h:93] Created DrawableGroup: 
I0928 06:28:54.063395 3318556 PhysicsManager.cpp:33] Deconstructing PhysicsManager
I0928 06:28:54.063568 3318556 ResourceManager.cpp:193] ResourceManager::loadStage : Loading Semantic Stage mesh : /home/zuoxy/ceph_old/data/mp3d/uNb9QFRL6hY/uNb9QFRL6hY_semantic.ply
I0928 06:28:54.063576 3318556 SceneGraph.h:93] Created DrawableGroup: 
I0928 06:28:54.063580 3318556 ResourceManager.cpp:569] ResourceManager::loadStageInternal : Attempting to load stage /home/zuoxy/ceph_old/data/mp3d/uNb9QFRL6hY/uNb9QFRL6hY_semantic.ply 
I0928 06:29:13.989411 3318556 ResourceManager.cpp:224] ResourceManager::loadStage : Semantic Stage mesh : /home/zuoxy/ceph_old/data/mp3d/uNb9QFRL6hY/uNb9QFRL6hY_semantic.ply loaded.
I0928 06:29:13.990322 3318556 ResourceManager.cpp:262] ResourceManager::loadStage : start load render asset /home/zuoxy/ceph_old/data/mp3d/uNb9QFRL6hY/uNb9QFRL6hY.glb.
I0928 06:29:13.990327 3318556 ResourceManager.cpp:569] ResourceManager::loadStageInternal : Attempting to load stage /home/zuoxy/ceph_old/data/mp3d/uNb9QFRL6hY/uNb9QFRL6hY.glb 
I0928 06:29:13.991036 3318556 ResourceManager.cpp:1119] Importing Basis files as BC7 for uNb9QFRL6hY.glb
I0928 06:29:24.684098 3318556 SemanticScene.h:41] Deconstructing SemanticScene
I0928 06:29:24.855863 3318556 simulator.py:213] Loaded navmesh /home/zuoxy/ceph_old/data/mp3d/uNb9QFRL6hY/uNb9QFRL6hY.navmesh
I0928 06:29:59.964495 3318556 MetadataMediator.cpp:56] MetadataMediator::setActiveSceneDatasetName : Old active dataset default changed to default successfully.
I0928 06:29:59.965140 3318556 AttributesManagerBase.h:283] AttributesManager<T>::createFromJsonOrDefaultInternal  (Physics Manager) : Proposing JSON name : ./data/default.physics_config.json from original name : ./data/default.physics_config.json | This file  does not exist.
I0928 06:29:59.965194 3318556 PhysicsAttributesManager.cpp:27] File (./data/default.physics_config.json) not found, so new default physics manager attributes created and registered.
I0928 06:29:59.965206 3318556 AbstractObjectAttributesManagerBase.h:175] AbstractObjectAttributesManager<T>::createObject  (Stage) : Making attributes with handle : /home/zuoxy/ceph_old/data/mp3d/Vvot9Ly1tCj/Vvot9Ly1tCj.glb
I0928 06:29:59.965215 3318556 ManagedContainerBase.cpp:19] ManagedContainerBase::convertFilenameToJSON : Filename : /home/zuoxy/ceph_old/data/mp3d/Vvot9Ly1tCj/Vvot9Ly1tCj.glb changed to proposed JSON configuration filename : /home/zuoxy/ceph_old/data/mp3d/Vvot9Ly1tCj/Vvot9Ly1tCj.stage_config.json
I0928 06:29:59.965224 3318556 AttributesManagerBase.h:283] AttributesManager<T>::createFromJsonOrDefaultInternal  (Stage) : Proposing JSON name : /home/zuoxy/ceph_old/data/mp3d/Vvot9Ly1tCj/Vvot9Ly1tCj.stage_config.json from original name : /home/zuoxy/ceph_old/data/mp3d/Vvot9Ly1tCj/Vvot9Ly1tCj.glb | This file  does not exist.
I0928 06:29:59.965323 3318556 AbstractObjectAttributesManagerBase.h:181] AbstractObjectAttributesManager<T>::createObject  (Stage) : Done making attributes with handle : /home/zuoxy/ceph_old/data/mp3d/Vvot9Ly1tCj/Vvot9Ly1tCj.glb
I0928 06:29:59.965327 3318556 AbstractObjectAttributesManagerBase.h:188] File (/home/zuoxy/ceph_old/data/mp3d/Vvot9Ly1tCj/Vvot9Ly1tCj.glb) exists but is not a recognized config filename extension, so new default Stage attributes created and registered.
I0928 06:29:59.966264 3318556 Simulator.cpp:156] Loading navmesh from /home/zuoxy/ceph_old/data/mp3d/Vvot9Ly1tCj/Vvot9Ly1tCj.navmesh
I0928 06:29:59.969161 3318556 Simulator.cpp:158] Loaded.
I0928 06:29:59.969172 3318556 SceneGraph.h:93] Created DrawableGroup: 
I0928 06:29:59.969182 3318556 PhysicsManager.cpp:33] Deconstructing PhysicsManager
I0928 06:29:59.969327 3318556 ResourceManager.cpp:193] ResourceManager::loadStage : Loading Semantic Stage mesh : /home/zuoxy/ceph_old/data/mp3d/Vvot9Ly1tCj/Vvot9Ly1tCj_semantic.ply
I0928 06:29:59.969332 3318556 SceneGraph.h:93] Created DrawableGroup: 
I0928 06:29:59.969337 3318556 ResourceManager.cpp:569] ResourceManager::loadStageInternal : Attempting to load stage /home/zuoxy/ceph_old/data/mp3d/Vvot9Ly1tCj/Vvot9Ly1tCj_semantic.ply 
I0928 06:30:12.008987 3318556 ResourceManager.cpp:224] ResourceManager::loadStage : Semantic Stage mesh : /home/zuoxy/ceph_old/data/mp3d/Vvot9Ly1tCj/Vvot9Ly1tCj_semantic.ply loaded.
I0928 06:30:12.009053 3318556 ResourceManager.cpp:262] ResourceManager::loadStage : start load render asset /home/zuoxy/ceph_old/data/mp3d/Vvot9Ly1tCj/Vvot9Ly1tCj.glb.
I0928 06:30:12.009057 3318556 ResourceManager.cpp:569] ResourceManager::loadStageInternal : Attempting to load stage /home/zuoxy/ceph_old/data/mp3d/Vvot9Ly1tCj/Vvot9Ly1tCj.glb 
I0928 06:30:12.009150 3318556 ResourceManager.cpp:1119] Importing Basis files as BC7 for Vvot9Ly1tCj.glb
I0928 06:30:19.710654 3318556 SemanticScene.h:41] Deconstructing SemanticScene
I0928 06:30:19.853146 3318556 simulator.py:213] Loaded navmesh /home/zuoxy/ceph_old/data/mp3d/Vvot9Ly1tCj/Vvot9Ly1tCj.navmesh
I0928 06:30:42.006664 3318556 MetadataMediator.cpp:56] MetadataMediator::setActiveSceneDatasetName : Old active dataset default changed to default successfully.
I0928 06:30:42.006698 3318556 AttributesManagerBase.h:283] AttributesManager<T>::createFromJsonOrDefaultInternal  (Physics Manager) : Proposing JSON name : ./data/default.physics_config.json from original name : ./data/default.physics_config.json | This file  does not exist.
I0928 06:30:42.006747 3318556 PhysicsAttributesManager.cpp:27] File (./data/default.physics_config.json) not found, so new default physics manager attributes created and registered.
I0928 06:30:42.006757 3318556 AbstractObjectAttributesManagerBase.h:175] AbstractObjectAttributesManager<T>::createObject  (Stage) : Making attributes with handle : /home/zuoxy/ceph_old/data/mp3d/gTV8FGcVJC9/gTV8FGcVJC9.glb
I0928 06:30:42.006764 3318556 ManagedContainerBase.cpp:19] ManagedContainerBase::convertFilenameToJSON : Filename : /home/zuoxy/ceph_old/data/mp3d/gTV8FGcVJC9/gTV8FGcVJC9.glb changed to proposed JSON configuration filename : /home/zuoxy/ceph_old/data/mp3d/gTV8FGcVJC9/gTV8FGcVJC9.stage_config.json
I0928 06:30:42.006772 3318556 AttributesManagerBase.h:283] AttributesManager<T>::createFromJsonOrDefaultInternal  (Stage) : Proposing JSON name : /home/zuoxy/ceph_old/data/mp3d/gTV8FGcVJC9/gTV8FGcVJC9.stage_config.json from original name : /home/zuoxy/ceph_old/data/mp3d/gTV8FGcVJC9/gTV8FGcVJC9.glb | This file  does not exist.
I0928 06:30:42.006868 3318556 AbstractObjectAttributesManagerBase.h:181] AbstractObjectAttributesManager<T>::createObject  (Stage) : Done making attributes with handle : /home/zuoxy/ceph_old/data/mp3d/gTV8FGcVJC9/gTV8FGcVJC9.glb
I0928 06:30:42.006871 3318556 AbstractObjectAttributesManagerBase.h:188] File (/home/zuoxy/ceph_old/data/mp3d/gTV8FGcVJC9/gTV8FGcVJC9.glb) exists but is not a recognized config filename extension, so new default Stage attributes created and registered.
I0928 06:30:42.007164 3318556 Simulator.cpp:156] Loading navmesh from /home/zuoxy/ceph_old/data/mp3d/gTV8FGcVJC9/gTV8FGcVJC9.navmesh
I0928 06:30:42.010948 3318556 Simulator.cpp:158] Loaded.
I0928 06:30:42.010960 3318556 SceneGraph.h:93] Created DrawableGroup: 
I0928 06:30:42.010968 3318556 PhysicsManager.cpp:33] Deconstructing PhysicsManager
I0928 06:30:42.011102 3318556 ResourceManager.cpp:193] ResourceManager::loadStage : Loading Semantic Stage mesh : /home/zuoxy/ceph_old/data/mp3d/gTV8FGcVJC9/gTV8FGcVJC9_semantic.ply
I0928 06:30:42.011109 3318556 SceneGraph.h:93] Created DrawableGroup: 
I0928 06:30:42.011113 3318556 ResourceManager.cpp:569] ResourceManager::loadStageInternal : Attempting to load stage /home/zuoxy/ceph_old/data/mp3d/gTV8FGcVJC9/gTV8FGcVJC9_semantic.ply 
I0928 06:31:01.564148 3318556 ResourceManager.cpp:224] ResourceManager::loadStage : Semantic Stage mesh : /home/zuoxy/ceph_old/data/mp3d/gTV8FGcVJC9/gTV8FGcVJC9_semantic.ply loaded.
I0928 06:31:01.564209 3318556 ResourceManager.cpp:262] ResourceManager::loadStage : start load render asset /home/zuoxy/ceph_old/data/mp3d/gTV8FGcVJC9/gTV8FGcVJC9.glb.
I0928 06:31:01.564213 3318556 ResourceManager.cpp:569] ResourceManager::loadStageInternal : Attempting to load stage /home/zuoxy/ceph_old/data/mp3d/gTV8FGcVJC9/gTV8FGcVJC9.glb 
I0928 06:31:01.564693 3318556 ResourceManager.cpp:1119] Importing Basis files as BC7 for gTV8FGcVJC9.glb
I0928 06:31:32.724189 3318556 SemanticScene.h:41] Deconstructing SemanticScene
I0928 06:31:32.954481 3318556 simulator.py:213] Loaded navmesh /home/zuoxy/ceph_old/data/mp3d/gTV8FGcVJC9/gTV8FGcVJC9.navmesh
I0928 06:32:04.648999 3318556 MetadataMediator.cpp:56] MetadataMediator::setActiveSceneDatasetName : Old active dataset default changed to default successfully.
I0928 06:32:04.649307 3318556 AttributesManagerBase.h:283] AttributesManager<T>::createFromJsonOrDefaultInternal  (Physics Manager) : Proposing JSON name : ./data/default.physics_config.json from original name : ./data/default.physics_config.json | This file  does not exist.
I0928 06:32:04.649363 3318556 PhysicsAttributesManager.cpp:27] File (./data/default.physics_config.json) not found, so new default physics manager attributes created and registered.
I0928 06:32:04.649374 3318556 AbstractObjectAttributesManagerBase.h:175] AbstractObjectAttributesManager<T>::createObject  (Stage) : Making attributes with handle : /home/zuoxy/ceph_old/data/mp3d/2n8kARJN3HM/2n8kARJN3HM.glb
I0928 06:32:04.649381 3318556 ManagedContainerBase.cpp:19] ManagedContainerBase::convertFilenameToJSON : Filename : /home/zuoxy/ceph_old/data/mp3d/2n8kARJN3HM/2n8kARJN3HM.glb changed to proposed JSON configuration filename : /home/zuoxy/ceph_old/data/mp3d/2n8kARJN3HM/2n8kARJN3HM.stage_config.json
I0928 06:32:04.649389 3318556 AttributesManagerBase.h:283] AttributesManager<T>::createFromJsonOrDefaultInternal  (Stage) : Proposing JSON name : /home/zuoxy/ceph_old/data/mp3d/2n8kARJN3HM/2n8kARJN3HM.stage_config.json from original name : /home/zuoxy/ceph_old/data/mp3d/2n8kARJN3HM/2n8kARJN3HM.glb | This file  does not exist.
I0928 06:32:04.649485 3318556 AbstractObjectAttributesManagerBase.h:181] AbstractObjectAttributesManager<T>::createObject  (Stage) : Done making attributes with handle : /home/zuoxy/ceph_old/data/mp3d/2n8kARJN3HM/2n8kARJN3HM.glb
I0928 06:32:04.649488 3318556 AbstractObjectAttributesManagerBase.h:188] File (/home/zuoxy/ceph_old/data/mp3d/2n8kARJN3HM/2n8kARJN3HM.glb) exists but is not a recognized config filename extension, so new default Stage attributes created and registered.
I0928 06:32:04.649871 3318556 Simulator.cpp:156] Loading navmesh from /home/zuoxy/ceph_old/data/mp3d/2n8kARJN3HM/2n8kARJN3HM.navmesh
I0928 06:32:04.652410 3318556 Simulator.cpp:158] Loaded.
I0928 06:32:04.652424 3318556 SceneGraph.h:93] Created DrawableGroup: 
I0928 06:32:04.652434 3318556 PhysicsManager.cpp:33] Deconstructing PhysicsManager
I0928 06:32:04.652621 3318556 ResourceManager.cpp:193] ResourceManager::loadStage : Loading Semantic Stage mesh : /home/zuoxy/ceph_old/data/mp3d/2n8kARJN3HM/2n8kARJN3HM_semantic.ply
I0928 06:32:04.652628 3318556 SceneGraph.h:93] Created DrawableGroup: 
I0928 06:32:04.652632 3318556 ResourceManager.cpp:569] ResourceManager::loadStageInternal : Attempting to load stage /home/zuoxy/ceph_old/data/mp3d/2n8kARJN3HM/2n8kARJN3HM_semantic.ply 
I0928 06:32:16.479970 3318556 ResourceManager.cpp:224] ResourceManager::loadStage : Semantic Stage mesh : /home/zuoxy/ceph_old/data/mp3d/2n8kARJN3HM/2n8kARJN3HM_semantic.ply loaded.
I0928 06:32:16.480027 3318556 ResourceManager.cpp:262] ResourceManager::loadStage : start load render asset /home/zuoxy/ceph_old/data/mp3d/2n8kARJN3HM/2n8kARJN3HM.glb.
I0928 06:32:16.480031 3318556 ResourceManager.cpp:569] ResourceManager::loadStageInternal : Attempting to load stage /home/zuoxy/ceph_old/data/mp3d/2n8kARJN3HM/2n8kARJN3HM.glb 
I0928 06:32:16.480122 3318556 ResourceManager.cpp:1119] Importing Basis files as BC7 for 2n8kARJN3HM.glb
I0928 06:32:26.360914 3318556 SemanticScene.h:41] Deconstructing SemanticScene
I0928 06:32:26.498836 3318556 simulator.py:213] Loaded navmesh /home/zuoxy/ceph_old/data/mp3d/2n8kARJN3HM/2n8kARJN3HM.navmesh
I0928 06:33:35.547016 3318556 MetadataMediator.cpp:56] MetadataMediator::setActiveSceneDatasetName : Old active dataset default changed to default successfully.
I0928 06:33:35.547334 3318556 AttributesManagerBase.h:283] AttributesManager<T>::createFromJsonOrDefaultInternal  (Physics Manager) : Proposing JSON name : ./data/default.physics_config.json from original name : ./data/default.physics_config.json | This file  does not exist.
I0928 06:33:35.547398 3318556 PhysicsAttributesManager.cpp:27] File (./data/default.physics_config.json) not found, so new default physics manager attributes created and registered.
I0928 06:33:35.547411 3318556 AbstractObjectAttributesManagerBase.h:175] AbstractObjectAttributesManager<T>::createObject  (Stage) : Making attributes with handle : /home/zuoxy/ceph_old/data/mp3d/B6ByNegPMKs/B6ByNegPMKs.glb
I0928 06:33:35.547421 3318556 ManagedContainerBase.cpp:19] ManagedContainerBase::convertFilenameToJSON : Filename : /home/zuoxy/ceph_old/data/mp3d/B6ByNegPMKs/B6ByNegPMKs.glb changed to proposed JSON configuration filename : /home/zuoxy/ceph_old/data/mp3d/B6ByNegPMKs/B6ByNegPMKs.stage_config.json
I0928 06:33:35.547430 3318556 AttributesManagerBase.h:283] AttributesManager<T>::createFromJsonOrDefaultInternal  (Stage) : Proposing JSON name : /home/zuoxy/ceph_old/data/mp3d/B6ByNegPMKs/B6ByNegPMKs.stage_config.json from original name : /home/zuoxy/ceph_old/data/mp3d/B6ByNegPMKs/B6ByNegPMKs.glb | This file  does not exist.
I0928 06:33:35.547536 3318556 AbstractObjectAttributesManagerBase.h:181] AbstractObjectAttributesManager<T>::createObject  (Stage) : Done making attributes with handle : /home/zuoxy/ceph_old/data/mp3d/B6ByNegPMKs/B6ByNegPMKs.glb
I0928 06:33:35.547540 3318556 AbstractObjectAttributesManagerBase.h:188] File (/home/zuoxy/ceph_old/data/mp3d/B6ByNegPMKs/B6ByNegPMKs.glb) exists but is not a recognized config filename extension, so new default Stage attributes created and registered.
I0928 06:33:35.548533 3318556 Simulator.cpp:156] Loading navmesh from /home/zuoxy/ceph_old/data/mp3d/B6ByNegPMKs/B6ByNegPMKs.navmesh
I0928 06:33:35.551564 3318556 Simulator.cpp:158] Loaded.
I0928 06:33:35.551577 3318556 SceneGraph.h:93] Created DrawableGroup: 
I0928 06:33:35.551589 3318556 PhysicsManager.cpp:33] Deconstructing PhysicsManager
I0928 06:33:35.551798 3318556 ResourceManager.cpp:193] ResourceManager::loadStage : Loading Semantic Stage mesh : /home/zuoxy/ceph_old/data/mp3d/B6ByNegPMKs/B6ByNegPMKs_semantic.ply
I0928 06:33:35.551803 3318556 SceneGraph.h:93] Created DrawableGroup: 
I0928 06:33:35.551807 3318556 ResourceManager.cpp:569] ResourceManager::loadStageInternal : Attempting to load stage /home/zuoxy/ceph_old/data/mp3d/B6ByNegPMKs/B6ByNegPMKs_semantic.ply 
I0928 06:34:12.448454 3318556 ResourceManager.cpp:224] ResourceManager::loadStage : Semantic Stage mesh : /home/zuoxy/ceph_old/data/mp3d/B6ByNegPMKs/B6ByNegPMKs_semantic.ply loaded.
I0928 06:34:12.448531 3318556 ResourceManager.cpp:262] ResourceManager::loadStage : start load render asset /home/zuoxy/ceph_old/data/mp3d/B6ByNegPMKs/B6ByNegPMKs.glb.
I0928 06:34:12.448534 3318556 ResourceManager.cpp:569] ResourceManager::loadStageInternal : Attempting to load stage /home/zuoxy/ceph_old/data/mp3d/B6ByNegPMKs/B6ByNegPMKs.glb 
I0928 06:34:12.448637 3318556 ResourceManager.cpp:1119] Importing Basis files as BC7 for B6ByNegPMKs.glb
slurmstepd: error: *** JOB 124865 ON kd-a40-0.grasp.maas CANCELLED AT 2023-09-28T06:34:24 ***
