usage: conda [-h] [--no-plugins] [-V] COMMAND ...
conda: error: argument COMMAND: invalid choice: 'activate' (choose from 'clean', 'compare', 'config', 'create', 'info', 'init', 'install', 'list', 'notices', 'package', 'remove', 'uninstall', 'rename', 'run', 'search', 'update', 'upgrade', 'build', 'convert', 'debug', 'develop', 'doctor', 'index', 'inspect', 'metapackage', 'render', 'skeleton', 'verify', 'env', 'token', 'pack', 'repo', 'server', 'content-trust')
WARNING: Logging before InitGoogleLogging() is written to STDERR
I0928 06:09:28.139441 3263394 ManagedContainerBase.cpp:19] ManagedContainerBase::convertFilenameToJSON : Filename : default changed to proposed JSON configuration filename : default.scene_dataset_config.json
I0928 06:09:28.139495 3263394 AttributesManagerBase.h:283] AttributesManager<T>::createFromJsonOrDefaultInternal  (Dataset) : Proposing JSON name : default.scene_dataset_config.json from original name : default | This file  does not exist.
I0928 06:09:28.139576 3263394 AssetAttributesManager.cpp:117] Asset attributes (capsule3DSolid : capsule3DSolid_hemiRings_4_cylRings_1_segments_12_halfLen_0.75_useTexCoords_false_useTangents_false) created and registered.
I0928 06:09:28.139617 3263394 AssetAttributesManager.cpp:117] Asset attributes (capsule3DWireframe : capsule3DWireframe_hemiRings_8_cylRings_1_segments_16_halfLen_1) created and registered.
I0928 06:09:28.139657 3263394 AssetAttributesManager.cpp:117] Asset attributes (coneSolid : coneSolid_segments_12_halfLen_1.25_rings_1_useTexCoords_false_useTangents_false_capEnd_true) created and registered.
I0928 06:09:28.139680 3263394 AssetAttributesManager.cpp:117] Asset attributes (coneWireframe : coneWireframe_segments_32_halfLen_1.25) created and registered.
I0928 06:09:28.139693 3263394 AssetAttributesManager.cpp:117] Asset attributes (cubeSolid : cubeSolid) created and registered.
I0928 06:09:28.139701 3263394 AssetAttributesManager.cpp:117] Asset attributes (cubeWireframe : cubeWireframe) created and registered.
I0928 06:09:28.139734 3263394 AssetAttributesManager.cpp:117] Asset attributes (cylinderSolid : cylinderSolid_rings_1_segments_12_halfLen_1_useTexCoords_false_useTangents_false_capEnds_true) created and registered.
I0928 06:09:28.139762 3263394 AssetAttributesManager.cpp:117] Asset attributes (cylinderWireframe : cylinderWireframe_rings_1_segments_32_halfLen_1) created and registered.
I0928 06:09:28.139777 3263394 AssetAttributesManager.cpp:117] Asset attributes (icosphereSolid : icosphereSolid_subdivs_1) created and registered.
I0928 06:09:28.139791 3263394 AssetAttributesManager.cpp:117] Asset attributes (icosphereWireframe : icosphereWireframe_subdivs_1) created and registered.
I0928 06:09:28.139811 3263394 AssetAttributesManager.cpp:117] Asset attributes (uvSphereSolid : uvSphereSolid_rings_8_segments_16_useTexCoords_false_useTangents_false) created and registered.
I0928 06:09:28.139829 3263394 AssetAttributesManager.cpp:117] Asset attributes (uvSphereWireframe : uvSphereWireframe_rings_16_segments_32) created and registered.
I0928 06:09:28.139837 3263394 AssetAttributesManager.cpp:105] AssetAttributesManager::buildCtorFuncPtrMaps : Built default primitive asset templates : 12
I0928 06:09:28.140530 3263394 SceneDatasetAttributesManager.cpp:23] File (default) not found, so new default dataset attributes created and registered.
I0928 06:09:28.140537 3263394 MetadataMediator.cpp:47] MetadataMediator::createDataset : Dataset default successfully created.
I0928 06:09:28.144531 3263394 AttributesManagerBase.h:283] AttributesManager<T>::createFromJsonOrDefaultInternal  (Physics Manager) : Proposing JSON name : ./data/default.physics_config.json from original name : ./data/default.physics_config.json | This file  does not exist.
I0928 06:09:28.144593 3263394 PhysicsAttributesManager.cpp:27] File (./data/default.physics_config.json) not found, so new default physics manager attributes created and registered.
I0928 06:09:28.144600 3263394 AbstractObjectAttributesManagerBase.h:175] AbstractObjectAttributesManager<T>::createObject  (Stage) : Making attributes with handle : NONE
I0928 06:09:28.144620 3263394 ManagedContainerBase.cpp:19] ManagedContainerBase::convertFilenameToJSON : Filename : NONE changed to proposed JSON configuration filename : NONE.stage_config.json
I0928 06:09:28.144626 3263394 AttributesManagerBase.h:283] AttributesManager<T>::createFromJsonOrDefaultInternal  (Stage) : Proposing JSON name : NONE.stage_config.json from original name : NONE | This file  does not exist.
I0928 06:09:28.144723 3263394 AbstractObjectAttributesManagerBase.h:181] AbstractObjectAttributesManager<T>::createObject  (Stage) : Done making attributes with handle : NONE
I0928 06:09:28.144727 3263394 AbstractObjectAttributesManagerBase.h:188] File (NONE) not found, so new default Stage attributes created and registered.
W0928 06:09:28.144742 3263394 Simulator.cpp:160] Navmesh file not found, checked at 
I0928 06:09:28.144763 3263394 SceneGraph.h:93] Created DrawableGroup: 
Renderer: NVIDIA A40/PCIe/SSE2 by NVIDIA Corporation
OpenGL version: 4.6.0 NVIDIA 525.125.06
Using optional features:
    GL_ARB_ES2_compatibility
    GL_ARB_direct_state_access
    GL_ARB_get_texture_sub_image
    GL_ARB_invalidate_subdata
    GL_ARB_multi_bind
    GL_ARB_robustness
    GL_ARB_separate_shader_objects
    GL_ARB_texture_filter_anisotropic
    GL_ARB_texture_storage
    GL_ARB_texture_storage_multisample
    GL_ARB_vertex_array_object
    GL_KHR_debug
Using driver workarounds:
    no-forward-compatible-core-context
    nv-egl-incorrect-gl11-function-pointers
    no-layout-qualifiers-on-old-glsl
    nv-zero-context-profile-mask
    nv-implementation-color-read-format-dsa-broken
    nv-cubemap-inconsistent-compressed-image-size
    nv-cubemap-broken-full-compressed-image-query
    nv-compressed-block-size-in-bits
W0928 06:09:28.416077 3263394 ResourceManager.cpp:228] ResourceManager::loadStage : Not loading semantic mesh - File Name : NONE_semantic.ply does not exist.
I0928 06:09:28.416095 3263394 ResourceManager.cpp:262] ResourceManager::loadStage : start load render asset NONE.
I0928 06:09:28.416097 3263394 ResourceManager.cpp:569] ResourceManager::loadStageInternal : Attempting to load stage NONE 
I0928 06:09:28.416100 3263394 ResourceManager.cpp:607] ResourceManager::loadStageInternal : Loading empty scene for NONE
W0928 06:09:28.416393 3263394 simulator.py:215] Could not find navmesh NONE.navmesh, no collision checking will be done
I0928 06:09:40.777446 3263394 MetadataMediator.cpp:56] MetadataMediator::setActiveSceneDatasetName : Old active dataset default changed to default successfully.
I0928 06:09:40.777726 3263394 AttributesManagerBase.h:283] AttributesManager<T>::createFromJsonOrDefaultInternal  (Physics Manager) : Proposing JSON name : ./data/default.physics_config.json from original name : ./data/default.physics_config.json | This file  does not exist.
I0928 06:09:40.777784 3263394 PhysicsAttributesManager.cpp:27] File (./data/default.physics_config.json) not found, so new default physics manager attributes created and registered.
I0928 06:09:40.777796 3263394 AbstractObjectAttributesManagerBase.h:175] AbstractObjectAttributesManager<T>::createObject  (Stage) : Making attributes with handle : /home/zuoxy/ceph_old/data/mp3d/8WUmhLawc2A/8WUmhLawc2A.glb
I0928 06:09:40.777805 3263394 ManagedContainerBase.cpp:19] ManagedContainerBase::convertFilenameToJSON : Filename : /home/zuoxy/ceph_old/data/mp3d/8WUmhLawc2A/8WUmhLawc2A.glb changed to proposed JSON configuration filename : /home/zuoxy/ceph_old/data/mp3d/8WUmhLawc2A/8WUmhLawc2A.stage_config.json
I0928 06:09:40.777813 3263394 AttributesManagerBase.h:283] AttributesManager<T>::createFromJsonOrDefaultInternal  (Stage) : Proposing JSON name : /home/zuoxy/ceph_old/data/mp3d/8WUmhLawc2A/8WUmhLawc2A.stage_config.json from original name : /home/zuoxy/ceph_old/data/mp3d/8WUmhLawc2A/8WUmhLawc2A.glb | This file  does not exist.
I0928 06:09:40.777913 3263394 AbstractObjectAttributesManagerBase.h:181] AbstractObjectAttributesManager<T>::createObject  (Stage) : Done making attributes with handle : /home/zuoxy/ceph_old/data/mp3d/8WUmhLawc2A/8WUmhLawc2A.glb
I0928 06:09:40.777921 3263394 AbstractObjectAttributesManagerBase.h:188] File (/home/zuoxy/ceph_old/data/mp3d/8WUmhLawc2A/8WUmhLawc2A.glb) exists but is not a recognized config filename extension, so new default Stage attributes created and registered.
I0928 06:09:40.777935 3263394 Simulator.cpp:156] Loading navmesh from /home/zuoxy/ceph_old/data/mp3d/8WUmhLawc2A/8WUmhLawc2A.navmesh
I0928 06:09:40.779487 3263394 Simulator.cpp:158] Loaded.
I0928 06:09:40.779500 3263394 SceneGraph.h:93] Created DrawableGroup: 
I0928 06:09:40.779511 3263394 PhysicsManager.cpp:33] Deconstructing PhysicsManager
I0928 06:09:40.779687 3263394 ResourceManager.cpp:193] ResourceManager::loadStage : Loading Semantic Stage mesh : /home/zuoxy/ceph_old/data/mp3d/8WUmhLawc2A/8WUmhLawc2A_semantic.ply
I0928 06:09:40.779695 3263394 SceneGraph.h:93] Created DrawableGroup: 
I0928 06:09:40.779697 3263394 ResourceManager.cpp:569] ResourceManager::loadStageInternal : Attempting to load stage /home/zuoxy/ceph_old/data/mp3d/8WUmhLawc2A/8WUmhLawc2A_semantic.ply 
I0928 06:09:50.057960 3263394 ResourceManager.cpp:224] ResourceManager::loadStage : Semantic Stage mesh : /home/zuoxy/ceph_old/data/mp3d/8WUmhLawc2A/8WUmhLawc2A_semantic.ply loaded.
I0928 06:09:50.058012 3263394 ResourceManager.cpp:262] ResourceManager::loadStage : start load render asset /home/zuoxy/ceph_old/data/mp3d/8WUmhLawc2A/8WUmhLawc2A.glb.
I0928 06:09:50.058015 3263394 ResourceManager.cpp:569] ResourceManager::loadStageInternal : Attempting to load stage /home/zuoxy/ceph_old/data/mp3d/8WUmhLawc2A/8WUmhLawc2A.glb 
I0928 06:09:50.058847 3263394 ResourceManager.cpp:1119] Importing Basis files as BC7 for 8WUmhLawc2A.glb
I0928 06:09:58.260825 3263394 SemanticScene.h:41] Deconstructing SemanticScene
I0928 06:09:58.337853 3263394 simulator.py:213] Loaded navmesh /home/zuoxy/ceph_old/data/mp3d/8WUmhLawc2A/8WUmhLawc2A.navmesh
I0928 06:10:15.163412 3263394 MetadataMediator.cpp:56] MetadataMediator::setActiveSceneDatasetName : Old active dataset default changed to default successfully.
I0928 06:10:15.163558 3263394 AttributesManagerBase.h:283] AttributesManager<T>::createFromJsonOrDefaultInternal  (Physics Manager) : Proposing JSON name : ./data/default.physics_config.json from original name : ./data/default.physics_config.json | This file  does not exist.
I0928 06:10:15.163599 3263394 PhysicsAttributesManager.cpp:27] File (./data/default.physics_config.json) not found, so new default physics manager attributes created and registered.
I0928 06:10:15.163609 3263394 AbstractObjectAttributesManagerBase.h:175] AbstractObjectAttributesManager<T>::createObject  (Stage) : Making attributes with handle : /home/zuoxy/ceph_old/data/mp3d/kEZ7cmS4wCh/kEZ7cmS4wCh.glb
I0928 06:10:15.163617 3263394 ManagedContainerBase.cpp:19] ManagedContainerBase::convertFilenameToJSON : Filename : /home/zuoxy/ceph_old/data/mp3d/kEZ7cmS4wCh/kEZ7cmS4wCh.glb changed to proposed JSON configuration filename : /home/zuoxy/ceph_old/data/mp3d/kEZ7cmS4wCh/kEZ7cmS4wCh.stage_config.json
I0928 06:10:15.163625 3263394 AttributesManagerBase.h:283] AttributesManager<T>::createFromJsonOrDefaultInternal  (Stage) : Proposing JSON name : /home/zuoxy/ceph_old/data/mp3d/kEZ7cmS4wCh/kEZ7cmS4wCh.stage_config.json from original name : /home/zuoxy/ceph_old/data/mp3d/kEZ7cmS4wCh/kEZ7cmS4wCh.glb | This file  does not exist.
I0928 06:10:15.163713 3263394 AbstractObjectAttributesManagerBase.h:181] AbstractObjectAttributesManager<T>::createObject  (Stage) : Done making attributes with handle : /home/zuoxy/ceph_old/data/mp3d/kEZ7cmS4wCh/kEZ7cmS4wCh.glb
I0928 06:10:15.163717 3263394 AbstractObjectAttributesManagerBase.h:188] File (/home/zuoxy/ceph_old/data/mp3d/kEZ7cmS4wCh/kEZ7cmS4wCh.glb) exists but is not a recognized config filename extension, so new default Stage attributes created and registered.
I0928 06:10:15.163816 3263394 Simulator.cpp:156] Loading navmesh from /home/zuoxy/ceph_old/data/mp3d/kEZ7cmS4wCh/kEZ7cmS4wCh.navmesh
I0928 06:10:15.167382 3263394 Simulator.cpp:158] Loaded.
I0928 06:10:15.167392 3263394 SceneGraph.h:93] Created DrawableGroup: 
I0928 06:10:15.167400 3263394 PhysicsManager.cpp:33] Deconstructing PhysicsManager
I0928 06:10:15.167519 3263394 ResourceManager.cpp:193] ResourceManager::loadStage : Loading Semantic Stage mesh : /home/zuoxy/ceph_old/data/mp3d/kEZ7cmS4wCh/kEZ7cmS4wCh_semantic.ply
I0928 06:10:15.167526 3263394 SceneGraph.h:93] Created DrawableGroup: 
I0928 06:10:15.167529 3263394 ResourceManager.cpp:569] ResourceManager::loadStageInternal : Attempting to load stage /home/zuoxy/ceph_old/data/mp3d/kEZ7cmS4wCh/kEZ7cmS4wCh_semantic.ply 
I0928 06:10:25.772496 3263394 ResourceManager.cpp:224] ResourceManager::loadStage : Semantic Stage mesh : /home/zuoxy/ceph_old/data/mp3d/kEZ7cmS4wCh/kEZ7cmS4wCh_semantic.ply loaded.
I0928 06:10:25.772555 3263394 ResourceManager.cpp:262] ResourceManager::loadStage : start load render asset /home/zuoxy/ceph_old/data/mp3d/kEZ7cmS4wCh/kEZ7cmS4wCh.glb.
I0928 06:10:25.772567 3263394 ResourceManager.cpp:569] ResourceManager::loadStageInternal : Attempting to load stage /home/zuoxy/ceph_old/data/mp3d/kEZ7cmS4wCh/kEZ7cmS4wCh.glb 
I0928 06:10:25.772657 3263394 ResourceManager.cpp:1119] Importing Basis files as BC7 for kEZ7cmS4wCh.glb
I0928 06:10:33.901413 3263394 SemanticScene.h:41] Deconstructing SemanticScene
I0928 06:10:34.058964 3263394 simulator.py:213] Loaded navmesh /home/zuoxy/ceph_old/data/mp3d/kEZ7cmS4wCh/kEZ7cmS4wCh.navmesh
I0928 06:10:53.481047 3263394 MetadataMediator.cpp:56] MetadataMediator::setActiveSceneDatasetName : Old active dataset default changed to default successfully.
I0928 06:10:53.481345 3263394 AttributesManagerBase.h:283] AttributesManager<T>::createFromJsonOrDefaultInternal  (Physics Manager) : Proposing JSON name : ./data/default.physics_config.json from original name : ./data/default.physics_config.json | This file  does not exist.
I0928 06:10:53.481388 3263394 PhysicsAttributesManager.cpp:27] File (./data/default.physics_config.json) not found, so new default physics manager attributes created and registered.
I0928 06:10:53.481398 3263394 AbstractObjectAttributesManagerBase.h:175] AbstractObjectAttributesManager<T>::createObject  (Stage) : Making attributes with handle : /home/zuoxy/ceph_old/data/mp3d/r1Q1Z4BcV1o/r1Q1Z4BcV1o.glb
I0928 06:10:53.481405 3263394 ManagedContainerBase.cpp:19] ManagedContainerBase::convertFilenameToJSON : Filename : /home/zuoxy/ceph_old/data/mp3d/r1Q1Z4BcV1o/r1Q1Z4BcV1o.glb changed to proposed JSON configuration filename : /home/zuoxy/ceph_old/data/mp3d/r1Q1Z4BcV1o/r1Q1Z4BcV1o.stage_config.json
I0928 06:10:53.481549 3263394 AttributesManagerBase.h:283] AttributesManager<T>::createFromJsonOrDefaultInternal  (Stage) : Proposing JSON name : /home/zuoxy/ceph_old/data/mp3d/r1Q1Z4BcV1o/r1Q1Z4BcV1o.stage_config.json from original name : /home/zuoxy/ceph_old/data/mp3d/r1Q1Z4BcV1o/r1Q1Z4BcV1o.glb | This file  does not exist.
I0928 06:10:53.481896 3263394 AbstractObjectAttributesManagerBase.h:181] AbstractObjectAttributesManager<T>::createObject  (Stage) : Done making attributes with handle : /home/zuoxy/ceph_old/data/mp3d/r1Q1Z4BcV1o/r1Q1Z4BcV1o.glb
I0928 06:10:53.481900 3263394 AbstractObjectAttributesManagerBase.h:188] File (/home/zuoxy/ceph_old/data/mp3d/r1Q1Z4BcV1o/r1Q1Z4BcV1o.glb) exists but is not a recognized config filename extension, so new default Stage attributes created and registered.
I0928 06:10:53.482095 3263394 Simulator.cpp:156] Loading navmesh from /home/zuoxy/ceph_old/data/mp3d/r1Q1Z4BcV1o/r1Q1Z4BcV1o.navmesh
I0928 06:10:53.485308 3263394 Simulator.cpp:158] Loaded.
I0928 06:10:53.485317 3263394 SceneGraph.h:93] Created DrawableGroup: 
I0928 06:10:53.485325 3263394 PhysicsManager.cpp:33] Deconstructing PhysicsManager
I0928 06:10:53.485704 3263394 ResourceManager.cpp:193] ResourceManager::loadStage : Loading Semantic Stage mesh : /home/zuoxy/ceph_old/data/mp3d/r1Q1Z4BcV1o/r1Q1Z4BcV1o_semantic.ply
I0928 06:10:53.485710 3263394 SceneGraph.h:93] Created DrawableGroup: 
I0928 06:10:53.485714 3263394 ResourceManager.cpp:569] ResourceManager::loadStageInternal : Attempting to load stage /home/zuoxy/ceph_old/data/mp3d/r1Q1Z4BcV1o/r1Q1Z4BcV1o_semantic.ply 
I0928 06:10:58.713361 3263394 ResourceManager.cpp:224] ResourceManager::loadStage : Semantic Stage mesh : /home/zuoxy/ceph_old/data/mp3d/r1Q1Z4BcV1o/r1Q1Z4BcV1o_semantic.ply loaded.
I0928 06:10:58.713424 3263394 ResourceManager.cpp:262] ResourceManager::loadStage : start load render asset /home/zuoxy/ceph_old/data/mp3d/r1Q1Z4BcV1o/r1Q1Z4BcV1o.glb.
I0928 06:10:58.713428 3263394 ResourceManager.cpp:569] ResourceManager::loadStageInternal : Attempting to load stage /home/zuoxy/ceph_old/data/mp3d/r1Q1Z4BcV1o/r1Q1Z4BcV1o.glb 
I0928 06:10:58.713505 3263394 ResourceManager.cpp:1119] Importing Basis files as BC7 for r1Q1Z4BcV1o.glb
I0928 06:11:12.988188 3263394 SemanticScene.h:41] Deconstructing SemanticScene
I0928 06:11:13.054543 3263394 simulator.py:213] Loaded navmesh /home/zuoxy/ceph_old/data/mp3d/r1Q1Z4BcV1o/r1Q1Z4BcV1o.navmesh
I0928 06:11:38.253805 3263394 MetadataMediator.cpp:56] MetadataMediator::setActiveSceneDatasetName : Old active dataset default changed to default successfully.
I0928 06:11:38.253846 3263394 AttributesManagerBase.h:283] AttributesManager<T>::createFromJsonOrDefaultInternal  (Physics Manager) : Proposing JSON name : ./data/default.physics_config.json from original name : ./data/default.physics_config.json | This file  does not exist.
I0928 06:11:38.253899 3263394 PhysicsAttributesManager.cpp:27] File (./data/default.physics_config.json) not found, so new default physics manager attributes created and registered.
I0928 06:11:38.253912 3263394 AbstractObjectAttributesManagerBase.h:175] AbstractObjectAttributesManager<T>::createObject  (Stage) : Making attributes with handle : /home/zuoxy/ceph_old/data/mp3d/S9hNv5qa7GM/S9hNv5qa7GM.glb
I0928 06:11:38.253921 3263394 ManagedContainerBase.cpp:19] ManagedContainerBase::convertFilenameToJSON : Filename : /home/zuoxy/ceph_old/data/mp3d/S9hNv5qa7GM/S9hNv5qa7GM.glb changed to proposed JSON configuration filename : /home/zuoxy/ceph_old/data/mp3d/S9hNv5qa7GM/S9hNv5qa7GM.stage_config.json
I0928 06:11:38.253928 3263394 AttributesManagerBase.h:283] AttributesManager<T>::createFromJsonOrDefaultInternal  (Stage) : Proposing JSON name : /home/zuoxy/ceph_old/data/mp3d/S9hNv5qa7GM/S9hNv5qa7GM.stage_config.json from original name : /home/zuoxy/ceph_old/data/mp3d/S9hNv5qa7GM/S9hNv5qa7GM.glb | This file  does not exist.
I0928 06:11:38.254026 3263394 AbstractObjectAttributesManagerBase.h:181] AbstractObjectAttributesManager<T>::createObject  (Stage) : Done making attributes with handle : /home/zuoxy/ceph_old/data/mp3d/S9hNv5qa7GM/S9hNv5qa7GM.glb
I0928 06:11:38.254029 3263394 AbstractObjectAttributesManagerBase.h:188] File (/home/zuoxy/ceph_old/data/mp3d/S9hNv5qa7GM/S9hNv5qa7GM.glb) exists but is not a recognized config filename extension, so new default Stage attributes created and registered.
I0928 06:11:38.254595 3263394 Simulator.cpp:156] Loading navmesh from /home/zuoxy/ceph_old/data/mp3d/S9hNv5qa7GM/S9hNv5qa7GM.navmesh
I0928 06:11:38.258881 3263394 Simulator.cpp:158] Loaded.
I0928 06:11:38.258908 3263394 SceneGraph.h:93] Created DrawableGroup: 
I0928 06:11:38.258924 3263394 PhysicsManager.cpp:33] Deconstructing PhysicsManager
I0928 06:11:38.259193 3263394 ResourceManager.cpp:193] ResourceManager::loadStage : Loading Semantic Stage mesh : /home/zuoxy/ceph_old/data/mp3d/S9hNv5qa7GM/S9hNv5qa7GM_semantic.ply
I0928 06:11:38.259204 3263394 SceneGraph.h:93] Created DrawableGroup: 
I0928 06:11:38.259208 3263394 ResourceManager.cpp:569] ResourceManager::loadStageInternal : Attempting to load stage /home/zuoxy/ceph_old/data/mp3d/S9hNv5qa7GM/S9hNv5qa7GM_semantic.ply 
I0928 06:11:46.446854 3263394 ResourceManager.cpp:224] ResourceManager::loadStage : Semantic Stage mesh : /home/zuoxy/ceph_old/data/mp3d/S9hNv5qa7GM/S9hNv5qa7GM_semantic.ply loaded.
I0928 06:11:46.446907 3263394 ResourceManager.cpp:262] ResourceManager::loadStage : start load render asset /home/zuoxy/ceph_old/data/mp3d/S9hNv5qa7GM/S9hNv5qa7GM.glb.
I0928 06:11:46.446910 3263394 ResourceManager.cpp:569] ResourceManager::loadStageInternal : Attempting to load stage /home/zuoxy/ceph_old/data/mp3d/S9hNv5qa7GM/S9hNv5qa7GM.glb 
I0928 06:11:46.446981 3263394 ResourceManager.cpp:1119] Importing Basis files as BC7 for S9hNv5qa7GM.glb
I0928 06:11:50.843510 3263394 SemanticScene.h:41] Deconstructing SemanticScene
I0928 06:11:50.923120 3263394 simulator.py:213] Loaded navmesh /home/zuoxy/ceph_old/data/mp3d/S9hNv5qa7GM/S9hNv5qa7GM.navmesh
I0928 06:11:58.894404 3263394 MetadataMediator.cpp:56] MetadataMediator::setActiveSceneDatasetName : Old active dataset default changed to default successfully.
I0928 06:11:58.894619 3263394 AttributesManagerBase.h:283] AttributesManager<T>::createFromJsonOrDefaultInternal  (Physics Manager) : Proposing JSON name : ./data/default.physics_config.json from original name : ./data/default.physics_config.json | This file  does not exist.
I0928 06:11:58.894663 3263394 PhysicsAttributesManager.cpp:27] File (./data/default.physics_config.json) not found, so new default physics manager attributes created and registered.
I0928 06:11:58.894671 3263394 AbstractObjectAttributesManagerBase.h:175] AbstractObjectAttributesManager<T>::createObject  (Stage) : Making attributes with handle : /home/zuoxy/ceph_old/data/mp3d/mJXqzFtmKg4/mJXqzFtmKg4.glb
I0928 06:11:58.894678 3263394 ManagedContainerBase.cpp:19] ManagedContainerBase::convertFilenameToJSON : Filename : /home/zuoxy/ceph_old/data/mp3d/mJXqzFtmKg4/mJXqzFtmKg4.glb changed to proposed JSON configuration filename : /home/zuoxy/ceph_old/data/mp3d/mJXqzFtmKg4/mJXqzFtmKg4.stage_config.json
I0928 06:11:58.894685 3263394 AttributesManagerBase.h:283] AttributesManager<T>::createFromJsonOrDefaultInternal  (Stage) : Proposing JSON name : /home/zuoxy/ceph_old/data/mp3d/mJXqzFtmKg4/mJXqzFtmKg4.stage_config.json from original name : /home/zuoxy/ceph_old/data/mp3d/mJXqzFtmKg4/mJXqzFtmKg4.glb | This file  does not exist.
I0928 06:11:58.894778 3263394 AbstractObjectAttributesManagerBase.h:181] AbstractObjectAttributesManager<T>::createObject  (Stage) : Done making attributes with handle : /home/zuoxy/ceph_old/data/mp3d/mJXqzFtmKg4/mJXqzFtmKg4.glb
I0928 06:11:58.894781 3263394 AbstractObjectAttributesManagerBase.h:188] File (/home/zuoxy/ceph_old/data/mp3d/mJXqzFtmKg4/mJXqzFtmKg4.glb) exists but is not a recognized config filename extension, so new default Stage attributes created and registered.
I0928 06:11:58.894917 3263394 Simulator.cpp:156] Loading navmesh from /home/zuoxy/ceph_old/data/mp3d/mJXqzFtmKg4/mJXqzFtmKg4.navmesh
I0928 06:11:58.897025 3263394 Simulator.cpp:158] Loaded.
I0928 06:11:58.897037 3263394 SceneGraph.h:93] Created DrawableGroup: 
I0928 06:11:58.897044 3263394 PhysicsManager.cpp:33] Deconstructing PhysicsManager
I0928 06:11:58.897164 3263394 ResourceManager.cpp:193] ResourceManager::loadStage : Loading Semantic Stage mesh : /home/zuoxy/ceph_old/data/mp3d/mJXqzFtmKg4/mJXqzFtmKg4_semantic.ply
I0928 06:11:58.897169 3263394 SceneGraph.h:93] Created DrawableGroup: 
I0928 06:11:58.897173 3263394 ResourceManager.cpp:569] ResourceManager::loadStageInternal : Attempting to load stage /home/zuoxy/ceph_old/data/mp3d/mJXqzFtmKg4/mJXqzFtmKg4_semantic.ply 
I0928 06:12:10.434908 3263394 ResourceManager.cpp:224] ResourceManager::loadStage : Semantic Stage mesh : /home/zuoxy/ceph_old/data/mp3d/mJXqzFtmKg4/mJXqzFtmKg4_semantic.ply loaded.
I0928 06:12:10.434974 3263394 ResourceManager.cpp:262] ResourceManager::loadStage : start load render asset /home/zuoxy/ceph_old/data/mp3d/mJXqzFtmKg4/mJXqzFtmKg4.glb.
I0928 06:12:10.434978 3263394 ResourceManager.cpp:569] ResourceManager::loadStageInternal : Attempting to load stage /home/zuoxy/ceph_old/data/mp3d/mJXqzFtmKg4/mJXqzFtmKg4.glb 
I0928 06:12:10.435050 3263394 ResourceManager.cpp:1119] Importing Basis files as BC7 for mJXqzFtmKg4.glb
I0928 06:12:18.287261 3263394 SemanticScene.h:41] Deconstructing SemanticScene
I0928 06:12:18.443021 3263394 simulator.py:213] Loaded navmesh /home/zuoxy/ceph_old/data/mp3d/mJXqzFtmKg4/mJXqzFtmKg4.navmesh
I0928 06:12:49.007052 3263394 MetadataMediator.cpp:56] MetadataMediator::setActiveSceneDatasetName : Old active dataset default changed to default successfully.
I0928 06:12:49.007089 3263394 AttributesManagerBase.h:283] AttributesManager<T>::createFromJsonOrDefaultInternal  (Physics Manager) : Proposing JSON name : ./data/default.physics_config.json from original name : ./data/default.physics_config.json | This file  does not exist.
I0928 06:12:49.007139 3263394 PhysicsAttributesManager.cpp:27] File (./data/default.physics_config.json) not found, so new default physics manager attributes created and registered.
I0928 06:12:49.007150 3263394 AbstractObjectAttributesManagerBase.h:175] AbstractObjectAttributesManager<T>::createObject  (Stage) : Making attributes with handle : /home/zuoxy/ceph_old/data/mp3d/sKLMLpTHeUy/sKLMLpTHeUy.glb
I0928 06:12:49.007159 3263394 ManagedContainerBase.cpp:19] ManagedContainerBase::convertFilenameToJSON : Filename : /home/zuoxy/ceph_old/data/mp3d/sKLMLpTHeUy/sKLMLpTHeUy.glb changed to proposed JSON configuration filename : /home/zuoxy/ceph_old/data/mp3d/sKLMLpTHeUy/sKLMLpTHeUy.stage_config.json
I0928 06:12:49.007321 3263394 AttributesManagerBase.h:283] AttributesManager<T>::createFromJsonOrDefaultInternal  (Stage) : Proposing JSON name : /home/zuoxy/ceph_old/data/mp3d/sKLMLpTHeUy/sKLMLpTHeUy.stage_config.json from original name : /home/zuoxy/ceph_old/data/mp3d/sKLMLpTHeUy/sKLMLpTHeUy.glb | This file  does not exist.
I0928 06:12:49.007727 3263394 AbstractObjectAttributesManagerBase.h:181] AbstractObjectAttributesManager<T>::createObject  (Stage) : Done making attributes with handle : /home/zuoxy/ceph_old/data/mp3d/sKLMLpTHeUy/sKLMLpTHeUy.glb
I0928 06:12:49.007732 3263394 AbstractObjectAttributesManagerBase.h:188] File (/home/zuoxy/ceph_old/data/mp3d/sKLMLpTHeUy/sKLMLpTHeUy.glb) exists but is not a recognized config filename extension, so new default Stage attributes created and registered.
I0928 06:12:49.008147 3263394 Simulator.cpp:156] Loading navmesh from /home/zuoxy/ceph_old/data/mp3d/sKLMLpTHeUy/sKLMLpTHeUy.navmesh
I0928 06:12:49.009788 3263394 Simulator.cpp:158] Loaded.
I0928 06:12:49.009799 3263394 SceneGraph.h:93] Created DrawableGroup: 
I0928 06:12:49.009807 3263394 PhysicsManager.cpp:33] Deconstructing PhysicsManager
I0928 06:12:49.010126 3263394 ResourceManager.cpp:193] ResourceManager::loadStage : Loading Semantic Stage mesh : /home/zuoxy/ceph_old/data/mp3d/sKLMLpTHeUy/sKLMLpTHeUy_semantic.ply
I0928 06:12:49.010133 3263394 SceneGraph.h:93] Created DrawableGroup: 
I0928 06:12:49.010136 3263394 ResourceManager.cpp:569] ResourceManager::loadStageInternal : Attempting to load stage /home/zuoxy/ceph_old/data/mp3d/sKLMLpTHeUy/sKLMLpTHeUy_semantic.ply 
I0928 06:12:57.379971 3263394 ResourceManager.cpp:224] ResourceManager::loadStage : Semantic Stage mesh : /home/zuoxy/ceph_old/data/mp3d/sKLMLpTHeUy/sKLMLpTHeUy_semantic.ply loaded.
I0928 06:12:57.380036 3263394 ResourceManager.cpp:262] ResourceManager::loadStage : start load render asset /home/zuoxy/ceph_old/data/mp3d/sKLMLpTHeUy/sKLMLpTHeUy.glb.
I0928 06:12:57.380040 3263394 ResourceManager.cpp:569] ResourceManager::loadStageInternal : Attempting to load stage /home/zuoxy/ceph_old/data/mp3d/sKLMLpTHeUy/sKLMLpTHeUy.glb 
I0928 06:12:57.380132 3263394 ResourceManager.cpp:1119] Importing Basis files as BC7 for sKLMLpTHeUy.glb
I0928 06:13:02.119652 3263394 SemanticScene.h:41] Deconstructing SemanticScene
I0928 06:13:02.213934 3263394 simulator.py:213] Loaded navmesh /home/zuoxy/ceph_old/data/mp3d/sKLMLpTHeUy/sKLMLpTHeUy.navmesh
I0928 06:13:24.016535 3263394 MetadataMediator.cpp:56] MetadataMediator::setActiveSceneDatasetName : Old active dataset default changed to default successfully.
I0928 06:13:24.016865 3263394 AttributesManagerBase.h:283] AttributesManager<T>::createFromJsonOrDefaultInternal  (Physics Manager) : Proposing JSON name : ./data/default.physics_config.json from original name : ./data/default.physics_config.json | This file  does not exist.
I0928 06:13:24.016912 3263394 PhysicsAttributesManager.cpp:27] File (./data/default.physics_config.json) not found, so new default physics manager attributes created and registered.
I0928 06:13:24.016920 3263394 AbstractObjectAttributesManagerBase.h:175] AbstractObjectAttributesManager<T>::createObject  (Stage) : Making attributes with handle : /home/zuoxy/ceph_old/data/mp3d/SN83YJsR3w2/SN83YJsR3w2.glb
I0928 06:13:24.016933 3263394 ManagedContainerBase.cpp:19] ManagedContainerBase::convertFilenameToJSON : Filename : /home/zuoxy/ceph_old/data/mp3d/SN83YJsR3w2/SN83YJsR3w2.glb changed to proposed JSON configuration filename : /home/zuoxy/ceph_old/data/mp3d/SN83YJsR3w2/SN83YJsR3w2.stage_config.json
I0928 06:13:24.016940 3263394 AttributesManagerBase.h:283] AttributesManager<T>::createFromJsonOrDefaultInternal  (Stage) : Proposing JSON name : /home/zuoxy/ceph_old/data/mp3d/SN83YJsR3w2/SN83YJsR3w2.stage_config.json from original name : /home/zuoxy/ceph_old/data/mp3d/SN83YJsR3w2/SN83YJsR3w2.glb | This file  does not exist.
I0928 06:13:24.017038 3263394 AbstractObjectAttributesManagerBase.h:181] AbstractObjectAttributesManager<T>::createObject  (Stage) : Done making attributes with handle : /home/zuoxy/ceph_old/data/mp3d/SN83YJsR3w2/SN83YJsR3w2.glb
I0928 06:13:24.017041 3263394 AbstractObjectAttributesManagerBase.h:188] File (/home/zuoxy/ceph_old/data/mp3d/SN83YJsR3w2/SN83YJsR3w2.glb) exists but is not a recognized config filename extension, so new default Stage attributes created and registered.
I0928 06:13:24.017204 3263394 Simulator.cpp:156] Loading navmesh from /home/zuoxy/ceph_old/data/mp3d/SN83YJsR3w2/SN83YJsR3w2.navmesh
I0928 06:13:24.021940 3263394 Simulator.cpp:158] Loaded.
I0928 06:13:24.021952 3263394 SceneGraph.h:93] Created DrawableGroup: 
I0928 06:13:24.021960 3263394 PhysicsManager.cpp:33] Deconstructing PhysicsManager
I0928 06:13:24.022087 3263394 ResourceManager.cpp:193] ResourceManager::loadStage : Loading Semantic Stage mesh : /home/zuoxy/ceph_old/data/mp3d/SN83YJsR3w2/SN83YJsR3w2_semantic.ply
I0928 06:13:24.022091 3263394 SceneGraph.h:93] Created DrawableGroup: 
I0928 06:13:24.022095 3263394 ResourceManager.cpp:569] ResourceManager::loadStageInternal : Attempting to load stage /home/zuoxy/ceph_old/data/mp3d/SN83YJsR3w2/SN83YJsR3w2_semantic.ply 
I0928 06:13:45.380901 3263394 ResourceManager.cpp:224] ResourceManager::loadStage : Semantic Stage mesh : /home/zuoxy/ceph_old/data/mp3d/SN83YJsR3w2/SN83YJsR3w2_semantic.ply loaded.
I0928 06:13:45.380972 3263394 ResourceManager.cpp:262] ResourceManager::loadStage : start load render asset /home/zuoxy/ceph_old/data/mp3d/SN83YJsR3w2/SN83YJsR3w2.glb.
I0928 06:13:45.380976 3263394 ResourceManager.cpp:569] ResourceManager::loadStageInternal : Attempting to load stage /home/zuoxy/ceph_old/data/mp3d/SN83YJsR3w2/SN83YJsR3w2.glb 
I0928 06:13:45.381052 3263394 ResourceManager.cpp:1119] Importing Basis files as BC7 for SN83YJsR3w2.glb
I0928 06:14:01.634785 3263394 SemanticScene.h:41] Deconstructing SemanticScene
I0928 06:14:01.851275 3263394 simulator.py:213] Loaded navmesh /home/zuoxy/ceph_old/data/mp3d/SN83YJsR3w2/SN83YJsR3w2.navmesh
I0928 06:14:17.451537 3263394 MetadataMediator.cpp:56] MetadataMediator::setActiveSceneDatasetName : Old active dataset default changed to default successfully.
I0928 06:14:17.451572 3263394 AttributesManagerBase.h:283] AttributesManager<T>::createFromJsonOrDefaultInternal  (Physics Manager) : Proposing JSON name : ./data/default.physics_config.json from original name : ./data/default.physics_config.json | This file  does not exist.
I0928 06:14:17.451620 3263394 PhysicsAttributesManager.cpp:27] File (./data/default.physics_config.json) not found, so new default physics manager attributes created and registered.
I0928 06:14:17.451632 3263394 AbstractObjectAttributesManagerBase.h:175] AbstractObjectAttributesManager<T>::createObject  (Stage) : Making attributes with handle : /home/zuoxy/ceph_old/data/mp3d/PX4nDJXEHrG/PX4nDJXEHrG.glb
I0928 06:14:17.451642 3263394 ManagedContainerBase.cpp:19] ManagedContainerBase::convertFilenameToJSON : Filename : /home/zuoxy/ceph_old/data/mp3d/PX4nDJXEHrG/PX4nDJXEHrG.glb changed to proposed JSON configuration filename : /home/zuoxy/ceph_old/data/mp3d/PX4nDJXEHrG/PX4nDJXEHrG.stage_config.json
I0928 06:14:17.451648 3263394 AttributesManagerBase.h:283] AttributesManager<T>::createFromJsonOrDefaultInternal  (Stage) : Proposing JSON name : /home/zuoxy/ceph_old/data/mp3d/PX4nDJXEHrG/PX4nDJXEHrG.stage_config.json from original name : /home/zuoxy/ceph_old/data/mp3d/PX4nDJXEHrG/PX4nDJXEHrG.glb | This file  does not exist.
I0928 06:14:17.451753 3263394 AbstractObjectAttributesManagerBase.h:181] AbstractObjectAttributesManager<T>::createObject  (Stage) : Done making attributes with handle : /home/zuoxy/ceph_old/data/mp3d/PX4nDJXEHrG/PX4nDJXEHrG.glb
I0928 06:14:17.451757 3263394 AbstractObjectAttributesManagerBase.h:188] File (/home/zuoxy/ceph_old/data/mp3d/PX4nDJXEHrG/PX4nDJXEHrG.glb) exists but is not a recognized config filename extension, so new default Stage attributes created and registered.
I0928 06:14:17.451988 3263394 Simulator.cpp:156] Loading navmesh from /home/zuoxy/ceph_old/data/mp3d/PX4nDJXEHrG/PX4nDJXEHrG.navmesh
I0928 06:14:17.454605 3263394 Simulator.cpp:158] Loaded.
I0928 06:14:17.454614 3263394 SceneGraph.h:93] Created DrawableGroup: 
I0928 06:14:17.454622 3263394 PhysicsManager.cpp:33] Deconstructing PhysicsManager
I0928 06:14:17.454775 3263394 ResourceManager.cpp:193] ResourceManager::loadStage : Loading Semantic Stage mesh : /home/zuoxy/ceph_old/data/mp3d/PX4nDJXEHrG/PX4nDJXEHrG_semantic.ply
I0928 06:14:17.454782 3263394 SceneGraph.h:93] Created DrawableGroup: 
I0928 06:14:17.454785 3263394 ResourceManager.cpp:569] ResourceManager::loadStageInternal : Attempting to load stage /home/zuoxy/ceph_old/data/mp3d/PX4nDJXEHrG/PX4nDJXEHrG_semantic.ply 
I0928 06:14:35.676415 3263394 ResourceManager.cpp:224] ResourceManager::loadStage : Semantic Stage mesh : /home/zuoxy/ceph_old/data/mp3d/PX4nDJXEHrG/PX4nDJXEHrG_semantic.ply loaded.
I0928 06:14:35.676472 3263394 ResourceManager.cpp:262] ResourceManager::loadStage : start load render asset /home/zuoxy/ceph_old/data/mp3d/PX4nDJXEHrG/PX4nDJXEHrG.glb.
I0928 06:14:35.676476 3263394 ResourceManager.cpp:569] ResourceManager::loadStageInternal : Attempting to load stage /home/zuoxy/ceph_old/data/mp3d/PX4nDJXEHrG/PX4nDJXEHrG.glb 
I0928 06:14:35.676594 3263394 ResourceManager.cpp:1119] Importing Basis files as BC7 for PX4nDJXEHrG.glb
I0928 06:14:45.159092 3263394 SemanticScene.h:41] Deconstructing SemanticScene
I0928 06:14:45.310434 3263394 simulator.py:213] Loaded navmesh /home/zuoxy/ceph_old/data/mp3d/PX4nDJXEHrG/PX4nDJXEHrG.navmesh
I0928 06:15:15.497428 3263394 MetadataMediator.cpp:56] MetadataMediator::setActiveSceneDatasetName : Old active dataset default changed to default successfully.
I0928 06:15:15.497601 3263394 AttributesManagerBase.h:283] AttributesManager<T>::createFromJsonOrDefaultInternal  (Physics Manager) : Proposing JSON name : ./data/default.physics_config.json from original name : ./data/default.physics_config.json | This file  does not exist.
I0928 06:15:15.497648 3263394 PhysicsAttributesManager.cpp:27] File (./data/default.physics_config.json) not found, so new default physics manager attributes created and registered.
I0928 06:15:15.497659 3263394 AbstractObjectAttributesManagerBase.h:175] AbstractObjectAttributesManager<T>::createObject  (Stage) : Making attributes with handle : /home/zuoxy/ceph_old/data/mp3d/759xd9YjKW5/759xd9YjKW5.glb
I0928 06:15:15.497668 3263394 ManagedContainerBase.cpp:19] ManagedContainerBase::convertFilenameToJSON : Filename : /home/zuoxy/ceph_old/data/mp3d/759xd9YjKW5/759xd9YjKW5.glb changed to proposed JSON configuration filename : /home/zuoxy/ceph_old/data/mp3d/759xd9YjKW5/759xd9YjKW5.stage_config.json
I0928 06:15:15.497675 3263394 AttributesManagerBase.h:283] AttributesManager<T>::createFromJsonOrDefaultInternal  (Stage) : Proposing JSON name : /home/zuoxy/ceph_old/data/mp3d/759xd9YjKW5/759xd9YjKW5.stage_config.json from original name : /home/zuoxy/ceph_old/data/mp3d/759xd9YjKW5/759xd9YjKW5.glb | This file  does not exist.
I0928 06:15:15.497776 3263394 AbstractObjectAttributesManagerBase.h:181] AbstractObjectAttributesManager<T>::createObject  (Stage) : Done making attributes with handle : /home/zuoxy/ceph_old/data/mp3d/759xd9YjKW5/759xd9YjKW5.glb
I0928 06:15:15.497781 3263394 AbstractObjectAttributesManagerBase.h:188] File (/home/zuoxy/ceph_old/data/mp3d/759xd9YjKW5/759xd9YjKW5.glb) exists but is not a recognized config filename extension, so new default Stage attributes created and registered.
I0928 06:15:15.498260 3263394 Simulator.cpp:156] Loading navmesh from /home/zuoxy/ceph_old/data/mp3d/759xd9YjKW5/759xd9YjKW5.navmesh
I0928 06:15:15.499511 3263394 Simulator.cpp:158] Loaded.
I0928 06:15:15.499521 3263394 SceneGraph.h:93] Created DrawableGroup: 
I0928 06:15:15.499528 3263394 PhysicsManager.cpp:33] Deconstructing PhysicsManager
I0928 06:15:15.499711 3263394 ResourceManager.cpp:193] ResourceManager::loadStage : Loading Semantic Stage mesh : /home/zuoxy/ceph_old/data/mp3d/759xd9YjKW5/759xd9YjKW5_semantic.ply
I0928 06:15:15.499716 3263394 SceneGraph.h:93] Created DrawableGroup: 
I0928 06:15:15.499719 3263394 ResourceManager.cpp:569] ResourceManager::loadStageInternal : Attempting to load stage /home/zuoxy/ceph_old/data/mp3d/759xd9YjKW5/759xd9YjKW5_semantic.ply 
I0928 06:15:23.743244 3263394 ResourceManager.cpp:224] ResourceManager::loadStage : Semantic Stage mesh : /home/zuoxy/ceph_old/data/mp3d/759xd9YjKW5/759xd9YjKW5_semantic.ply loaded.
I0928 06:15:23.743304 3263394 ResourceManager.cpp:262] ResourceManager::loadStage : start load render asset /home/zuoxy/ceph_old/data/mp3d/759xd9YjKW5/759xd9YjKW5.glb.
I0928 06:15:23.743307 3263394 ResourceManager.cpp:569] ResourceManager::loadStageInternal : Attempting to load stage /home/zuoxy/ceph_old/data/mp3d/759xd9YjKW5/759xd9YjKW5.glb 
I0928 06:15:23.744359 3263394 ResourceManager.cpp:1119] Importing Basis files as BC7 for 759xd9YjKW5.glb
I0928 06:15:29.606175 3263394 SemanticScene.h:41] Deconstructing SemanticScene
I0928 06:15:29.695655 3263394 simulator.py:213] Loaded navmesh /home/zuoxy/ceph_old/data/mp3d/759xd9YjKW5/759xd9YjKW5.navmesh
I0928 06:16:03.241604 3263394 MetadataMediator.cpp:56] MetadataMediator::setActiveSceneDatasetName : Old active dataset default changed to default successfully.
I0928 06:16:03.241641 3263394 AttributesManagerBase.h:283] AttributesManager<T>::createFromJsonOrDefaultInternal  (Physics Manager) : Proposing JSON name : ./data/default.physics_config.json from original name : ./data/default.physics_config.json | This file  does not exist.
I0928 06:16:03.241685 3263394 PhysicsAttributesManager.cpp:27] File (./data/default.physics_config.json) not found, so new default physics manager attributes created and registered.
I0928 06:16:03.241693 3263394 AbstractObjectAttributesManagerBase.h:175] AbstractObjectAttributesManager<T>::createObject  (Stage) : Making attributes with handle : /home/zuoxy/ceph_old/data/mp3d/ac26ZMwG7aT/ac26ZMwG7aT.glb
I0928 06:16:03.241700 3263394 ManagedContainerBase.cpp:19] ManagedContainerBase::convertFilenameToJSON : Filename : /home/zuoxy/ceph_old/data/mp3d/ac26ZMwG7aT/ac26ZMwG7aT.glb changed to proposed JSON configuration filename : /home/zuoxy/ceph_old/data/mp3d/ac26ZMwG7aT/ac26ZMwG7aT.stage_config.json
I0928 06:16:03.241708 3263394 AttributesManagerBase.h:283] AttributesManager<T>::createFromJsonOrDefaultInternal  (Stage) : Proposing JSON name : /home/zuoxy/ceph_old/data/mp3d/ac26ZMwG7aT/ac26ZMwG7aT.stage_config.json from original name : /home/zuoxy/ceph_old/data/mp3d/ac26ZMwG7aT/ac26ZMwG7aT.glb | This file  does not exist.
I0928 06:16:03.241804 3263394 AbstractObjectAttributesManagerBase.h:181] AbstractObjectAttributesManager<T>::createObject  (Stage) : Done making attributes with handle : /home/zuoxy/ceph_old/data/mp3d/ac26ZMwG7aT/ac26ZMwG7aT.glb
I0928 06:16:03.241807 3263394 AbstractObjectAttributesManagerBase.h:188] File (/home/zuoxy/ceph_old/data/mp3d/ac26ZMwG7aT/ac26ZMwG7aT.glb) exists but is not a recognized config filename extension, so new default Stage attributes created and registered.
I0928 06:16:03.242007 3263394 Simulator.cpp:156] Loading navmesh from /home/zuoxy/ceph_old/data/mp3d/ac26ZMwG7aT/ac26ZMwG7aT.navmesh
I0928 06:16:03.243430 3263394 Simulator.cpp:158] Loaded.
I0928 06:16:03.243441 3263394 SceneGraph.h:93] Created DrawableGroup: 
I0928 06:16:03.243455 3263394 PhysicsManager.cpp:33] Deconstructing PhysicsManager
I0928 06:16:03.243614 3263394 ResourceManager.cpp:193] ResourceManager::loadStage : Loading Semantic Stage mesh : /home/zuoxy/ceph_old/data/mp3d/ac26ZMwG7aT/ac26ZMwG7aT_semantic.ply
I0928 06:16:03.243623 3263394 SceneGraph.h:93] Created DrawableGroup: 
I0928 06:16:03.243626 3263394 ResourceManager.cpp:569] ResourceManager::loadStageInternal : Attempting to load stage /home/zuoxy/ceph_old/data/mp3d/ac26ZMwG7aT/ac26ZMwG7aT_semantic.ply 
I0928 06:16:18.513229 3263394 ResourceManager.cpp:224] ResourceManager::loadStage : Semantic Stage mesh : /home/zuoxy/ceph_old/data/mp3d/ac26ZMwG7aT/ac26ZMwG7aT_semantic.ply loaded.
I0928 06:16:18.513299 3263394 ResourceManager.cpp:262] ResourceManager::loadStage : start load render asset /home/zuoxy/ceph_old/data/mp3d/ac26ZMwG7aT/ac26ZMwG7aT.glb.
I0928 06:16:18.513303 3263394 ResourceManager.cpp:569] ResourceManager::loadStageInternal : Attempting to load stage /home/zuoxy/ceph_old/data/mp3d/ac26ZMwG7aT/ac26ZMwG7aT.glb 
I0928 06:16:18.513718 3263394 ResourceManager.cpp:1119] Importing Basis files as BC7 for ac26ZMwG7aT.glb
I0928 06:16:27.412941 3263394 SemanticScene.h:41] Deconstructing SemanticScene
I0928 06:16:27.572281 3263394 simulator.py:213] Loaded navmesh /home/zuoxy/ceph_old/data/mp3d/ac26ZMwG7aT/ac26ZMwG7aT.navmesh
I0928 06:16:55.369886 3263394 MetadataMediator.cpp:56] MetadataMediator::setActiveSceneDatasetName : Old active dataset default changed to default successfully.
I0928 06:16:55.370096 3263394 AttributesManagerBase.h:283] AttributesManager<T>::createFromJsonOrDefaultInternal  (Physics Manager) : Proposing JSON name : ./data/default.physics_config.json from original name : ./data/default.physics_config.json | This file  does not exist.
I0928 06:16:55.370144 3263394 PhysicsAttributesManager.cpp:27] File (./data/default.physics_config.json) not found, so new default physics manager attributes created and registered.
I0928 06:16:55.370155 3263394 AbstractObjectAttributesManagerBase.h:175] AbstractObjectAttributesManager<T>::createObject  (Stage) : Making attributes with handle : /home/zuoxy/ceph_old/data/mp3d/E9uDoFAP3SH/E9uDoFAP3SH.glb
I0928 06:16:55.370163 3263394 ManagedContainerBase.cpp:19] ManagedContainerBase::convertFilenameToJSON : Filename : /home/zuoxy/ceph_old/data/mp3d/E9uDoFAP3SH/E9uDoFAP3SH.glb changed to proposed JSON configuration filename : /home/zuoxy/ceph_old/data/mp3d/E9uDoFAP3SH/E9uDoFAP3SH.stage_config.json
I0928 06:16:55.370404 3263394 AttributesManagerBase.h:283] AttributesManager<T>::createFromJsonOrDefaultInternal  (Stage) : Proposing JSON name : /home/zuoxy/ceph_old/data/mp3d/E9uDoFAP3SH/E9uDoFAP3SH.stage_config.json from original name : /home/zuoxy/ceph_old/data/mp3d/E9uDoFAP3SH/E9uDoFAP3SH.glb | This file  does not exist.
I0928 06:16:55.370889 3263394 AbstractObjectAttributesManagerBase.h:181] AbstractObjectAttributesManager<T>::createObject  (Stage) : Done making attributes with handle : /home/zuoxy/ceph_old/data/mp3d/E9uDoFAP3SH/E9uDoFAP3SH.glb
I0928 06:16:55.370895 3263394 AbstractObjectAttributesManagerBase.h:188] File (/home/zuoxy/ceph_old/data/mp3d/E9uDoFAP3SH/E9uDoFAP3SH.glb) exists but is not a recognized config filename extension, so new default Stage attributes created and registered.
I0928 06:16:55.371131 3263394 Simulator.cpp:156] Loading navmesh from /home/zuoxy/ceph_old/data/mp3d/E9uDoFAP3SH/E9uDoFAP3SH.navmesh
I0928 06:16:55.373632 3263394 Simulator.cpp:158] Loaded.
I0928 06:16:55.373642 3263394 SceneGraph.h:93] Created DrawableGroup: 
I0928 06:16:55.373651 3263394 PhysicsManager.cpp:33] Deconstructing PhysicsManager
I0928 06:16:55.374218 3263394 ResourceManager.cpp:193] ResourceManager::loadStage : Loading Semantic Stage mesh : /home/zuoxy/ceph_old/data/mp3d/E9uDoFAP3SH/E9uDoFAP3SH_semantic.ply
I0928 06:16:55.374228 3263394 SceneGraph.h:93] Created DrawableGroup: 
I0928 06:16:55.374231 3263394 ResourceManager.cpp:569] ResourceManager::loadStageInternal : Attempting to load stage /home/zuoxy/ceph_old/data/mp3d/E9uDoFAP3SH/E9uDoFAP3SH_semantic.ply 
I0928 06:17:11.659016 3263394 ResourceManager.cpp:224] ResourceManager::loadStage : Semantic Stage mesh : /home/zuoxy/ceph_old/data/mp3d/E9uDoFAP3SH/E9uDoFAP3SH_semantic.ply loaded.
I0928 06:17:11.659087 3263394 ResourceManager.cpp:262] ResourceManager::loadStage : start load render asset /home/zuoxy/ceph_old/data/mp3d/E9uDoFAP3SH/E9uDoFAP3SH.glb.
I0928 06:17:11.659091 3263394 ResourceManager.cpp:569] ResourceManager::loadStageInternal : Attempting to load stage /home/zuoxy/ceph_old/data/mp3d/E9uDoFAP3SH/E9uDoFAP3SH.glb 
I0928 06:17:11.659168 3263394 ResourceManager.cpp:1119] Importing Basis files as BC7 for E9uDoFAP3SH.glb
I0928 06:17:33.537312 3263394 SemanticScene.h:41] Deconstructing SemanticScene
I0928 06:17:33.715996 3263394 simulator.py:213] Loaded navmesh /home/zuoxy/ceph_old/data/mp3d/E9uDoFAP3SH/E9uDoFAP3SH.navmesh
I0928 06:18:35.900671 3263394 MetadataMediator.cpp:56] MetadataMediator::setActiveSceneDatasetName : Old active dataset default changed to default successfully.
I0928 06:18:35.901021 3263394 AttributesManagerBase.h:283] AttributesManager<T>::createFromJsonOrDefaultInternal  (Physics Manager) : Proposing JSON name : ./data/default.physics_config.json from original name : ./data/default.physics_config.json | This file  does not exist.
I0928 06:18:35.901070 3263394 PhysicsAttributesManager.cpp:27] File (./data/default.physics_config.json) not found, so new default physics manager attributes created and registered.
I0928 06:18:35.901082 3263394 AbstractObjectAttributesManagerBase.h:175] AbstractObjectAttributesManager<T>::createObject  (Stage) : Making attributes with handle : /home/zuoxy/ceph_old/data/mp3d/PX4nDJXEHrG/PX4nDJXEHrG.glb
I0928 06:18:35.901091 3263394 ManagedContainerBase.cpp:19] ManagedContainerBase::convertFilenameToJSON : Filename : /home/zuoxy/ceph_old/data/mp3d/PX4nDJXEHrG/PX4nDJXEHrG.glb changed to proposed JSON configuration filename : /home/zuoxy/ceph_old/data/mp3d/PX4nDJXEHrG/PX4nDJXEHrG.stage_config.json
I0928 06:18:35.901098 3263394 AttributesManagerBase.h:283] AttributesManager<T>::createFromJsonOrDefaultInternal  (Stage) : Proposing JSON name : /home/zuoxy/ceph_old/data/mp3d/PX4nDJXEHrG/PX4nDJXEHrG.stage_config.json from original name : /home/zuoxy/ceph_old/data/mp3d/PX4nDJXEHrG/PX4nDJXEHrG.glb | This file  does not exist.
I0928 06:18:35.901202 3263394 AbstractObjectAttributesManagerBase.h:181] AbstractObjectAttributesManager<T>::createObject  (Stage) : Done making attributes with handle : /home/zuoxy/ceph_old/data/mp3d/PX4nDJXEHrG/PX4nDJXEHrG.glb
I0928 06:18:35.901206 3263394 AbstractObjectAttributesManagerBase.h:188] File (/home/zuoxy/ceph_old/data/mp3d/PX4nDJXEHrG/PX4nDJXEHrG.glb) exists but is not a recognized config filename extension, so new default Stage attributes created and registered.
I0928 06:18:35.901762 3263394 Simulator.cpp:156] Loading navmesh from /home/zuoxy/ceph_old/data/mp3d/PX4nDJXEHrG/PX4nDJXEHrG.navmesh
I0928 06:18:35.902833 3263394 Simulator.cpp:158] Loaded.
I0928 06:18:35.902845 3263394 SceneGraph.h:93] Created DrawableGroup: 
I0928 06:18:35.902855 3263394 PhysicsManager.cpp:33] Deconstructing PhysicsManager
I0928 06:18:35.903103 3263394 ResourceManager.cpp:193] ResourceManager::loadStage : Loading Semantic Stage mesh : /home/zuoxy/ceph_old/data/mp3d/PX4nDJXEHrG/PX4nDJXEHrG_semantic.ply
I0928 06:18:35.903110 3263394 SceneGraph.h:93] Created DrawableGroup: 
I0928 06:18:35.903112 3263394 ResourceManager.cpp:569] ResourceManager::loadStageInternal : Attempting to load stage /home/zuoxy/ceph_old/data/mp3d/PX4nDJXEHrG/PX4nDJXEHrG_semantic.ply 
I0928 06:18:36.068974 3263394 ResourceManager.cpp:224] ResourceManager::loadStage : Semantic Stage mesh : /home/zuoxy/ceph_old/data/mp3d/PX4nDJXEHrG/PX4nDJXEHrG_semantic.ply loaded.
I0928 06:18:36.069007 3263394 ResourceManager.cpp:262] ResourceManager::loadStage : start load render asset /home/zuoxy/ceph_old/data/mp3d/PX4nDJXEHrG/PX4nDJXEHrG.glb.
I0928 06:18:36.069010 3263394 ResourceManager.cpp:569] ResourceManager::loadStageInternal : Attempting to load stage /home/zuoxy/ceph_old/data/mp3d/PX4nDJXEHrG/PX4nDJXEHrG.glb 
I0928 06:18:36.079246 3263394 SemanticScene.h:41] Deconstructing SemanticScene
I0928 06:18:36.222551 3263394 simulator.py:213] Loaded navmesh /home/zuoxy/ceph_old/data/mp3d/PX4nDJXEHrG/PX4nDJXEHrG.navmesh
I0928 06:19:00.378078 3263394 MetadataMediator.cpp:56] MetadataMediator::setActiveSceneDatasetName : Old active dataset default changed to default successfully.
I0928 06:19:00.378111 3263394 AttributesManagerBase.h:283] AttributesManager<T>::createFromJsonOrDefaultInternal  (Physics Manager) : Proposing JSON name : ./data/default.physics_config.json from original name : ./data/default.physics_config.json | This file  does not exist.
I0928 06:19:00.378155 3263394 PhysicsAttributesManager.cpp:27] File (./data/default.physics_config.json) not found, so new default physics manager attributes created and registered.
I0928 06:19:00.378162 3263394 AbstractObjectAttributesManagerBase.h:175] AbstractObjectAttributesManager<T>::createObject  (Stage) : Making attributes with handle : /home/zuoxy/ceph_old/data/mp3d/sKLMLpTHeUy/sKLMLpTHeUy.glb
I0928 06:19:00.378170 3263394 ManagedContainerBase.cpp:19] ManagedContainerBase::convertFilenameToJSON : Filename : /home/zuoxy/ceph_old/data/mp3d/sKLMLpTHeUy/sKLMLpTHeUy.glb changed to proposed JSON configuration filename : /home/zuoxy/ceph_old/data/mp3d/sKLMLpTHeUy/sKLMLpTHeUy.stage_config.json
I0928 06:19:00.378177 3263394 AttributesManagerBase.h:283] AttributesManager<T>::createFromJsonOrDefaultInternal  (Stage) : Proposing JSON name : /home/zuoxy/ceph_old/data/mp3d/sKLMLpTHeUy/sKLMLpTHeUy.stage_config.json from original name : /home/zuoxy/ceph_old/data/mp3d/sKLMLpTHeUy/sKLMLpTHeUy.glb | This file  does not exist.
I0928 06:19:00.378281 3263394 AbstractObjectAttributesManagerBase.h:181] AbstractObjectAttributesManager<T>::createObject  (Stage) : Done making attributes with handle : /home/zuoxy/ceph_old/data/mp3d/sKLMLpTHeUy/sKLMLpTHeUy.glb
I0928 06:19:00.378284 3263394 AbstractObjectAttributesManagerBase.h:188] File (/home/zuoxy/ceph_old/data/mp3d/sKLMLpTHeUy/sKLMLpTHeUy.glb) exists but is not a recognized config filename extension, so new default Stage attributes created and registered.
I0928 06:19:00.378509 3263394 Simulator.cpp:156] Loading navmesh from /home/zuoxy/ceph_old/data/mp3d/sKLMLpTHeUy/sKLMLpTHeUy.navmesh
I0928 06:19:00.379766 3263394 Simulator.cpp:158] Loaded.
I0928 06:19:00.379776 3263394 SceneGraph.h:93] Created DrawableGroup: 
I0928 06:19:00.379784 3263394 PhysicsManager.cpp:33] Deconstructing PhysicsManager
I0928 06:19:00.380167 3263394 ResourceManager.cpp:193] ResourceManager::loadStage : Loading Semantic Stage mesh : /home/zuoxy/ceph_old/data/mp3d/sKLMLpTHeUy/sKLMLpTHeUy_semantic.ply
I0928 06:19:00.380172 3263394 SceneGraph.h:93] Created DrawableGroup: 
I0928 06:19:00.380177 3263394 ResourceManager.cpp:569] ResourceManager::loadStageInternal : Attempting to load stage /home/zuoxy/ceph_old/data/mp3d/sKLMLpTHeUy/sKLMLpTHeUy_semantic.ply 
I0928 06:19:00.463328 3263394 ResourceManager.cpp:224] ResourceManager::loadStage : Semantic Stage mesh : /home/zuoxy/ceph_old/data/mp3d/sKLMLpTHeUy/sKLMLpTHeUy_semantic.ply loaded.
I0928 06:19:00.463367 3263394 ResourceManager.cpp:262] ResourceManager::loadStage : start load render asset /home/zuoxy/ceph_old/data/mp3d/sKLMLpTHeUy/sKLMLpTHeUy.glb.
I0928 06:19:00.463371 3263394 ResourceManager.cpp:569] ResourceManager::loadStageInternal : Attempting to load stage /home/zuoxy/ceph_old/data/mp3d/sKLMLpTHeUy/sKLMLpTHeUy.glb 
I0928 06:19:00.471776 3263394 SemanticScene.h:41] Deconstructing SemanticScene
I0928 06:19:00.557364 3263394 simulator.py:213] Loaded navmesh /home/zuoxy/ceph_old/data/mp3d/sKLMLpTHeUy/sKLMLpTHeUy.navmesh
I0928 06:19:10.541525 3263394 MetadataMediator.cpp:56] MetadataMediator::setActiveSceneDatasetName : Old active dataset default changed to default successfully.
I0928 06:19:10.541558 3263394 AttributesManagerBase.h:283] AttributesManager<T>::createFromJsonOrDefaultInternal  (Physics Manager) : Proposing JSON name : ./data/default.physics_config.json from original name : ./data/default.physics_config.json | This file  does not exist.
I0928 06:19:10.541597 3263394 PhysicsAttributesManager.cpp:27] File (./data/default.physics_config.json) not found, so new default physics manager attributes created and registered.
I0928 06:19:10.541610 3263394 AbstractObjectAttributesManagerBase.h:175] AbstractObjectAttributesManager<T>::createObject  (Stage) : Making attributes with handle : /home/zuoxy/ceph_old/data/mp3d/qoiz87JEwZ2/qoiz87JEwZ2.glb
I0928 06:19:10.541618 3263394 ManagedContainerBase.cpp:19] ManagedContainerBase::convertFilenameToJSON : Filename : /home/zuoxy/ceph_old/data/mp3d/qoiz87JEwZ2/qoiz87JEwZ2.glb changed to proposed JSON configuration filename : /home/zuoxy/ceph_old/data/mp3d/qoiz87JEwZ2/qoiz87JEwZ2.stage_config.json
I0928 06:19:10.541862 3263394 AttributesManagerBase.h:283] AttributesManager<T>::createFromJsonOrDefaultInternal  (Stage) : Proposing JSON name : /home/zuoxy/ceph_old/data/mp3d/qoiz87JEwZ2/qoiz87JEwZ2.stage_config.json from original name : /home/zuoxy/ceph_old/data/mp3d/qoiz87JEwZ2/qoiz87JEwZ2.glb | This file  does not exist.
I0928 06:19:10.542326 3263394 AbstractObjectAttributesManagerBase.h:181] AbstractObjectAttributesManager<T>::createObject  (Stage) : Done making attributes with handle : /home/zuoxy/ceph_old/data/mp3d/qoiz87JEwZ2/qoiz87JEwZ2.glb
I0928 06:19:10.542331 3263394 AbstractObjectAttributesManagerBase.h:188] File (/home/zuoxy/ceph_old/data/mp3d/qoiz87JEwZ2/qoiz87JEwZ2.glb) exists but is not a recognized config filename extension, so new default Stage attributes created and registered.
I0928 06:19:10.542505 3263394 Simulator.cpp:156] Loading navmesh from /home/zuoxy/ceph_old/data/mp3d/qoiz87JEwZ2/qoiz87JEwZ2.navmesh
I0928 06:19:10.544471 3263394 Simulator.cpp:158] Loaded.
I0928 06:19:10.544484 3263394 SceneGraph.h:93] Created DrawableGroup: 
I0928 06:19:10.544502 3263394 PhysicsManager.cpp:33] Deconstructing PhysicsManager
I0928 06:19:10.544931 3263394 ResourceManager.cpp:193] ResourceManager::loadStage : Loading Semantic Stage mesh : /home/zuoxy/ceph_old/data/mp3d/qoiz87JEwZ2/qoiz87JEwZ2_semantic.ply
I0928 06:19:10.544941 3263394 SceneGraph.h:93] Created DrawableGroup: 
I0928 06:19:10.544945 3263394 ResourceManager.cpp:569] ResourceManager::loadStageInternal : Attempting to load stage /home/zuoxy/ceph_old/data/mp3d/qoiz87JEwZ2/qoiz87JEwZ2_semantic.ply 
I0928 06:19:19.148005 3263394 ResourceManager.cpp:224] ResourceManager::loadStage : Semantic Stage mesh : /home/zuoxy/ceph_old/data/mp3d/qoiz87JEwZ2/qoiz87JEwZ2_semantic.ply loaded.
I0928 06:19:19.148072 3263394 ResourceManager.cpp:262] ResourceManager::loadStage : start load render asset /home/zuoxy/ceph_old/data/mp3d/qoiz87JEwZ2/qoiz87JEwZ2.glb.
I0928 06:19:19.148077 3263394 ResourceManager.cpp:569] ResourceManager::loadStageInternal : Attempting to load stage /home/zuoxy/ceph_old/data/mp3d/qoiz87JEwZ2/qoiz87JEwZ2.glb 
I0928 06:19:19.148157 3263394 ResourceManager.cpp:1119] Importing Basis files as BC7 for qoiz87JEwZ2.glb
I0928 06:19:24.752450 3263394 SemanticScene.h:41] Deconstructing SemanticScene
I0928 06:19:24.852041 3263394 simulator.py:213] Loaded navmesh /home/zuoxy/ceph_old/data/mp3d/qoiz87JEwZ2/qoiz87JEwZ2.navmesh
I0928 06:19:52.959815 3263394 MetadataMediator.cpp:56] MetadataMediator::setActiveSceneDatasetName : Old active dataset default changed to default successfully.
I0928 06:19:52.960243 3263394 AttributesManagerBase.h:283] AttributesManager<T>::createFromJsonOrDefaultInternal  (Physics Manager) : Proposing JSON name : ./data/default.physics_config.json from original name : ./data/default.physics_config.json | This file  does not exist.
I0928 06:19:52.960294 3263394 PhysicsAttributesManager.cpp:27] File (./data/default.physics_config.json) not found, so new default physics manager attributes created and registered.
I0928 06:19:52.960307 3263394 AbstractObjectAttributesManagerBase.h:175] AbstractObjectAttributesManager<T>::createObject  (Stage) : Making attributes with handle : /home/zuoxy/ceph_old/data/mp3d/uNb9QFRL6hY/uNb9QFRL6hY.glb
I0928 06:19:52.960317 3263394 ManagedContainerBase.cpp:19] ManagedContainerBase::convertFilenameToJSON : Filename : /home/zuoxy/ceph_old/data/mp3d/uNb9QFRL6hY/uNb9QFRL6hY.glb changed to proposed JSON configuration filename : /home/zuoxy/ceph_old/data/mp3d/uNb9QFRL6hY/uNb9QFRL6hY.stage_config.json
I0928 06:19:52.960330 3263394 AttributesManagerBase.h:283] AttributesManager<T>::createFromJsonOrDefaultInternal  (Stage) : Proposing JSON name : /home/zuoxy/ceph_old/data/mp3d/uNb9QFRL6hY/uNb9QFRL6hY.stage_config.json from original name : /home/zuoxy/ceph_old/data/mp3d/uNb9QFRL6hY/uNb9QFRL6hY.glb | This file  does not exist.
I0928 06:19:52.960443 3263394 AbstractObjectAttributesManagerBase.h:181] AbstractObjectAttributesManager<T>::createObject  (Stage) : Done making attributes with handle : /home/zuoxy/ceph_old/data/mp3d/uNb9QFRL6hY/uNb9QFRL6hY.glb
I0928 06:19:52.960448 3263394 AbstractObjectAttributesManagerBase.h:188] File (/home/zuoxy/ceph_old/data/mp3d/uNb9QFRL6hY/uNb9QFRL6hY.glb) exists but is not a recognized config filename extension, so new default Stage attributes created and registered.
I0928 06:19:52.960978 3263394 Simulator.cpp:156] Loading navmesh from /home/zuoxy/ceph_old/data/mp3d/uNb9QFRL6hY/uNb9QFRL6hY.navmesh
I0928 06:19:52.964944 3263394 Simulator.cpp:158] Loaded.
I0928 06:19:52.964957 3263394 SceneGraph.h:93] Created DrawableGroup: 
I0928 06:19:52.965000 3263394 PhysicsManager.cpp:33] Deconstructing PhysicsManager
I0928 06:19:52.965205 3263394 ResourceManager.cpp:193] ResourceManager::loadStage : Loading Semantic Stage mesh : /home/zuoxy/ceph_old/data/mp3d/uNb9QFRL6hY/uNb9QFRL6hY_semantic.ply
I0928 06:19:52.965211 3263394 SceneGraph.h:93] Created DrawableGroup: 
I0928 06:19:52.965215 3263394 ResourceManager.cpp:569] ResourceManager::loadStageInternal : Attempting to load stage /home/zuoxy/ceph_old/data/mp3d/uNb9QFRL6hY/uNb9QFRL6hY_semantic.ply 
I0928 06:20:11.574621 3263394 ResourceManager.cpp:224] ResourceManager::loadStage : Semantic Stage mesh : /home/zuoxy/ceph_old/data/mp3d/uNb9QFRL6hY/uNb9QFRL6hY_semantic.ply loaded.
I0928 06:20:11.574685 3263394 ResourceManager.cpp:262] ResourceManager::loadStage : start load render asset /home/zuoxy/ceph_old/data/mp3d/uNb9QFRL6hY/uNb9QFRL6hY.glb.
I0928 06:20:11.574689 3263394 ResourceManager.cpp:569] ResourceManager::loadStageInternal : Attempting to load stage /home/zuoxy/ceph_old/data/mp3d/uNb9QFRL6hY/uNb9QFRL6hY.glb 
I0928 06:20:11.574774 3263394 ResourceManager.cpp:1119] Importing Basis files as BC7 for uNb9QFRL6hY.glb
I0928 06:20:22.419342 3263394 SemanticScene.h:41] Deconstructing SemanticScene
I0928 06:20:22.593985 3263394 simulator.py:213] Loaded navmesh /home/zuoxy/ceph_old/data/mp3d/uNb9QFRL6hY/uNb9QFRL6hY.navmesh
I0928 06:20:31.975979 3263394 MetadataMediator.cpp:56] MetadataMediator::setActiveSceneDatasetName : Old active dataset default changed to default successfully.
I0928 06:20:31.976012 3263394 AttributesManagerBase.h:283] AttributesManager<T>::createFromJsonOrDefaultInternal  (Physics Manager) : Proposing JSON name : ./data/default.physics_config.json from original name : ./data/default.physics_config.json | This file  does not exist.
I0928 06:20:31.976056 3263394 PhysicsAttributesManager.cpp:27] File (./data/default.physics_config.json) not found, so new default physics manager attributes created and registered.
I0928 06:20:31.976063 3263394 AbstractObjectAttributesManagerBase.h:175] AbstractObjectAttributesManager<T>::createObject  (Stage) : Making attributes with handle : /home/zuoxy/ceph_old/data/mp3d/ZMojNkEp431/ZMojNkEp431.glb
I0928 06:20:31.976070 3263394 ManagedContainerBase.cpp:19] ManagedContainerBase::convertFilenameToJSON : Filename : /home/zuoxy/ceph_old/data/mp3d/ZMojNkEp431/ZMojNkEp431.glb changed to proposed JSON configuration filename : /home/zuoxy/ceph_old/data/mp3d/ZMojNkEp431/ZMojNkEp431.stage_config.json
I0928 06:20:31.976281 3263394 AttributesManagerBase.h:283] AttributesManager<T>::createFromJsonOrDefaultInternal  (Stage) : Proposing JSON name : /home/zuoxy/ceph_old/data/mp3d/ZMojNkEp431/ZMojNkEp431.stage_config.json from original name : /home/zuoxy/ceph_old/data/mp3d/ZMojNkEp431/ZMojNkEp431.glb | This file  does not exist.
I0928 06:20:31.977073 3263394 AbstractObjectAttributesManagerBase.h:181] AbstractObjectAttributesManager<T>::createObject  (Stage) : Done making attributes with handle : /home/zuoxy/ceph_old/data/mp3d/ZMojNkEp431/ZMojNkEp431.glb
I0928 06:20:31.977083 3263394 AbstractObjectAttributesManagerBase.h:188] File (/home/zuoxy/ceph_old/data/mp3d/ZMojNkEp431/ZMojNkEp431.glb) exists but is not a recognized config filename extension, so new default Stage attributes created and registered.
I0928 06:20:31.977316 3263394 Simulator.cpp:156] Loading navmesh from /home/zuoxy/ceph_old/data/mp3d/ZMojNkEp431/ZMojNkEp431.navmesh
I0928 06:20:31.978853 3263394 Simulator.cpp:158] Loaded.
I0928 06:20:31.978863 3263394 SceneGraph.h:93] Created DrawableGroup: 
I0928 06:20:31.978869 3263394 PhysicsManager.cpp:33] Deconstructing PhysicsManager
I0928 06:20:31.979254 3263394 ResourceManager.cpp:193] ResourceManager::loadStage : Loading Semantic Stage mesh : /home/zuoxy/ceph_old/data/mp3d/ZMojNkEp431/ZMojNkEp431_semantic.ply
I0928 06:20:31.979260 3263394 SceneGraph.h:93] Created DrawableGroup: 
I0928 06:20:31.979264 3263394 ResourceManager.cpp:569] ResourceManager::loadStageInternal : Attempting to load stage /home/zuoxy/ceph_old/data/mp3d/ZMojNkEp431/ZMojNkEp431_semantic.ply 
I0928 06:20:38.111634 3263394 ResourceManager.cpp:224] ResourceManager::loadStage : Semantic Stage mesh : /home/zuoxy/ceph_old/data/mp3d/ZMojNkEp431/ZMojNkEp431_semantic.ply loaded.
I0928 06:20:38.111696 3263394 ResourceManager.cpp:262] ResourceManager::loadStage : start load render asset /home/zuoxy/ceph_old/data/mp3d/ZMojNkEp431/ZMojNkEp431.glb.
I0928 06:20:38.111699 3263394 ResourceManager.cpp:569] ResourceManager::loadStageInternal : Attempting to load stage /home/zuoxy/ceph_old/data/mp3d/ZMojNkEp431/ZMojNkEp431.glb 
I0928 06:20:38.111769 3263394 ResourceManager.cpp:1119] Importing Basis files as BC7 for ZMojNkEp431.glb
I0928 06:20:43.671245 3263394 SemanticScene.h:41] Deconstructing SemanticScene
I0928 06:20:43.754359 3263394 simulator.py:213] Loaded navmesh /home/zuoxy/ceph_old/data/mp3d/ZMojNkEp431/ZMojNkEp431.navmesh
I0928 06:21:05.140008 3263394 MetadataMediator.cpp:56] MetadataMediator::setActiveSceneDatasetName : Old active dataset default changed to default successfully.
I0928 06:21:05.140312 3263394 AttributesManagerBase.h:283] AttributesManager<T>::createFromJsonOrDefaultInternal  (Physics Manager) : Proposing JSON name : ./data/default.physics_config.json from original name : ./data/default.physics_config.json | This file  does not exist.
I0928 06:21:05.140363 3263394 PhysicsAttributesManager.cpp:27] File (./data/default.physics_config.json) not found, so new default physics manager attributes created and registered.
I0928 06:21:05.140374 3263394 AbstractObjectAttributesManagerBase.h:175] AbstractObjectAttributesManager<T>::createObject  (Stage) : Making attributes with handle : /home/zuoxy/ceph_old/data/mp3d/E9uDoFAP3SH/E9uDoFAP3SH.glb
I0928 06:21:05.140381 3263394 ManagedContainerBase.cpp:19] ManagedContainerBase::convertFilenameToJSON : Filename : /home/zuoxy/ceph_old/data/mp3d/E9uDoFAP3SH/E9uDoFAP3SH.glb changed to proposed JSON configuration filename : /home/zuoxy/ceph_old/data/mp3d/E9uDoFAP3SH/E9uDoFAP3SH.stage_config.json
I0928 06:21:05.140388 3263394 AttributesManagerBase.h:283] AttributesManager<T>::createFromJsonOrDefaultInternal  (Stage) : Proposing JSON name : /home/zuoxy/ceph_old/data/mp3d/E9uDoFAP3SH/E9uDoFAP3SH.stage_config.json from original name : /home/zuoxy/ceph_old/data/mp3d/E9uDoFAP3SH/E9uDoFAP3SH.glb | This file  does not exist.
I0928 06:21:05.140498 3263394 AbstractObjectAttributesManagerBase.h:181] AbstractObjectAttributesManager<T>::createObject  (Stage) : Done making attributes with handle : /home/zuoxy/ceph_old/data/mp3d/E9uDoFAP3SH/E9uDoFAP3SH.glb
I0928 06:21:05.140502 3263394 AbstractObjectAttributesManagerBase.h:188] File (/home/zuoxy/ceph_old/data/mp3d/E9uDoFAP3SH/E9uDoFAP3SH.glb) exists but is not a recognized config filename extension, so new default Stage attributes created and registered.
I0928 06:21:05.140909 3263394 Simulator.cpp:156] Loading navmesh from /home/zuoxy/ceph_old/data/mp3d/E9uDoFAP3SH/E9uDoFAP3SH.navmesh
I0928 06:21:05.142235 3263394 Simulator.cpp:158] Loaded.
I0928 06:21:05.142251 3263394 SceneGraph.h:93] Created DrawableGroup: 
I0928 06:21:05.142259 3263394 PhysicsManager.cpp:33] Deconstructing PhysicsManager
I0928 06:21:05.142452 3263394 ResourceManager.cpp:193] ResourceManager::loadStage : Loading Semantic Stage mesh : /home/zuoxy/ceph_old/data/mp3d/E9uDoFAP3SH/E9uDoFAP3SH_semantic.ply
I0928 06:21:05.142457 3263394 SceneGraph.h:93] Created DrawableGroup: 
I0928 06:21:05.142459 3263394 ResourceManager.cpp:569] ResourceManager::loadStageInternal : Attempting to load stage /home/zuoxy/ceph_old/data/mp3d/E9uDoFAP3SH/E9uDoFAP3SH_semantic.ply 
I0928 06:21:05.296329 3263394 ResourceManager.cpp:224] ResourceManager::loadStage : Semantic Stage mesh : /home/zuoxy/ceph_old/data/mp3d/E9uDoFAP3SH/E9uDoFAP3SH_semantic.ply loaded.
I0928 06:21:05.296373 3263394 ResourceManager.cpp:262] ResourceManager::loadStage : start load render asset /home/zuoxy/ceph_old/data/mp3d/E9uDoFAP3SH/E9uDoFAP3SH.glb.
I0928 06:21:05.296376 3263394 ResourceManager.cpp:569] ResourceManager::loadStageInternal : Attempting to load stage /home/zuoxy/ceph_old/data/mp3d/E9uDoFAP3SH/E9uDoFAP3SH.glb 
I0928 06:21:05.316581 3263394 SemanticScene.h:41] Deconstructing SemanticScene
I0928 06:21:05.490269 3263394 simulator.py:213] Loaded navmesh /home/zuoxy/ceph_old/data/mp3d/E9uDoFAP3SH/E9uDoFAP3SH.navmesh
I0928 06:21:49.757853 3263394 MetadataMediator.cpp:56] MetadataMediator::setActiveSceneDatasetName : Old active dataset default changed to default successfully.
I0928 06:21:49.757887 3263394 AttributesManagerBase.h:283] AttributesManager<T>::createFromJsonOrDefaultInternal  (Physics Manager) : Proposing JSON name : ./data/default.physics_config.json from original name : ./data/default.physics_config.json | This file  does not exist.
I0928 06:21:49.757931 3263394 PhysicsAttributesManager.cpp:27] File (./data/default.physics_config.json) not found, so new default physics manager attributes created and registered.
I0928 06:21:49.757938 3263394 AbstractObjectAttributesManagerBase.h:175] AbstractObjectAttributesManager<T>::createObject  (Stage) : Making attributes with handle : /home/zuoxy/ceph_old/data/mp3d/qoiz87JEwZ2/qoiz87JEwZ2.glb
I0928 06:21:49.757947 3263394 ManagedContainerBase.cpp:19] ManagedContainerBase::convertFilenameToJSON : Filename : /home/zuoxy/ceph_old/data/mp3d/qoiz87JEwZ2/qoiz87JEwZ2.glb changed to proposed JSON configuration filename : /home/zuoxy/ceph_old/data/mp3d/qoiz87JEwZ2/qoiz87JEwZ2.stage_config.json
I0928 06:21:49.757953 3263394 AttributesManagerBase.h:283] AttributesManager<T>::createFromJsonOrDefaultInternal  (Stage) : Proposing JSON name : /home/zuoxy/ceph_old/data/mp3d/qoiz87JEwZ2/qoiz87JEwZ2.stage_config.json from original name : /home/zuoxy/ceph_old/data/mp3d/qoiz87JEwZ2/qoiz87JEwZ2.glb | This file  does not exist.
I0928 06:21:49.758055 3263394 AbstractObjectAttributesManagerBase.h:181] AbstractObjectAttributesManager<T>::createObject  (Stage) : Done making attributes with handle : /home/zuoxy/ceph_old/data/mp3d/qoiz87JEwZ2/qoiz87JEwZ2.glb
I0928 06:21:49.758059 3263394 AbstractObjectAttributesManagerBase.h:188] File (/home/zuoxy/ceph_old/data/mp3d/qoiz87JEwZ2/qoiz87JEwZ2.glb) exists but is not a recognized config filename extension, so new default Stage attributes created and registered.
I0928 06:21:49.758405 3263394 Simulator.cpp:156] Loading navmesh from /home/zuoxy/ceph_old/data/mp3d/qoiz87JEwZ2/qoiz87JEwZ2.navmesh
I0928 06:21:49.759251 3263394 Simulator.cpp:158] Loaded.
I0928 06:21:49.759261 3263394 SceneGraph.h:93] Created DrawableGroup: 
I0928 06:21:49.759269 3263394 PhysicsManager.cpp:33] Deconstructing PhysicsManager
I0928 06:21:49.759474 3263394 ResourceManager.cpp:193] ResourceManager::loadStage : Loading Semantic Stage mesh : /home/zuoxy/ceph_old/data/mp3d/qoiz87JEwZ2/qoiz87JEwZ2_semantic.ply
I0928 06:21:49.759480 3263394 SceneGraph.h:93] Created DrawableGroup: 
I0928 06:21:49.759485 3263394 ResourceManager.cpp:569] ResourceManager::loadStageInternal : Attempting to load stage /home/zuoxy/ceph_old/data/mp3d/qoiz87JEwZ2/qoiz87JEwZ2_semantic.ply 
I0928 06:21:49.834043 3263394 ResourceManager.cpp:224] ResourceManager::loadStage : Semantic Stage mesh : /home/zuoxy/ceph_old/data/mp3d/qoiz87JEwZ2/qoiz87JEwZ2_semantic.ply loaded.
I0928 06:21:49.834096 3263394 ResourceManager.cpp:262] ResourceManager::loadStage : start load render asset /home/zuoxy/ceph_old/data/mp3d/qoiz87JEwZ2/qoiz87JEwZ2.glb.
I0928 06:21:49.834100 3263394 ResourceManager.cpp:569] ResourceManager::loadStageInternal : Attempting to load stage /home/zuoxy/ceph_old/data/mp3d/qoiz87JEwZ2/qoiz87JEwZ2.glb 
I0928 06:21:49.850421 3263394 SemanticScene.h:41] Deconstructing SemanticScene
I0928 06:21:49.951547 3263394 simulator.py:213] Loaded navmesh /home/zuoxy/ceph_old/data/mp3d/qoiz87JEwZ2/qoiz87JEwZ2.navmesh
I0928 06:22:36.449137 3263394 MetadataMediator.cpp:56] MetadataMediator::setActiveSceneDatasetName : Old active dataset default changed to default successfully.
I0928 06:22:36.449419 3263394 AttributesManagerBase.h:283] AttributesManager<T>::createFromJsonOrDefaultInternal  (Physics Manager) : Proposing JSON name : ./data/default.physics_config.json from original name : ./data/default.physics_config.json | This file  does not exist.
I0928 06:22:36.449478 3263394 PhysicsAttributesManager.cpp:27] File (./data/default.physics_config.json) not found, so new default physics manager attributes created and registered.
I0928 06:22:36.449491 3263394 AbstractObjectAttributesManagerBase.h:175] AbstractObjectAttributesManager<T>::createObject  (Stage) : Making attributes with handle : /home/zuoxy/ceph_old/data/mp3d/kEZ7cmS4wCh/kEZ7cmS4wCh.glb
I0928 06:22:36.449501 3263394 ManagedContainerBase.cpp:19] ManagedContainerBase::convertFilenameToJSON : Filename : /home/zuoxy/ceph_old/data/mp3d/kEZ7cmS4wCh/kEZ7cmS4wCh.glb changed to proposed JSON configuration filename : /home/zuoxy/ceph_old/data/mp3d/kEZ7cmS4wCh/kEZ7cmS4wCh.stage_config.json
I0928 06:22:36.449508 3263394 AttributesManagerBase.h:283] AttributesManager<T>::createFromJsonOrDefaultInternal  (Stage) : Proposing JSON name : /home/zuoxy/ceph_old/data/mp3d/kEZ7cmS4wCh/kEZ7cmS4wCh.stage_config.json from original name : /home/zuoxy/ceph_old/data/mp3d/kEZ7cmS4wCh/kEZ7cmS4wCh.glb | This file  does not exist.
I0928 06:22:36.449617 3263394 AbstractObjectAttributesManagerBase.h:181] AbstractObjectAttributesManager<T>::createObject  (Stage) : Done making attributes with handle : /home/zuoxy/ceph_old/data/mp3d/kEZ7cmS4wCh/kEZ7cmS4wCh.glb
I0928 06:22:36.449621 3263394 AbstractObjectAttributesManagerBase.h:188] File (/home/zuoxy/ceph_old/data/mp3d/kEZ7cmS4wCh/kEZ7cmS4wCh.glb) exists but is not a recognized config filename extension, so new default Stage attributes created and registered.
I0928 06:22:36.450141 3263394 Simulator.cpp:156] Loading navmesh from /home/zuoxy/ceph_old/data/mp3d/kEZ7cmS4wCh/kEZ7cmS4wCh.navmesh
I0928 06:22:36.451181 3263394 Simulator.cpp:158] Loaded.
I0928 06:22:36.451191 3263394 SceneGraph.h:93] Created DrawableGroup: 
I0928 06:22:36.451201 3263394 PhysicsManager.cpp:33] Deconstructing PhysicsManager
I0928 06:22:36.451432 3263394 ResourceManager.cpp:193] ResourceManager::loadStage : Loading Semantic Stage mesh : /home/zuoxy/ceph_old/data/mp3d/kEZ7cmS4wCh/kEZ7cmS4wCh_semantic.ply
I0928 06:22:36.451437 3263394 SceneGraph.h:93] Created DrawableGroup: 
I0928 06:22:36.451440 3263394 ResourceManager.cpp:569] ResourceManager::loadStageInternal : Attempting to load stage /home/zuoxy/ceph_old/data/mp3d/kEZ7cmS4wCh/kEZ7cmS4wCh_semantic.ply 
I0928 06:22:36.557289 3263394 ResourceManager.cpp:224] ResourceManager::loadStage : Semantic Stage mesh : /home/zuoxy/ceph_old/data/mp3d/kEZ7cmS4wCh/kEZ7cmS4wCh_semantic.ply loaded.
I0928 06:22:36.557343 3263394 ResourceManager.cpp:262] ResourceManager::loadStage : start load render asset /home/zuoxy/ceph_old/data/mp3d/kEZ7cmS4wCh/kEZ7cmS4wCh.glb.
I0928 06:22:36.557345 3263394 ResourceManager.cpp:569] ResourceManager::loadStageInternal : Attempting to load stage /home/zuoxy/ceph_old/data/mp3d/kEZ7cmS4wCh/kEZ7cmS4wCh.glb 
I0928 06:22:36.565608 3263394 SemanticScene.h:41] Deconstructing SemanticScene
I0928 06:22:36.676779 3263394 simulator.py:213] Loaded navmesh /home/zuoxy/ceph_old/data/mp3d/kEZ7cmS4wCh/kEZ7cmS4wCh.navmesh
I0928 06:22:53.874336 3263394 MetadataMediator.cpp:56] MetadataMediator::setActiveSceneDatasetName : Old active dataset default changed to default successfully.
I0928 06:22:53.874366 3263394 AttributesManagerBase.h:283] AttributesManager<T>::createFromJsonOrDefaultInternal  (Physics Manager) : Proposing JSON name : ./data/default.physics_config.json from original name : ./data/default.physics_config.json | This file  does not exist.
I0928 06:22:53.874406 3263394 PhysicsAttributesManager.cpp:27] File (./data/default.physics_config.json) not found, so new default physics manager attributes created and registered.
I0928 06:22:53.874413 3263394 AbstractObjectAttributesManagerBase.h:175] AbstractObjectAttributesManager<T>::createObject  (Stage) : Making attributes with handle : /home/zuoxy/ceph_old/data/mp3d/mJXqzFtmKg4/mJXqzFtmKg4.glb
I0928 06:22:53.874421 3263394 ManagedContainerBase.cpp:19] ManagedContainerBase::convertFilenameToJSON : Filename : /home/zuoxy/ceph_old/data/mp3d/mJXqzFtmKg4/mJXqzFtmKg4.glb changed to proposed JSON configuration filename : /home/zuoxy/ceph_old/data/mp3d/mJXqzFtmKg4/mJXqzFtmKg4.stage_config.json
I0928 06:22:53.874428 3263394 AttributesManagerBase.h:283] AttributesManager<T>::createFromJsonOrDefaultInternal  (Stage) : Proposing JSON name : /home/zuoxy/ceph_old/data/mp3d/mJXqzFtmKg4/mJXqzFtmKg4.stage_config.json from original name : /home/zuoxy/ceph_old/data/mp3d/mJXqzFtmKg4/mJXqzFtmKg4.glb | This file  does not exist.
I0928 06:22:53.874531 3263394 AbstractObjectAttributesManagerBase.h:181] AbstractObjectAttributesManager<T>::createObject  (Stage) : Done making attributes with handle : /home/zuoxy/ceph_old/data/mp3d/mJXqzFtmKg4/mJXqzFtmKg4.glb
I0928 06:22:53.874536 3263394 AbstractObjectAttributesManagerBase.h:188] File (/home/zuoxy/ceph_old/data/mp3d/mJXqzFtmKg4/mJXqzFtmKg4.glb) exists but is not a recognized config filename extension, so new default Stage attributes created and registered.
I0928 06:22:53.874792 3263394 Simulator.cpp:156] Loading navmesh from /home/zuoxy/ceph_old/data/mp3d/mJXqzFtmKg4/mJXqzFtmKg4.navmesh
I0928 06:22:53.875638 3263394 Simulator.cpp:158] Loaded.
I0928 06:22:53.875646 3263394 SceneGraph.h:93] Created DrawableGroup: 
I0928 06:22:53.875653 3263394 PhysicsManager.cpp:33] Deconstructing PhysicsManager
I0928 06:22:53.875828 3263394 ResourceManager.cpp:193] ResourceManager::loadStage : Loading Semantic Stage mesh : /home/zuoxy/ceph_old/data/mp3d/mJXqzFtmKg4/mJXqzFtmKg4_semantic.ply
I0928 06:22:53.875834 3263394 SceneGraph.h:93] Created DrawableGroup: 
I0928 06:22:53.875838 3263394 ResourceManager.cpp:569] ResourceManager::loadStageInternal : Attempting to load stage /home/zuoxy/ceph_old/data/mp3d/mJXqzFtmKg4/mJXqzFtmKg4_semantic.ply 
I0928 06:22:53.972781 3263394 ResourceManager.cpp:224] ResourceManager::loadStage : Semantic Stage mesh : /home/zuoxy/ceph_old/data/mp3d/mJXqzFtmKg4/mJXqzFtmKg4_semantic.ply loaded.
I0928 06:22:53.972818 3263394 ResourceManager.cpp:262] ResourceManager::loadStage : start load render asset /home/zuoxy/ceph_old/data/mp3d/mJXqzFtmKg4/mJXqzFtmKg4.glb.
I0928 06:22:53.972821 3263394 ResourceManager.cpp:569] ResourceManager::loadStageInternal : Attempting to load stage /home/zuoxy/ceph_old/data/mp3d/mJXqzFtmKg4/mJXqzFtmKg4.glb 
I0928 06:22:53.982270 3263394 SemanticScene.h:41] Deconstructing SemanticScene
I0928 06:22:54.091478 3263394 simulator.py:213] Loaded navmesh /home/zuoxy/ceph_old/data/mp3d/mJXqzFtmKg4/mJXqzFtmKg4.navmesh
I0928 06:23:16.161846 3263394 MetadataMediator.cpp:56] MetadataMediator::setActiveSceneDatasetName : Old active dataset default changed to default successfully.
I0928 06:23:16.161880 3263394 AttributesManagerBase.h:283] AttributesManager<T>::createFromJsonOrDefaultInternal  (Physics Manager) : Proposing JSON name : ./data/default.physics_config.json from original name : ./data/default.physics_config.json | This file  does not exist.
I0928 06:23:16.161918 3263394 PhysicsAttributesManager.cpp:27] File (./data/default.physics_config.json) not found, so new default physics manager attributes created and registered.
I0928 06:23:16.161929 3263394 AbstractObjectAttributesManagerBase.h:175] AbstractObjectAttributesManager<T>::createObject  (Stage) : Making attributes with handle : /home/zuoxy/ceph_old/data/mp3d/ULsKaCPVFJR/ULsKaCPVFJR.glb
I0928 06:23:16.161936 3263394 ManagedContainerBase.cpp:19] ManagedContainerBase::convertFilenameToJSON : Filename : /home/zuoxy/ceph_old/data/mp3d/ULsKaCPVFJR/ULsKaCPVFJR.glb changed to proposed JSON configuration filename : /home/zuoxy/ceph_old/data/mp3d/ULsKaCPVFJR/ULsKaCPVFJR.stage_config.json
I0928 06:23:16.162204 3263394 AttributesManagerBase.h:283] AttributesManager<T>::createFromJsonOrDefaultInternal  (Stage) : Proposing JSON name : /home/zuoxy/ceph_old/data/mp3d/ULsKaCPVFJR/ULsKaCPVFJR.stage_config.json from original name : /home/zuoxy/ceph_old/data/mp3d/ULsKaCPVFJR/ULsKaCPVFJR.glb | This file  does not exist.
I0928 06:23:16.162801 3263394 AbstractObjectAttributesManagerBase.h:181] AbstractObjectAttributesManager<T>::createObject  (Stage) : Done making attributes with handle : /home/zuoxy/ceph_old/data/mp3d/ULsKaCPVFJR/ULsKaCPVFJR.glb
I0928 06:23:16.162806 3263394 AbstractObjectAttributesManagerBase.h:188] File (/home/zuoxy/ceph_old/data/mp3d/ULsKaCPVFJR/ULsKaCPVFJR.glb) exists but is not a recognized config filename extension, so new default Stage attributes created and registered.
I0928 06:23:16.163055 3263394 Simulator.cpp:156] Loading navmesh from /home/zuoxy/ceph_old/data/mp3d/ULsKaCPVFJR/ULsKaCPVFJR.navmesh
I0928 06:23:16.186373 3263394 Simulator.cpp:158] Loaded.
I0928 06:23:16.186384 3263394 SceneGraph.h:93] Created DrawableGroup: 
I0928 06:23:16.186391 3263394 PhysicsManager.cpp:33] Deconstructing PhysicsManager
I0928 06:23:16.186808 3263394 ResourceManager.cpp:193] ResourceManager::loadStage : Loading Semantic Stage mesh : /home/zuoxy/ceph_old/data/mp3d/ULsKaCPVFJR/ULsKaCPVFJR_semantic.ply
I0928 06:23:16.186815 3263394 SceneGraph.h:93] Created DrawableGroup: 
I0928 06:23:16.186820 3263394 ResourceManager.cpp:569] ResourceManager::loadStageInternal : Attempting to load stage /home/zuoxy/ceph_old/data/mp3d/ULsKaCPVFJR/ULsKaCPVFJR_semantic.ply 
I0928 06:23:28.495031 3263394 ResourceManager.cpp:224] ResourceManager::loadStage : Semantic Stage mesh : /home/zuoxy/ceph_old/data/mp3d/ULsKaCPVFJR/ULsKaCPVFJR_semantic.ply loaded.
I0928 06:23:28.495090 3263394 ResourceManager.cpp:262] ResourceManager::loadStage : start load render asset /home/zuoxy/ceph_old/data/mp3d/ULsKaCPVFJR/ULsKaCPVFJR.glb.
I0928 06:23:28.495095 3263394 ResourceManager.cpp:569] ResourceManager::loadStageInternal : Attempting to load stage /home/zuoxy/ceph_old/data/mp3d/ULsKaCPVFJR/ULsKaCPVFJR.glb 
I0928 06:23:28.495173 3263394 ResourceManager.cpp:1119] Importing Basis files as BC7 for ULsKaCPVFJR.glb
I0928 06:23:35.125170 3263394 SemanticScene.h:41] Deconstructing SemanticScene
I0928 06:23:35.265207 3263394 simulator.py:213] Loaded navmesh /home/zuoxy/ceph_old/data/mp3d/ULsKaCPVFJR/ULsKaCPVFJR.navmesh
I0928 06:23:54.559763 3263394 MetadataMediator.cpp:56] MetadataMediator::setActiveSceneDatasetName : Old active dataset default changed to default successfully.
I0928 06:23:54.559973 3263394 AttributesManagerBase.h:283] AttributesManager<T>::createFromJsonOrDefaultInternal  (Physics Manager) : Proposing JSON name : ./data/default.physics_config.json from original name : ./data/default.physics_config.json | This file  does not exist.
I0928 06:23:54.560029 3263394 PhysicsAttributesManager.cpp:27] File (./data/default.physics_config.json) not found, so new default physics manager attributes created and registered.
I0928 06:23:54.560039 3263394 AbstractObjectAttributesManagerBase.h:175] AbstractObjectAttributesManager<T>::createObject  (Stage) : Making attributes with handle : /home/zuoxy/ceph_old/data/mp3d/5LpN3gDmAk7/5LpN3gDmAk7.glb
I0928 06:23:54.560048 3263394 ManagedContainerBase.cpp:19] ManagedContainerBase::convertFilenameToJSON : Filename : /home/zuoxy/ceph_old/data/mp3d/5LpN3gDmAk7/5LpN3gDmAk7.glb changed to proposed JSON configuration filename : /home/zuoxy/ceph_old/data/mp3d/5LpN3gDmAk7/5LpN3gDmAk7.stage_config.json
I0928 06:23:54.560178 3263394 AttributesManagerBase.h:283] AttributesManager<T>::createFromJsonOrDefaultInternal  (Stage) : Proposing JSON name : /home/zuoxy/ceph_old/data/mp3d/5LpN3gDmAk7/5LpN3gDmAk7.stage_config.json from original name : /home/zuoxy/ceph_old/data/mp3d/5LpN3gDmAk7/5LpN3gDmAk7.glb | This file  does not exist.
I0928 06:23:54.560542 3263394 AbstractObjectAttributesManagerBase.h:181] AbstractObjectAttributesManager<T>::createObject  (Stage) : Done making attributes with handle : /home/zuoxy/ceph_old/data/mp3d/5LpN3gDmAk7/5LpN3gDmAk7.glb
I0928 06:23:54.560547 3263394 AbstractObjectAttributesManagerBase.h:188] File (/home/zuoxy/ceph_old/data/mp3d/5LpN3gDmAk7/5LpN3gDmAk7.glb) exists but is not a recognized config filename extension, so new default Stage attributes created and registered.
I0928 06:23:54.560740 3263394 Simulator.cpp:156] Loading navmesh from /home/zuoxy/ceph_old/data/mp3d/5LpN3gDmAk7/5LpN3gDmAk7.navmesh
I0928 06:23:54.562490 3263394 Simulator.cpp:158] Loaded.
I0928 06:23:54.562500 3263394 SceneGraph.h:93] Created DrawableGroup: 
I0928 06:23:54.562510 3263394 PhysicsManager.cpp:33] Deconstructing PhysicsManager
I0928 06:23:54.562994 3263394 ResourceManager.cpp:193] ResourceManager::loadStage : Loading Semantic Stage mesh : /home/zuoxy/ceph_old/data/mp3d/5LpN3gDmAk7/5LpN3gDmAk7_semantic.ply
I0928 06:23:54.563002 3263394 SceneGraph.h:93] Created DrawableGroup: 
I0928 06:23:54.563006 3263394 ResourceManager.cpp:569] ResourceManager::loadStageInternal : Attempting to load stage /home/zuoxy/ceph_old/data/mp3d/5LpN3gDmAk7/5LpN3gDmAk7_semantic.ply 
I0928 06:24:04.874758 3263394 ResourceManager.cpp:224] ResourceManager::loadStage : Semantic Stage mesh : /home/zuoxy/ceph_old/data/mp3d/5LpN3gDmAk7/5LpN3gDmAk7_semantic.ply loaded.
I0928 06:24:04.874823 3263394 ResourceManager.cpp:262] ResourceManager::loadStage : start load render asset /home/zuoxy/ceph_old/data/mp3d/5LpN3gDmAk7/5LpN3gDmAk7.glb.
I0928 06:24:04.874827 3263394 ResourceManager.cpp:569] ResourceManager::loadStageInternal : Attempting to load stage /home/zuoxy/ceph_old/data/mp3d/5LpN3gDmAk7/5LpN3gDmAk7.glb 
I0928 06:24:04.874926 3263394 ResourceManager.cpp:1119] Importing Basis files as BC7 for 5LpN3gDmAk7.glb
I0928 06:24:12.524065 3263394 SemanticScene.h:41] Deconstructing SemanticScene
I0928 06:24:12.631384 3263394 simulator.py:213] Loaded navmesh /home/zuoxy/ceph_old/data/mp3d/5LpN3gDmAk7/5LpN3gDmAk7.navmesh
I0928 06:24:24.419605 3263394 MetadataMediator.cpp:56] MetadataMediator::setActiveSceneDatasetName : Old active dataset default changed to default successfully.
I0928 06:24:24.419636 3263394 AttributesManagerBase.h:283] AttributesManager<T>::createFromJsonOrDefaultInternal  (Physics Manager) : Proposing JSON name : ./data/default.physics_config.json from original name : ./data/default.physics_config.json | This file  does not exist.
I0928 06:24:24.419679 3263394 PhysicsAttributesManager.cpp:27] File (./data/default.physics_config.json) not found, so new default physics manager attributes created and registered.
I0928 06:24:24.419687 3263394 AbstractObjectAttributesManagerBase.h:175] AbstractObjectAttributesManager<T>::createObject  (Stage) : Making attributes with handle : /home/zuoxy/ceph_old/data/mp3d/2n8kARJN3HM/2n8kARJN3HM.glb
I0928 06:24:24.419694 3263394 ManagedContainerBase.cpp:19] ManagedContainerBase::convertFilenameToJSON : Filename : /home/zuoxy/ceph_old/data/mp3d/2n8kARJN3HM/2n8kARJN3HM.glb changed to proposed JSON configuration filename : /home/zuoxy/ceph_old/data/mp3d/2n8kARJN3HM/2n8kARJN3HM.stage_config.json
I0928 06:24:24.419701 3263394 AttributesManagerBase.h:283] AttributesManager<T>::createFromJsonOrDefaultInternal  (Stage) : Proposing JSON name : /home/zuoxy/ceph_old/data/mp3d/2n8kARJN3HM/2n8kARJN3HM.stage_config.json from original name : /home/zuoxy/ceph_old/data/mp3d/2n8kARJN3HM/2n8kARJN3HM.glb | This file  does not exist.
I0928 06:24:24.419814 3263394 AbstractObjectAttributesManagerBase.h:181] AbstractObjectAttributesManager<T>::createObject  (Stage) : Done making attributes with handle : /home/zuoxy/ceph_old/data/mp3d/2n8kARJN3HM/2n8kARJN3HM.glb
I0928 06:24:24.419822 3263394 AbstractObjectAttributesManagerBase.h:188] File (/home/zuoxy/ceph_old/data/mp3d/2n8kARJN3HM/2n8kARJN3HM.glb) exists but is not a recognized config filename extension, so new default Stage attributes created and registered.
I0928 06:24:24.420045 3263394 Simulator.cpp:156] Loading navmesh from /home/zuoxy/ceph_old/data/mp3d/2n8kARJN3HM/2n8kARJN3HM.navmesh
I0928 06:24:24.421757 3263394 Simulator.cpp:158] Loaded.
I0928 06:24:24.421768 3263394 SceneGraph.h:93] Created DrawableGroup: 
I0928 06:24:24.421782 3263394 PhysicsManager.cpp:33] Deconstructing PhysicsManager
I0928 06:24:24.421960 3263394 ResourceManager.cpp:193] ResourceManager::loadStage : Loading Semantic Stage mesh : /home/zuoxy/ceph_old/data/mp3d/2n8kARJN3HM/2n8kARJN3HM_semantic.ply
I0928 06:24:24.421965 3263394 SceneGraph.h:93] Created DrawableGroup: 
I0928 06:24:24.421969 3263394 ResourceManager.cpp:569] ResourceManager::loadStageInternal : Attempting to load stage /home/zuoxy/ceph_old/data/mp3d/2n8kARJN3HM/2n8kARJN3HM_semantic.ply 
I0928 06:24:44.106737 3263394 ResourceManager.cpp:224] ResourceManager::loadStage : Semantic Stage mesh : /home/zuoxy/ceph_old/data/mp3d/2n8kARJN3HM/2n8kARJN3HM_semantic.ply loaded.
I0928 06:24:44.106808 3263394 ResourceManager.cpp:262] ResourceManager::loadStage : start load render asset /home/zuoxy/ceph_old/data/mp3d/2n8kARJN3HM/2n8kARJN3HM.glb.
I0928 06:24:44.106812 3263394 ResourceManager.cpp:569] ResourceManager::loadStageInternal : Attempting to load stage /home/zuoxy/ceph_old/data/mp3d/2n8kARJN3HM/2n8kARJN3HM.glb 
I0928 06:24:44.106900 3263394 ResourceManager.cpp:1119] Importing Basis files as BC7 for 2n8kARJN3HM.glb
I0928 06:24:56.754770 3263394 SemanticScene.h:41] Deconstructing SemanticScene
I0928 06:24:56.890644 3263394 simulator.py:213] Loaded navmesh /home/zuoxy/ceph_old/data/mp3d/2n8kARJN3HM/2n8kARJN3HM.navmesh
I0928 06:25:49.734050 3263394 MetadataMediator.cpp:56] MetadataMediator::setActiveSceneDatasetName : Old active dataset default changed to default successfully.
I0928 06:25:49.734534 3263394 AttributesManagerBase.h:283] AttributesManager<T>::createFromJsonOrDefaultInternal  (Physics Manager) : Proposing JSON name : ./data/default.physics_config.json from original name : ./data/default.physics_config.json | This file  does not exist.
I0928 06:25:49.734607 3263394 PhysicsAttributesManager.cpp:27] File (./data/default.physics_config.json) not found, so new default physics manager attributes created and registered.
I0928 06:25:49.734618 3263394 AbstractObjectAttributesManagerBase.h:175] AbstractObjectAttributesManager<T>::createObject  (Stage) : Making attributes with handle : /home/zuoxy/ceph_old/data/mp3d/VzqfbhrpDEA/VzqfbhrpDEA.glb
I0928 06:25:49.734628 3263394 ManagedContainerBase.cpp:19] ManagedContainerBase::convertFilenameToJSON : Filename : /home/zuoxy/ceph_old/data/mp3d/VzqfbhrpDEA/VzqfbhrpDEA.glb changed to proposed JSON configuration filename : /home/zuoxy/ceph_old/data/mp3d/VzqfbhrpDEA/VzqfbhrpDEA.stage_config.json
I0928 06:25:49.734637 3263394 AttributesManagerBase.h:283] AttributesManager<T>::createFromJsonOrDefaultInternal  (Stage) : Proposing JSON name : /home/zuoxy/ceph_old/data/mp3d/VzqfbhrpDEA/VzqfbhrpDEA.stage_config.json from original name : /home/zuoxy/ceph_old/data/mp3d/VzqfbhrpDEA/VzqfbhrpDEA.glb | This file  does not exist.
I0928 06:25:49.734766 3263394 AbstractObjectAttributesManagerBase.h:181] AbstractObjectAttributesManager<T>::createObject  (Stage) : Done making attributes with handle : /home/zuoxy/ceph_old/data/mp3d/VzqfbhrpDEA/VzqfbhrpDEA.glb
I0928 06:25:49.734771 3263394 AbstractObjectAttributesManagerBase.h:188] File (/home/zuoxy/ceph_old/data/mp3d/VzqfbhrpDEA/VzqfbhrpDEA.glb) exists but is not a recognized config filename extension, so new default Stage attributes created and registered.
I0928 06:25:49.735306 3263394 Simulator.cpp:156] Loading navmesh from /home/zuoxy/ceph_old/data/mp3d/VzqfbhrpDEA/VzqfbhrpDEA.navmesh
I0928 06:25:49.737836 3263394 Simulator.cpp:158] Loaded.
I0928 06:25:49.737859 3263394 SceneGraph.h:93] Created DrawableGroup: 
I0928 06:25:49.737869 3263394 PhysicsManager.cpp:33] Deconstructing PhysicsManager
I0928 06:25:49.738229 3263394 ResourceManager.cpp:193] ResourceManager::loadStage : Loading Semantic Stage mesh : /home/zuoxy/ceph_old/data/mp3d/VzqfbhrpDEA/VzqfbhrpDEA_semantic.ply
I0928 06:25:49.738236 3263394 SceneGraph.h:93] Created DrawableGroup: 
I0928 06:25:49.738240 3263394 ResourceManager.cpp:569] ResourceManager::loadStageInternal : Attempting to load stage /home/zuoxy/ceph_old/data/mp3d/VzqfbhrpDEA/VzqfbhrpDEA_semantic.ply 
I0928 06:26:22.400595 3263394 ResourceManager.cpp:224] ResourceManager::loadStage : Semantic Stage mesh : /home/zuoxy/ceph_old/data/mp3d/VzqfbhrpDEA/VzqfbhrpDEA_semantic.ply loaded.
I0928 06:26:22.400671 3263394 ResourceManager.cpp:262] ResourceManager::loadStage : start load render asset /home/zuoxy/ceph_old/data/mp3d/VzqfbhrpDEA/VzqfbhrpDEA.glb.
I0928 06:26:22.400676 3263394 ResourceManager.cpp:569] ResourceManager::loadStageInternal : Attempting to load stage /home/zuoxy/ceph_old/data/mp3d/VzqfbhrpDEA/VzqfbhrpDEA.glb 
I0928 06:26:22.401453 3263394 ResourceManager.cpp:1119] Importing Basis files as BC7 for VzqfbhrpDEA.glb
I0928 06:26:56.591748 3263394 SemanticScene.h:41] Deconstructing SemanticScene
I0928 06:26:56.845258 3263394 simulator.py:213] Loaded navmesh /home/zuoxy/ceph_old/data/mp3d/VzqfbhrpDEA/VzqfbhrpDEA.navmesh
I0928 06:27:56.264729 3263394 MetadataMediator.cpp:56] MetadataMediator::setActiveSceneDatasetName : Old active dataset default changed to default successfully.
I0928 06:27:56.264879 3263394 AttributesManagerBase.h:283] AttributesManager<T>::createFromJsonOrDefaultInternal  (Physics Manager) : Proposing JSON name : ./data/default.physics_config.json from original name : ./data/default.physics_config.json | This file  does not exist.
I0928 06:27:56.264941 3263394 PhysicsAttributesManager.cpp:27] File (./data/default.physics_config.json) not found, so new default physics manager attributes created and registered.
I0928 06:27:56.264953 3263394 AbstractObjectAttributesManagerBase.h:175] AbstractObjectAttributesManager<T>::createObject  (Stage) : Making attributes with handle : /home/zuoxy/ceph_old/data/mp3d/sT4fr6TAbpF/sT4fr6TAbpF.glb
I0928 06:27:56.264961 3263394 ManagedContainerBase.cpp:19] ManagedContainerBase::convertFilenameToJSON : Filename : /home/zuoxy/ceph_old/data/mp3d/sT4fr6TAbpF/sT4fr6TAbpF.glb changed to proposed JSON configuration filename : /home/zuoxy/ceph_old/data/mp3d/sT4fr6TAbpF/sT4fr6TAbpF.stage_config.json
I0928 06:27:56.265069 3263394 AttributesManagerBase.h:283] AttributesManager<T>::createFromJsonOrDefaultInternal  (Stage) : Proposing JSON name : /home/zuoxy/ceph_old/data/mp3d/sT4fr6TAbpF/sT4fr6TAbpF.stage_config.json from original name : /home/zuoxy/ceph_old/data/mp3d/sT4fr6TAbpF/sT4fr6TAbpF.glb | This file  does not exist.
I0928 06:27:56.265412 3263394 AbstractObjectAttributesManagerBase.h:181] AbstractObjectAttributesManager<T>::createObject  (Stage) : Done making attributes with handle : /home/zuoxy/ceph_old/data/mp3d/sT4fr6TAbpF/sT4fr6TAbpF.glb
I0928 06:27:56.265417 3263394 AbstractObjectAttributesManagerBase.h:188] File (/home/zuoxy/ceph_old/data/mp3d/sT4fr6TAbpF/sT4fr6TAbpF.glb) exists but is not a recognized config filename extension, so new default Stage attributes created and registered.
I0928 06:27:56.266232 3263394 Simulator.cpp:156] Loading navmesh from /home/zuoxy/ceph_old/data/mp3d/sT4fr6TAbpF/sT4fr6TAbpF.navmesh
I0928 06:27:56.289924 3263394 Simulator.cpp:158] Loaded.
I0928 06:27:56.289937 3263394 SceneGraph.h:93] Created DrawableGroup: 
I0928 06:27:56.289948 3263394 PhysicsManager.cpp:33] Deconstructing PhysicsManager
I0928 06:27:56.290510 3263394 ResourceManager.cpp:193] ResourceManager::loadStage : Loading Semantic Stage mesh : /home/zuoxy/ceph_old/data/mp3d/sT4fr6TAbpF/sT4fr6TAbpF_semantic.ply
I0928 06:27:56.290517 3263394 SceneGraph.h:93] Created DrawableGroup: 
I0928 06:27:56.290521 3263394 ResourceManager.cpp:569] ResourceManager::loadStageInternal : Attempting to load stage /home/zuoxy/ceph_old/data/mp3d/sT4fr6TAbpF/sT4fr6TAbpF_semantic.ply 
I0928 06:28:11.981591 3263394 ResourceManager.cpp:224] ResourceManager::loadStage : Semantic Stage mesh : /home/zuoxy/ceph_old/data/mp3d/sT4fr6TAbpF/sT4fr6TAbpF_semantic.ply loaded.
I0928 06:28:11.981649 3263394 ResourceManager.cpp:262] ResourceManager::loadStage : start load render asset /home/zuoxy/ceph_old/data/mp3d/sT4fr6TAbpF/sT4fr6TAbpF.glb.
I0928 06:28:11.981653 3263394 ResourceManager.cpp:569] ResourceManager::loadStageInternal : Attempting to load stage /home/zuoxy/ceph_old/data/mp3d/sT4fr6TAbpF/sT4fr6TAbpF.glb 
I0928 06:28:11.981741 3263394 ResourceManager.cpp:1119] Importing Basis files as BC7 for sT4fr6TAbpF.glb
/var/spool/slurm/d/job124861/slurm_script: line 15: 3263394 Killed                  python frame_extract.py --job_idx "$SLURM_ARRAY_TASK_ID" --num_job_splits 10
slurmstepd: error: Detected 1 oom-kill event(s) in StepId=124861.batch. Some of your processes may have been killed by the cgroup out-of-memory handler.
