WARNING: Logging before InitGoogleLogging() is written to STDERR
I0918 14:21:28.627980 4098053 ManagedContainerBase.cpp:19] ManagedContainerBase::convertFilenameToJSON : Filename : default changed to proposed JSON configuration filename : default.scene_dataset_config.json
I0918 14:21:28.677739 4098053 AttributesManagerBase.h:283] AttributesManager<T>::createFromJsonOrDefaultInternal  (Dataset) : Proposing JSON name : default.scene_dataset_config.json from original name : default | This file  does not exist.
I0918 14:21:28.701418 4098053 AssetAttributesManager.cpp:117] Asset attributes (capsule3DSolid : capsule3DSolid_hemiRings_4_cylRings_1_segments_12_halfLen_0.75_useTexCoords_false_useTangents_false) created and registered.
I0918 14:21:28.701622 4098053 AssetAttributesManager.cpp:117] Asset attributes (capsule3DWireframe : capsule3DWireframe_hemiRings_8_cylRings_1_segments_16_halfLen_1) created and registered.
I0918 14:21:28.701674 4098053 AssetAttributesManager.cpp:117] Asset attributes (coneSolid : coneSolid_segments_12_halfLen_1.25_rings_1_useTexCoords_false_useTangents_false_capEnd_true) created and registered.
I0918 14:21:28.701697 4098053 AssetAttributesManager.cpp:117] Asset attributes (coneWireframe : coneWireframe_segments_32_halfLen_1.25) created and registered.
I0918 14:21:28.701709 4098053 AssetAttributesManager.cpp:117] Asset attributes (cubeSolid : cubeSolid) created and registered.
I0918 14:21:28.701719 4098053 AssetAttributesManager.cpp:117] Asset attributes (cubeWireframe : cubeWireframe) created and registered.
I0918 14:21:28.701750 4098053 AssetAttributesManager.cpp:117] Asset attributes (cylinderSolid : cylinderSolid_rings_1_segments_12_halfLen_1_useTexCoords_false_useTangents_false_capEnds_true) created and registered.
I0918 14:21:28.701774 4098053 AssetAttributesManager.cpp:117] Asset attributes (cylinderWireframe : cylinderWireframe_rings_1_segments_32_halfLen_1) created and registered.
I0918 14:21:28.701788 4098053 AssetAttributesManager.cpp:117] Asset attributes (icosphereSolid : icosphereSolid_subdivs_1) created and registered.
I0918 14:21:28.701802 4098053 AssetAttributesManager.cpp:117] Asset attributes (icosphereWireframe : icosphereWireframe_subdivs_1) created and registered.
I0918 14:21:28.701819 4098053 AssetAttributesManager.cpp:117] Asset attributes (uvSphereSolid : uvSphereSolid_rings_8_segments_16_useTexCoords_false_useTangents_false) created and registered.
I0918 14:21:28.701836 4098053 AssetAttributesManager.cpp:117] Asset attributes (uvSphereWireframe : uvSphereWireframe_rings_16_segments_32) created and registered.
I0918 14:21:28.701843 4098053 AssetAttributesManager.cpp:105] AssetAttributesManager::buildCtorFuncPtrMaps : Built default primitive asset templates : 12
I0918 14:21:28.776261 4098053 SceneDatasetAttributesManager.cpp:23] File (default) not found, so new default dataset attributes created and registered.
I0918 14:21:28.776296 4098053 MetadataMediator.cpp:47] MetadataMediator::createDataset : Dataset default successfully created.
I0918 14:21:28.879531 4098053 AttributesManagerBase.h:283] AttributesManager<T>::createFromJsonOrDefaultInternal  (Physics Manager) : Proposing JSON name : ./data/default.physics_config.json from original name : ./data/default.physics_config.json | This file  does not exist.
I0918 14:21:28.879655 4098053 PhysicsAttributesManager.cpp:27] File (./data/default.physics_config.json) not found, so new default physics manager attributes created and registered.
I0918 14:21:28.890463 4098053 AbstractObjectAttributesManagerBase.h:175] AbstractObjectAttributesManager<T>::createObject  (Stage) : Making attributes with handle : NONE
I0918 14:21:28.890517 4098053 ManagedContainerBase.cpp:19] ManagedContainerBase::convertFilenameToJSON : Filename : NONE changed to proposed JSON configuration filename : NONE.stage_config.json
I0918 14:21:28.897995 4098053 AttributesManagerBase.h:283] AttributesManager<T>::createFromJsonOrDefaultInternal  (Stage) : Proposing JSON name : NONE.stage_config.json from original name : NONE | This file  does not exist.
I0918 14:21:28.904435 4098053 AbstractObjectAttributesManagerBase.h:181] AbstractObjectAttributesManager<T>::createObject  (Stage) : Done making attributes with handle : NONE
I0918 14:21:28.904485 4098053 AbstractObjectAttributesManagerBase.h:188] File (NONE) not found, so new default Stage attributes created and registered.
W0918 14:21:28.924950 4098053 Simulator.cpp:160] Navmesh file not found, checked at 
I0918 14:21:28.938794 4098053 SceneGraph.h:93] Created DrawableGroup: 
Renderer: NVIDIA GeForce RTX 2080 Ti/PCIe/SSE2 by NVIDIA Corporation
OpenGL version: 4.6.0 NVIDIA 525.60.13
Using optional features:
    GL_ARB_ES2_compatibility
    GL_ARB_direct_state_access
    GL_ARB_get_texture_sub_image
    GL_ARB_invalidate_subdata
    GL_ARB_multi_bind
    GL_ARB_robustness
    GL_ARB_separate_shader_objects
    GL_ARB_texture_filter_anisotropic
    GL_ARB_texture_storage
    GL_ARB_texture_storage_multisample
    GL_ARB_vertex_array_object
    GL_KHR_debug
Using driver workarounds:
    no-forward-compatible-core-context
    nv-egl-incorrect-gl11-function-pointers
    no-layout-qualifiers-on-old-glsl
    nv-zero-context-profile-mask
    nv-implementation-color-read-format-dsa-broken
    nv-cubemap-inconsistent-compressed-image-size
    nv-cubemap-broken-full-compressed-image-query
    nv-compressed-block-size-in-bits
W0918 14:21:29.542708 4098053 ResourceManager.cpp:228] ResourceManager::loadStage : Not loading semantic mesh - File Name : NONE_semantic.ply does not exist.
I0918 14:21:29.543355 4098053 ResourceManager.cpp:262] ResourceManager::loadStage : start load render asset NONE.
I0918 14:21:29.543359 4098053 ResourceManager.cpp:569] ResourceManager::loadStageInternal : Attempting to load stage NONE 
I0918 14:21:29.543361 4098053 ResourceManager.cpp:607] ResourceManager::loadStageInternal : Loading empty scene for NONE
W0918 14:21:29.555626 4098053 simulator.py:215] Could not find navmesh NONE.navmesh, no collision checking will be done
I0918 14:21:30.530658 4098053 MetadataMediator.cpp:56] MetadataMediator::setActiveSceneDatasetName : Old active dataset default changed to default successfully.
I0918 14:21:30.530725 4098053 AttributesManagerBase.h:283] AttributesManager<T>::createFromJsonOrDefaultInternal  (Physics Manager) : Proposing JSON name : ./data/default.physics_config.json from original name : ./data/default.physics_config.json | This file  does not exist.
I0918 14:21:30.530802 4098053 PhysicsAttributesManager.cpp:27] File (./data/default.physics_config.json) not found, so new default physics manager attributes created and registered.
I0918 14:21:30.530815 4098053 AbstractObjectAttributesManagerBase.h:175] AbstractObjectAttributesManager<T>::createObject  (Stage) : Making attributes with handle : /home/zuoxy/ceph_old/data/mp3d/8WUmhLawc2A/8WUmhLawc2A.glb
I0918 14:21:30.530833 4098053 ManagedContainerBase.cpp:19] ManagedContainerBase::convertFilenameToJSON : Filename : /home/zuoxy/ceph_old/data/mp3d/8WUmhLawc2A/8WUmhLawc2A.glb changed to proposed JSON configuration filename : /home/zuoxy/ceph_old/data/mp3d/8WUmhLawc2A/8WUmhLawc2A.stage_config.json
I0918 14:21:30.579706 4098053 AttributesManagerBase.h:283] AttributesManager<T>::createFromJsonOrDefaultInternal  (Stage) : Proposing JSON name : /home/zuoxy/ceph_old/data/mp3d/8WUmhLawc2A/8WUmhLawc2A.stage_config.json from original name : /home/zuoxy/ceph_old/data/mp3d/8WUmhLawc2A/8WUmhLawc2A.glb | This file  does not exist.
I0918 14:21:30.600432 4098053 AbstractObjectAttributesManagerBase.h:181] AbstractObjectAttributesManager<T>::createObject  (Stage) : Done making attributes with handle : /home/zuoxy/ceph_old/data/mp3d/8WUmhLawc2A/8WUmhLawc2A.glb
I0918 14:21:30.600469 4098053 AbstractObjectAttributesManagerBase.h:188] File (/home/zuoxy/ceph_old/data/mp3d/8WUmhLawc2A/8WUmhLawc2A.glb) exists but is not a recognized config filename extension, so new default Stage attributes created and registered.
I0918 14:21:30.600637 4098053 Simulator.cpp:156] Loading navmesh from /home/zuoxy/ceph_old/data/mp3d/8WUmhLawc2A/8WUmhLawc2A.navmesh
I0918 14:21:30.633826 4098053 Simulator.cpp:158] Loaded.
I0918 14:21:30.633870 4098053 SceneGraph.h:93] Created DrawableGroup: 
I0918 14:21:30.633894 4098053 PhysicsManager.cpp:33] Deconstructing PhysicsManager
I0918 14:21:30.641638 4098053 ResourceManager.cpp:193] ResourceManager::loadStage : Loading Semantic Stage mesh : /home/zuoxy/ceph_old/data/mp3d/8WUmhLawc2A/8WUmhLawc2A_semantic.ply
I0918 14:21:30.641669 4098053 SceneGraph.h:93] Created DrawableGroup: 
I0918 14:21:30.641680 4098053 ResourceManager.cpp:569] ResourceManager::loadStageInternal : Attempting to load stage /home/zuoxy/ceph_old/data/mp3d/8WUmhLawc2A/8WUmhLawc2A_semantic.ply 
I0918 14:21:45.820497 4098053 ResourceManager.cpp:224] ResourceManager::loadStage : Semantic Stage mesh : /home/zuoxy/ceph_old/data/mp3d/8WUmhLawc2A/8WUmhLawc2A_semantic.ply loaded.
I0918 14:21:45.820670 4098053 ResourceManager.cpp:262] ResourceManager::loadStage : start load render asset /home/zuoxy/ceph_old/data/mp3d/8WUmhLawc2A/8WUmhLawc2A.glb.
I0918 14:21:45.820675 4098053 ResourceManager.cpp:569] ResourceManager::loadStageInternal : Attempting to load stage /home/zuoxy/ceph_old/data/mp3d/8WUmhLawc2A/8WUmhLawc2A.glb 
I0918 14:21:45.820713 4098053 ResourceManager.cpp:1119] Importing Basis files as BC7 for 8WUmhLawc2A.glb
I0918 14:21:57.259402 4098053 SemanticScene.h:41] Deconstructing SemanticScene
I0918 14:21:57.414112 4098053 simulator.py:213] Loaded navmesh /home/zuoxy/ceph_old/data/mp3d/8WUmhLawc2A/8WUmhLawc2A.navmesh
I0918 15:35:24.695072 4098053 ManagedContainerBase.cpp:19] ManagedContainerBase::convertFilenameToJSON : Filename : default changed to proposed JSON configuration filename : default.scene_dataset_config.json
I0918 15:35:24.707147 4098053 AttributesManagerBase.h:283] AttributesManager<T>::createFromJsonOrDefaultInternal  (Dataset) : Proposing JSON name : default.scene_dataset_config.json from original name : default | This file  does not exist.
I0918 15:35:24.707383 4098053 AssetAttributesManager.cpp:117] Asset attributes (capsule3DSolid : capsule3DSolid_hemiRings_4_cylRings_1_segments_12_halfLen_0.75_useTexCoords_false_useTangents_false) created and registered.
I0918 15:35:24.707509 4098053 AssetAttributesManager.cpp:117] Asset attributes (capsule3DWireframe : capsule3DWireframe_hemiRings_8_cylRings_1_segments_16_halfLen_1) created and registered.
I0918 15:35:24.707619 4098053 AssetAttributesManager.cpp:117] Asset attributes (coneSolid : coneSolid_segments_12_halfLen_1.25_rings_1_useTexCoords_false_useTangents_false_capEnd_true) created and registered.
I0918 15:35:24.707691 4098053 AssetAttributesManager.cpp:117] Asset attributes (coneWireframe : coneWireframe_segments_32_halfLen_1.25) created and registered.
I0918 15:35:24.707728 4098053 AssetAttributesManager.cpp:117] Asset attributes (cubeSolid : cubeSolid) created and registered.
I0918 15:35:24.707754 4098053 AssetAttributesManager.cpp:117] Asset attributes (cubeWireframe : cubeWireframe) created and registered.
I0918 15:35:24.707847 4098053 AssetAttributesManager.cpp:117] Asset attributes (cylinderSolid : cylinderSolid_rings_1_segments_12_halfLen_1_useTexCoords_false_useTangents_false_capEnds_true) created and registered.
I0918 15:35:24.707927 4098053 AssetAttributesManager.cpp:117] Asset attributes (cylinderWireframe : cylinderWireframe_rings_1_segments_32_halfLen_1) created and registered.
I0918 15:35:24.707969 4098053 AssetAttributesManager.cpp:117] Asset attributes (icosphereSolid : icosphereSolid_subdivs_1) created and registered.
I0918 15:35:24.708007 4098053 AssetAttributesManager.cpp:117] Asset attributes (icosphereWireframe : icosphereWireframe_subdivs_1) created and registered.
I0918 15:35:24.708061 4098053 AssetAttributesManager.cpp:117] Asset attributes (uvSphereSolid : uvSphereSolid_rings_8_segments_16_useTexCoords_false_useTangents_false) created and registered.
I0918 15:35:24.708115 4098053 AssetAttributesManager.cpp:117] Asset attributes (uvSphereWireframe : uvSphereWireframe_rings_16_segments_32) created and registered.
I0918 15:35:24.708137 4098053 AssetAttributesManager.cpp:105] AssetAttributesManager::buildCtorFuncPtrMaps : Built default primitive asset templates : 12
I0918 15:35:24.710078 4098053 SceneDatasetAttributesManager.cpp:23] File (default) not found, so new default dataset attributes created and registered.
I0918 15:35:24.710096 4098053 MetadataMediator.cpp:47] MetadataMediator::createDataset : Dataset default successfully created.
I0918 15:35:24.727689 4098053 AttributesManagerBase.h:283] AttributesManager<T>::createFromJsonOrDefaultInternal  (Physics Manager) : Proposing JSON name : ./data/default.physics_config.json from original name : ./data/default.physics_config.json | This file  does not exist.
I0918 15:35:24.727780 4098053 PhysicsAttributesManager.cpp:27] File (./data/default.physics_config.json) not found, so new default physics manager attributes created and registered.
I0918 15:35:24.727797 4098053 AbstractObjectAttributesManagerBase.h:175] AbstractObjectAttributesManager<T>::createObject  (Stage) : Making attributes with handle : NONE
I0918 15:35:24.727809 4098053 ManagedContainerBase.cpp:19] ManagedContainerBase::convertFilenameToJSON : Filename : NONE changed to proposed JSON configuration filename : NONE.stage_config.json
I0918 15:35:24.727821 4098053 AttributesManagerBase.h:283] AttributesManager<T>::createFromJsonOrDefaultInternal  (Stage) : Proposing JSON name : NONE.stage_config.json from original name : NONE | This file  does not exist.
I0918 15:35:24.728036 4098053 AbstractObjectAttributesManagerBase.h:181] AbstractObjectAttributesManager<T>::createObject  (Stage) : Done making attributes with handle : NONE
I0918 15:35:24.728046 4098053 AbstractObjectAttributesManagerBase.h:188] File (NONE) not found, so new default Stage attributes created and registered.
W0918 15:35:24.728067 4098053 Simulator.cpp:160] Navmesh file not found, checked at 
I0918 15:35:24.728092 4098053 SceneGraph.h:93] Created DrawableGroup: 
W0918 15:35:24.728605 4098053 ResourceManager.cpp:228] ResourceManager::loadStage : Not loading semantic mesh - File Name : NONE_semantic.ply does not exist.
I0918 15:35:24.728623 4098053 ResourceManager.cpp:262] ResourceManager::loadStage : start load render asset NONE.
I0918 15:35:24.728631 4098053 ResourceManager.cpp:569] ResourceManager::loadStageInternal : Attempting to load stage NONE 
I0918 15:35:24.728638 4098053 ResourceManager.cpp:607] ResourceManager::loadStageInternal : Loading empty scene for NONE
W0918 15:35:24.728965 4098053 simulator.py:215] Could not find navmesh NONE.navmesh, no collision checking will be done
Simulator::gpuDevice: no OpenGL context.
/var/spool/slurm/d/job119938/slurm_script: line 10: 4098053 Aborted                 (core dumped) python frame_extraction.py
